2024-07-07 17:03:48.835 [info] Log level: Info
2024-07-07 17:03:48.835 [info] Validating found git in: "git"
2024-07-07 17:03:48.835 [info] Using git "2.34.1" from "git"
2024-07-07 17:03:48.835 [info] > git rev-parse --show-toplevel [8ms]
2024-07-07 17:03:48.835 [info] fatal: not a git repository (or any of the parent directories): .git
2024-07-07 17:03:48.835 [info] > git rev-parse --show-toplevel [6ms]
2024-07-07 17:03:48.835 [info] > git rev-parse --git-dir --git-common-dir [16ms]
2024-07-07 17:03:48.835 [info] Open repository: /root/devcamp/new_app
2024-07-07 17:03:48.835 [info] > git config --get commit.template [51ms]
2024-07-07 17:03:48.835 [info] > git for-each-ref --format=%(refname)%00%(upstream:short)%00%(objectname)%00%(upstream:track)%00%(upstream:remotename)%00%(upstream:remoteref) refs/heads/gem_creation refs/remotes/gem_creation [20ms]
2024-07-07 17:03:48.835 [info] > git status -z -uall [26ms]
2024-07-07 17:03:48.846 [info] > git for-each-ref --format=%(refname)%00%(upstream:short)%00%(objectname)%00%(upstream:track)%00%(upstream:remotename)%00%(upstream:remoteref) refs/heads/gem_creation refs/remotes/gem_creation [52ms]
2024-07-07 17:03:48.898 [info] > git config --local branch.gem_creation.vscode-merge-base [42ms]
2024-07-07 17:03:48.924 [info] > git config --get commit.template [80ms]
2024-07-07 17:03:49.172 [info] > git for-each-ref --format=%(refname)%00%(upstream:short)%00%(objectname)%00%(upstream:track)%00%(upstream:remotename)%00%(upstream:remoteref) refs/heads/origin/main refs/remotes/origin/main [250ms]
2024-07-07 17:03:49.314 [info] > git for-each-ref --format=%(refname)%00%(upstream:short)%00%(objectname)%00%(upstream:track)%00%(upstream:remotename)%00%(upstream:remoteref) refs/heads/gem_creation refs/remotes/gem_creation [56ms]
2024-07-07 17:03:49.356 [info] > git status -z -uall [32ms]
2024-07-07 17:03:49.485 [info] > git for-each-ref --format=%(refname)%00%(upstream:short)%00%(objectname)%00%(upstream:track)%00%(upstream:remotename)%00%(upstream:remoteref) refs/heads/gem_creation refs/remotes/gem_creation [77ms]
2024-07-07 17:03:49.659 [info] > git check-ignore -v -z --stdin [182ms]
2024-07-07 17:03:49.663 [info] > git config --local branch.gem_creation.vscode-merge-base [148ms]
2024-07-07 17:03:49.697 [info] > git for-each-ref --format=%(refname)%00%(upstream:short)%00%(objectname)%00%(upstream:track)%00%(upstream:remotename)%00%(upstream:remoteref) refs/heads/origin/main refs/remotes/origin/main [19ms]
2024-07-07 17:03:49.903 [info] > git rev-parse --show-toplevel [18ms]
2024-07-07 17:03:49.903 [info] fatal: not a git repository (or any of the parent directories): .git
2024-07-07 17:03:50.481 [info] > git rev-parse --show-toplevel [5ms]
2024-07-07 17:03:50.481 [info] fatal: not a git repository (or any of the parent directories): .git
2024-07-07 17:03:50.654 [info] > git show --textconv :app/models/blog.rb [22ms]
2024-07-07 17:03:50.661 [info] > git ls-files --stage -- /root/devcamp/new_app/app/models/blog.rb [8ms]
2024-07-07 17:03:50.725 [info] > git cat-file -s 7219d51a2c71a7fe505ff8468437ad26ec3e7aa4 [55ms]
2024-07-07 17:03:51.082 [info] > git rev-parse --show-toplevel [9ms]
2024-07-07 17:03:51.082 [info] fatal: not a git repository (or any of the parent directories): .git
2024-07-07 17:03:53.012 [info] > git config --get commit.template [5ms]
2024-07-07 17:03:53.013 [info] > git for-each-ref --format=%(refname)%00%(upstream:short)%00%(objectname)%00%(upstream:track)%00%(upstream:remotename)%00%(upstream:remoteref) refs/heads/gem_creation refs/remotes/gem_creation [2ms]
2024-07-07 17:03:53.026 [info] > git status -z -uall [6ms]
2024-07-07 17:03:53.053 [info] > git for-each-ref --format=%(refname)%00%(upstream:short)%00%(objectname)%00%(upstream:track)%00%(upstream:remotename)%00%(upstream:remoteref) refs/heads/gem_creation refs/remotes/gem_creation [16ms]
2024-07-07 17:03:53.068 [info] > git config --local branch.gem_creation.vscode-merge-base [7ms]
2024-07-07 17:03:53.074 [info] > git for-each-ref --format=%(refname)%00%(upstream:short)%00%(objectname)%00%(upstream:track)%00%(upstream:remotename)%00%(upstream:remoteref) refs/heads/origin/main refs/remotes/origin/main [2ms]
2024-07-07 17:03:58.078 [info] > git config --get commit.template [9ms]
2024-07-07 17:03:58.081 [info] > git for-each-ref --format=%(refname)%00%(upstream:short)%00%(objectname)%00%(upstream:track)%00%(upstream:remotename)%00%(upstream:remoteref) refs/heads/gem_creation refs/remotes/gem_creation [3ms]
2024-07-07 17:03:58.114 [info] > git status -z -uall [9ms]
2024-07-07 17:03:58.133 [info] > git for-each-ref --format=%(refname)%00%(upstream:short)%00%(objectname)%00%(upstream:track)%00%(upstream:remotename)%00%(upstream:remoteref) refs/heads/gem_creation refs/remotes/gem_creation [13ms]
2024-07-07 17:03:58.142 [info] > git config --local branch.gem_creation.vscode-merge-base [3ms]
2024-07-07 17:03:58.156 [info] > git for-each-ref --format=%(refname)%00%(upstream:short)%00%(objectname)%00%(upstream:track)%00%(upstream:remotename)%00%(upstream:remoteref) refs/heads/origin/main refs/remotes/origin/main [2ms]
2024-07-07 17:03:59.124 [info] > git check-ignore -v -z --stdin [3ms]
2024-07-07 17:04:01.338 [info] > git show --textconv :app/models/campaign.rb [6ms]
2024-07-07 17:04:01.341 [info] > git ls-files --stage -- /root/devcamp/new_app/app/models/campaign.rb [4ms]
2024-07-07 17:04:01.347 [info] > git cat-file -s 69ab7c811add6cdd1ac3da36b6e1d6d2f7961617 [3ms]
2024-07-07 17:04:02.385 [info] > git check-ignore -v -z --stdin [2ms]
2024-07-07 17:04:03.802 [info] > git show --textconv :app/models/blog.rb [6ms]
2024-07-07 17:04:03.806 [info] > git ls-files --stage -- /root/devcamp/new_app/app/models/blog.rb [5ms]
2024-07-07 17:04:03.812 [info] > git cat-file -s 7219d51a2c71a7fe505ff8468437ad26ec3e7aa4 [3ms]
2024-07-07 17:04:04.977 [info] > git show --textconv :app/models/application_record.rb [6ms]
2024-07-07 17:04:04.981 [info] > git ls-files --stage -- /root/devcamp/new_app/app/models/application_record.rb [5ms]
2024-07-07 17:04:04.989 [info] > git cat-file -s b63caeb8a5c4a21feec3ea870c4e4a52b89a8fa5 [2ms]
2024-07-07 17:04:05.452 [info] > git show --textconv :app/models/campaign.rb [5ms]
2024-07-07 17:04:05.453 [info] > git ls-files --stage -- /root/devcamp/new_app/app/models/campaign.rb [2ms]
2024-07-07 17:04:05.458 [info] > git cat-file -s 69ab7c811add6cdd1ac3da36b6e1d6d2f7961617 [3ms]
2024-07-07 17:04:05.972 [info] > git show --textconv :app/models/blog.rb [9ms]
2024-07-07 17:04:05.974 [info] > git ls-files --stage -- /root/devcamp/new_app/app/models/blog.rb [5ms]
2024-07-07 17:04:05.991 [info] > git cat-file -s 7219d51a2c71a7fe505ff8468437ad26ec3e7aa4 [2ms]
2024-07-07 17:04:06.773 [info] > git show --textconv :app/models/application_record.rb [13ms]
2024-07-07 17:04:06.777 [info] > git ls-files --stage -- /root/devcamp/new_app/app/models/application_record.rb [6ms]
2024-07-07 17:04:06.793 [info] > git cat-file -s b63caeb8a5c4a21feec3ea870c4e4a52b89a8fa5 [8ms]
2024-07-07 17:04:06.796 [info] > git config --get commit.template [4ms]
2024-07-07 17:04:06.807 [info] > git for-each-ref --format=%(refname)%00%(upstream:short)%00%(objectname)%00%(upstream:track)%00%(upstream:remotename)%00%(upstream:remoteref) refs/heads/gem_creation refs/remotes/gem_creation [4ms]
2024-07-07 17:04:06.817 [info] > git status -z -uall [5ms]
2024-07-07 17:04:06.832 [info] > git for-each-ref --format=%(refname)%00%(upstream:short)%00%(objectname)%00%(upstream:track)%00%(upstream:remotename)%00%(upstream:remoteref) refs/heads/gem_creation refs/remotes/gem_creation [9ms]
2024-07-07 17:04:06.845 [info] > git config --local branch.gem_creation.vscode-merge-base [7ms]
2024-07-07 17:04:06.854 [info] > git for-each-ref --format=%(refname)%00%(upstream:short)%00%(objectname)%00%(upstream:track)%00%(upstream:remotename)%00%(upstream:remoteref) refs/heads/origin/main refs/remotes/origin/main [3ms]
2024-07-07 17:04:07.671 [info] > git show --textconv :app/models/campaign.rb [5ms]
2024-07-07 17:04:07.675 [info] > git ls-files --stage -- /root/devcamp/new_app/app/models/campaign.rb [4ms]
2024-07-07 17:04:07.682 [info] > git cat-file -s 69ab7c811add6cdd1ac3da36b6e1d6d2f7961617 [2ms]
2024-07-07 17:04:08.542 [info] > git show --textconv :app/models/application_record.rb [11ms]
2024-07-07 17:04:08.542 [info] > git ls-files --stage -- /root/devcamp/new_app/app/models/application_record.rb [2ms]
2024-07-07 17:04:08.559 [info] > git cat-file -s b63caeb8a5c4a21feec3ea870c4e4a52b89a8fa5 [5ms]
2024-07-07 17:04:10.267 [info] > git show --textconv :app/models/blog.rb [4ms]
2024-07-07 17:04:10.268 [info] > git ls-files --stage -- /root/devcamp/new_app/app/models/blog.rb [2ms]
2024-07-07 17:04:10.274 [info] > git cat-file -s 7219d51a2c71a7fe505ff8468437ad26ec3e7aa4 [2ms]
2024-07-07 17:04:10.922 [info] > git show --textconv :app/models/campaign.rb [7ms]
2024-07-07 17:04:10.929 [info] > git ls-files --stage -- /root/devcamp/new_app/app/models/campaign.rb [9ms]
2024-07-07 17:04:10.935 [info] > git cat-file -s 69ab7c811add6cdd1ac3da36b6e1d6d2f7961617 [2ms]
2024-07-07 17:04:11.853 [info] > git config --get commit.template [13ms]
2024-07-07 17:04:11.857 [info] > git for-each-ref --format=%(refname)%00%(upstream:short)%00%(objectname)%00%(upstream:track)%00%(upstream:remotename)%00%(upstream:remoteref) refs/heads/gem_creation refs/remotes/gem_creation [7ms]
2024-07-07 17:04:11.879 [info] > git status -z -uall [9ms]
2024-07-07 17:04:11.902 [info] > git for-each-ref --format=%(refname)%00%(upstream:short)%00%(objectname)%00%(upstream:track)%00%(upstream:remotename)%00%(upstream:remoteref) refs/heads/gem_creation refs/remotes/gem_creation [10ms]
2024-07-07 17:04:11.913 [info] > git config --local branch.gem_creation.vscode-merge-base [5ms]
2024-07-07 17:04:11.924 [info] > git for-each-ref --format=%(refname)%00%(upstream:short)%00%(objectname)%00%(upstream:track)%00%(upstream:remotename)%00%(upstream:remoteref) refs/heads/origin/main refs/remotes/origin/main [5ms]
2024-07-07 17:04:16.919 [info] > git config --get commit.template [7ms]
2024-07-07 17:04:16.921 [info] > git for-each-ref --format=%(refname)%00%(upstream:short)%00%(objectname)%00%(upstream:track)%00%(upstream:remotename)%00%(upstream:remoteref) refs/heads/gem_creation refs/remotes/gem_creation [3ms]
2024-07-07 17:04:16.930 [info] > git status -z -uall [5ms]
2024-07-07 17:04:16.951 [info] > git for-each-ref --format=%(refname)%00%(upstream:short)%00%(objectname)%00%(upstream:track)%00%(upstream:remotename)%00%(upstream:remoteref) refs/heads/gem_creation refs/remotes/gem_creation [10ms]
2024-07-07 17:04:16.957 [info] > git config --local branch.gem_creation.vscode-merge-base [2ms]
2024-07-07 17:04:16.971 [info] > git for-each-ref --format=%(refname)%00%(upstream:short)%00%(objectname)%00%(upstream:track)%00%(upstream:remotename)%00%(upstream:remoteref) refs/heads/origin/main refs/remotes/origin/main [10ms]
2024-07-07 17:04:21.972 [info] > git config --get commit.template [7ms]
2024-07-07 17:04:21.974 [info] > git for-each-ref --format=%(refname)%00%(upstream:short)%00%(objectname)%00%(upstream:track)%00%(upstream:remotename)%00%(upstream:remoteref) refs/heads/gem_creation refs/remotes/gem_creation [5ms]
2024-07-07 17:04:21.986 [info] > git status -z -uall [9ms]
2024-07-07 17:04:22.001 [info] > git for-each-ref --format=%(refname)%00%(upstream:short)%00%(objectname)%00%(upstream:track)%00%(upstream:remotename)%00%(upstream:remoteref) refs/heads/gem_creation refs/remotes/gem_creation [8ms]
2024-07-07 17:04:22.010 [info] > git config --local branch.gem_creation.vscode-merge-base [4ms]
2024-07-07 17:04:22.016 [info] > git for-each-ref --format=%(refname)%00%(upstream:short)%00%(objectname)%00%(upstream:track)%00%(upstream:remotename)%00%(upstream:remoteref) refs/heads/origin/main refs/remotes/origin/main [3ms]
2024-07-07 17:04:24.121 [info] > git show --textconv :app/models/user.rb [6ms]
2024-07-07 17:04:24.123 [info] > git ls-files --stage -- /root/devcamp/new_app/app/models/user.rb [3ms]
2024-07-07 17:04:24.131 [info] > git cat-file -s a02d9a680ee6eb45bdc92d2deac75f3f301c561a [4ms]
2024-07-07 17:04:25.454 [info] > git show --textconv :app/models/application_record.rb [5ms]
2024-07-07 17:04:25.455 [info] > git ls-files --stage -- /root/devcamp/new_app/app/models/application_record.rb [2ms]
2024-07-07 17:04:25.460 [info] > git cat-file -s b63caeb8a5c4a21feec3ea870c4e4a52b89a8fa5 [2ms]
2024-07-07 17:04:27.011 [info] > git config --get commit.template [5ms]
2024-07-07 17:04:27.012 [info] > git for-each-ref --format=%(refname)%00%(upstream:short)%00%(objectname)%00%(upstream:track)%00%(upstream:remotename)%00%(upstream:remoteref) refs/heads/gem_creation refs/remotes/gem_creation [2ms]
2024-07-07 17:04:27.021 [info] > git status -z -uall [6ms]
2024-07-07 17:04:27.032 [info] > git for-each-ref --format=%(refname)%00%(upstream:short)%00%(objectname)%00%(upstream:track)%00%(upstream:remotename)%00%(upstream:remoteref) refs/heads/gem_creation refs/remotes/gem_creation [6ms]
2024-07-07 17:04:27.041 [info] > git config --local branch.gem_creation.vscode-merge-base [3ms]
2024-07-07 17:04:27.047 [info] > git for-each-ref --format=%(refname)%00%(upstream:short)%00%(objectname)%00%(upstream:track)%00%(upstream:remotename)%00%(upstream:remoteref) refs/heads/origin/main refs/remotes/origin/main [2ms]
2024-07-07 17:04:28.489 [info] > git show --textconv :app/models/blog.rb [7ms]
2024-07-07 17:04:28.491 [info] > git ls-files --stage -- /root/devcamp/new_app/app/models/blog.rb [3ms]
2024-07-07 17:04:28.496 [info] > git cat-file -s 7219d51a2c71a7fe505ff8468437ad26ec3e7aa4 [2ms]
2024-07-07 17:04:32.051 [info] > git config --get commit.template [7ms]
2024-07-07 17:04:32.054 [info] > git for-each-ref --format=%(refname)%00%(upstream:short)%00%(objectname)%00%(upstream:track)%00%(upstream:remotename)%00%(upstream:remoteref) refs/heads/gem_creation refs/remotes/gem_creation [5ms]
2024-07-07 17:04:32.065 [info] > git status -z -uall [7ms]
2024-07-07 17:04:32.094 [info] > git for-each-ref --format=%(refname)%00%(upstream:short)%00%(objectname)%00%(upstream:track)%00%(upstream:remotename)%00%(upstream:remoteref) refs/heads/gem_creation refs/remotes/gem_creation [15ms]
2024-07-07 17:04:32.102 [info] > git config --local branch.gem_creation.vscode-merge-base [5ms]
2024-07-07 17:04:32.108 [info] > git for-each-ref --format=%(refname)%00%(upstream:short)%00%(objectname)%00%(upstream:track)%00%(upstream:remotename)%00%(upstream:remoteref) refs/heads/origin/main refs/remotes/origin/main [2ms]
2024-07-07 17:04:32.443 [info] > git show --textconv :app/models/user.rb [8ms]
2024-07-07 17:04:32.445 [info] > git ls-files --stage -- /root/devcamp/new_app/app/models/user.rb [5ms]
2024-07-07 17:04:32.454 [info] > git cat-file -s a02d9a680ee6eb45bdc92d2deac75f3f301c561a [4ms]
2024-07-07 17:04:32.941 [info] > git show --textconv :app/models/campaign.rb [6ms]
2024-07-07 17:04:32.943 [info] > git ls-files --stage -- /root/devcamp/new_app/app/models/campaign.rb [3ms]
2024-07-07 17:04:32.949 [info] > git cat-file -s 69ab7c811add6cdd1ac3da36b6e1d6d2f7961617 [3ms]
2024-07-07 17:04:34.234 [info] > git show --textconv :app/models/blog.rb [11ms]
2024-07-07 17:04:34.234 [info] > git ls-files --stage -- /root/devcamp/new_app/app/models/blog.rb [6ms]
2024-07-07 17:04:34.242 [info] > git cat-file -s 7219d51a2c71a7fe505ff8468437ad26ec3e7aa4 [2ms]
2024-07-07 17:04:37.111 [info] > git config --get commit.template [7ms]
2024-07-07 17:04:37.114 [info] > git for-each-ref --format=%(refname)%00%(upstream:short)%00%(objectname)%00%(upstream:track)%00%(upstream:remotename)%00%(upstream:remoteref) refs/heads/gem_creation refs/remotes/gem_creation [4ms]
2024-07-07 17:04:37.126 [info] > git status -z -uall [9ms]
2024-07-07 17:04:37.140 [info] > git for-each-ref --format=%(refname)%00%(upstream:short)%00%(objectname)%00%(upstream:track)%00%(upstream:remotename)%00%(upstream:remoteref) refs/heads/gem_creation refs/remotes/gem_creation [8ms]
2024-07-07 17:04:37.149 [info] > git config --local branch.gem_creation.vscode-merge-base [5ms]
2024-07-07 17:04:37.155 [info] > git for-each-ref --format=%(refname)%00%(upstream:short)%00%(objectname)%00%(upstream:track)%00%(upstream:remotename)%00%(upstream:remoteref) refs/heads/origin/main refs/remotes/origin/main [2ms]
2024-07-07 17:04:40.519 [info] > git show --textconv :app/models/campaign.rb [7ms]
2024-07-07 17:04:40.521 [info] > git ls-files --stage -- /root/devcamp/new_app/app/models/campaign.rb [4ms]
2024-07-07 17:04:40.529 [info] > git cat-file -s 69ab7c811add6cdd1ac3da36b6e1d6d2f7961617 [3ms]
2024-07-07 17:04:41.373 [info] > git check-ignore -v -z --stdin [4ms]
2024-07-07 17:04:41.750 [info] > git show --textconv :app/models/user.rb [6ms]
2024-07-07 17:04:41.752 [info] > git ls-files --stage -- /root/devcamp/new_app/app/models/user.rb [3ms]
2024-07-07 17:04:41.758 [info] > git cat-file -s a02d9a680ee6eb45bdc92d2deac75f3f301c561a [3ms]
2024-07-07 17:04:42.156 [info] > git config --get commit.template [3ms]
2024-07-07 17:04:42.169 [info] > git for-each-ref --format=%(refname)%00%(upstream:short)%00%(objectname)%00%(upstream:track)%00%(upstream:remotename)%00%(upstream:remoteref) refs/heads/gem_creation refs/remotes/gem_creation [3ms]
2024-07-07 17:04:42.186 [info] > git status -z -uall [13ms]
2024-07-07 17:04:42.214 [info] > git for-each-ref --format=%(refname)%00%(upstream:short)%00%(objectname)%00%(upstream:track)%00%(upstream:remotename)%00%(upstream:remoteref) refs/heads/gem_creation refs/remotes/gem_creation [16ms]
2024-07-07 17:04:42.231 [info] > git config --local branch.gem_creation.vscode-merge-base [12ms]
2024-07-07 17:04:42.244 [info] > git for-each-ref --format=%(refname)%00%(upstream:short)%00%(objectname)%00%(upstream:track)%00%(upstream:remotename)%00%(upstream:remoteref) refs/heads/origin/main refs/remotes/origin/main [3ms]
2024-07-07 17:04:42.902 [info] > git check-ignore -v -z --stdin [2ms]
2024-07-07 17:04:44.665 [info] > git check-ignore -v -z --stdin [3ms]
2024-07-07 17:04:47.225 [info] > git config --get commit.template [8ms]
2024-07-07 17:04:47.226 [info] > git for-each-ref --format=%(refname)%00%(upstream:short)%00%(objectname)%00%(upstream:track)%00%(upstream:remotename)%00%(upstream:remoteref) refs/heads/gem_creation refs/remotes/gem_creation [3ms]
2024-07-07 17:04:47.235 [info] > git status -z -uall [6ms]
2024-07-07 17:04:47.256 [info] > git for-each-ref --format=%(refname)%00%(upstream:short)%00%(objectname)%00%(upstream:track)%00%(upstream:remotename)%00%(upstream:remoteref) refs/heads/gem_creation refs/remotes/gem_creation [16ms]
2024-07-07 17:04:47.270 [info] > git config --local branch.gem_creation.vscode-merge-base [1ms]
2024-07-07 17:04:47.279 [info] > git for-each-ref --format=%(refname)%00%(upstream:short)%00%(objectname)%00%(upstream:track)%00%(upstream:remotename)%00%(upstream:remoteref) refs/heads/origin/main refs/remotes/origin/main [3ms]
2024-07-07 17:04:52.279 [info] > git config --get commit.template [9ms]
2024-07-07 17:04:52.281 [info] > git for-each-ref --format=%(refname)%00%(upstream:short)%00%(objectname)%00%(upstream:track)%00%(upstream:remotename)%00%(upstream:remoteref) refs/heads/gem_creation refs/remotes/gem_creation [5ms]
2024-07-07 17:04:52.293 [info] > git status -z -uall [8ms]
2024-07-07 17:04:52.305 [info] > git for-each-ref --format=%(refname)%00%(upstream:short)%00%(objectname)%00%(upstream:track)%00%(upstream:remotename)%00%(upstream:remoteref) refs/heads/gem_creation refs/remotes/gem_creation [7ms]
2024-07-07 17:04:52.314 [info] > git config --local branch.gem_creation.vscode-merge-base [3ms]
2024-07-07 17:04:52.321 [info] > git for-each-ref --format=%(refname)%00%(upstream:short)%00%(objectname)%00%(upstream:track)%00%(upstream:remotename)%00%(upstream:remoteref) refs/heads/origin/main refs/remotes/origin/main [3ms]
2024-07-07 17:04:57.324 [info] > git check-ignore -v -z --stdin [16ms]
2024-07-07 17:04:57.328 [info] > git config --get commit.template [10ms]
2024-07-07 17:04:57.330 [info] > git for-each-ref --format=%(refname)%00%(upstream:short)%00%(objectname)%00%(upstream:track)%00%(upstream:remotename)%00%(upstream:remoteref) refs/heads/gem_creation refs/remotes/gem_creation [6ms]
2024-07-07 17:04:57.339 [info] > git status -z -uall [5ms]
2024-07-07 17:04:57.365 [info] > git for-each-ref --format=%(refname)%00%(upstream:short)%00%(objectname)%00%(upstream:track)%00%(upstream:remotename)%00%(upstream:remoteref) refs/heads/gem_creation refs/remotes/gem_creation [21ms]
2024-07-07 17:04:57.384 [info] > git config --local branch.gem_creation.vscode-merge-base [9ms]
2024-07-07 17:04:57.393 [info] > git for-each-ref --format=%(refname)%00%(upstream:short)%00%(objectname)%00%(upstream:track)%00%(upstream:remotename)%00%(upstream:remoteref) refs/heads/origin/main refs/remotes/origin/main [4ms]
2024-07-07 17:04:59.359 [info] > git check-ignore -v -z --stdin [3ms]
2024-07-07 17:05:02.395 [info] > git config --get commit.template [6ms]
2024-07-07 17:05:02.397 [info] > git for-each-ref --format=%(refname)%00%(upstream:short)%00%(objectname)%00%(upstream:track)%00%(upstream:remotename)%00%(upstream:remoteref) refs/heads/gem_creation refs/remotes/gem_creation [3ms]
2024-07-07 17:05:02.407 [info] > git status -z -uall [6ms]
2024-07-07 17:05:02.420 [info] > git for-each-ref --format=%(refname)%00%(upstream:short)%00%(objectname)%00%(upstream:track)%00%(upstream:remotename)%00%(upstream:remoteref) refs/heads/gem_creation refs/remotes/gem_creation [6ms]
2024-07-07 17:05:02.428 [info] > git config --local branch.gem_creation.vscode-merge-base [4ms]
2024-07-07 17:05:02.434 [info] > git for-each-ref --format=%(refname)%00%(upstream:short)%00%(objectname)%00%(upstream:track)%00%(upstream:remotename)%00%(upstream:remoteref) refs/heads/origin/main refs/remotes/origin/main [2ms]
2024-07-07 17:05:07.440 [info] > git config --get commit.template [6ms]
2024-07-07 17:05:07.442 [info] > git for-each-ref --format=%(refname)%00%(upstream:short)%00%(objectname)%00%(upstream:track)%00%(upstream:remotename)%00%(upstream:remoteref) refs/heads/gem_creation refs/remotes/gem_creation [3ms]
2024-07-07 17:05:07.451 [info] > git status -z -uall [5ms]
2024-07-07 17:05:07.462 [info] > git for-each-ref --format=%(refname)%00%(upstream:short)%00%(objectname)%00%(upstream:track)%00%(upstream:remotename)%00%(upstream:remoteref) refs/heads/gem_creation refs/remotes/gem_creation [6ms]
2024-07-07 17:05:07.477 [info] > git config --local branch.gem_creation.vscode-merge-base [7ms]
2024-07-07 17:05:07.491 [info] > git for-each-ref --format=%(refname)%00%(upstream:short)%00%(objectname)%00%(upstream:track)%00%(upstream:remotename)%00%(upstream:remoteref) refs/heads/origin/main refs/remotes/origin/main [5ms]
2024-07-07 17:05:07.869 [info] > git show --textconv :app/controllers/application_controller.rb [6ms]
2024-07-07 17:05:07.871 [info] > git ls-files --stage -- /root/devcamp/new_app/app/controllers/application_controller.rb [3ms]
2024-07-07 17:05:07.887 [info] > git cat-file -s 09705d12ab4dfe301535a973e2607fad4efc9d0d [4ms]
2024-07-07 17:05:08.275 [info] > git check-ignore -v -z --stdin [5ms]
2024-07-07 17:05:10.062 [info] > git show --textconv :app/views/layouts/application.html.erb [13ms]
2024-07-07 17:05:10.066 [info] > git ls-files --stage -- /root/devcamp/new_app/app/views/layouts/application.html.erb [4ms]
2024-07-07 17:05:10.083 [info] > git cat-file -s 2281845e463a203123924591ccfbb73afeadf676 [7ms]
2024-07-07 17:05:11.963 [info] > git show --textconv :app/controllers/application_controller.rb [12ms]
2024-07-07 17:05:11.967 [info] > git ls-files --stage -- /root/devcamp/new_app/app/controllers/application_controller.rb [5ms]
2024-07-07 17:05:11.983 [info] > git cat-file -s 09705d12ab4dfe301535a973e2607fad4efc9d0d [6ms]
2024-07-07 17:05:12.475 [info] > git config --get commit.template [7ms]
2024-07-07 17:05:12.477 [info] > git for-each-ref --format=%(refname)%00%(upstream:short)%00%(objectname)%00%(upstream:track)%00%(upstream:remotename)%00%(upstream:remoteref) refs/heads/gem_creation refs/remotes/gem_creation [3ms]
2024-07-07 17:05:12.489 [info] > git status -z -uall [8ms]
2024-07-07 17:05:12.506 [info] > git for-each-ref --format=%(refname)%00%(upstream:short)%00%(objectname)%00%(upstream:track)%00%(upstream:remotename)%00%(upstream:remoteref) refs/heads/gem_creation refs/remotes/gem_creation [10ms]
2024-07-07 17:05:12.520 [info] > git config --local branch.gem_creation.vscode-merge-base [6ms]
2024-07-07 17:05:12.533 [info] > git for-each-ref --format=%(refname)%00%(upstream:short)%00%(objectname)%00%(upstream:track)%00%(upstream:remotename)%00%(upstream:remoteref) refs/heads/origin/main refs/remotes/origin/main [4ms]
2024-07-07 17:06:58.985 [info] > git config --get commit.template [14ms]
2024-07-07 17:06:58.986 [info] > git for-each-ref --format=%(refname)%00%(upstream:short)%00%(objectname)%00%(upstream:track)%00%(upstream:remotename)%00%(upstream:remoteref) refs/heads/gem_creation refs/remotes/gem_creation [5ms]
2024-07-07 17:06:59.010 [info] > git status -z -uall [17ms]
2024-07-07 17:06:59.048 [info] > git for-each-ref --format=%(refname)%00%(upstream:short)%00%(objectname)%00%(upstream:track)%00%(upstream:remotename)%00%(upstream:remoteref) refs/heads/gem_creation refs/remotes/gem_creation [21ms]
2024-07-07 17:06:59.066 [info] > git config --local branch.gem_creation.vscode-merge-base [11ms]
2024-07-07 17:06:59.082 [info] > git for-each-ref --format=%(refname)%00%(upstream:short)%00%(objectname)%00%(upstream:track)%00%(upstream:remotename)%00%(upstream:remoteref) refs/heads/origin/main refs/remotes/origin/main [6ms]
2024-07-07 17:07:05.153 [info] > git config --get commit.template [13ms]
2024-07-07 17:07:05.161 [info] > git for-each-ref --format=%(refname)%00%(upstream:short)%00%(objectname)%00%(upstream:track)%00%(upstream:remotename)%00%(upstream:remoteref) refs/heads/gem_creation refs/remotes/gem_creation [11ms]
2024-07-07 17:07:05.188 [info] > git status -z -uall [20ms]
2024-07-07 17:07:05.225 [info] > git for-each-ref --format=%(refname)%00%(upstream:short)%00%(objectname)%00%(upstream:track)%00%(upstream:remotename)%00%(upstream:remoteref) refs/heads/gem_creation refs/remotes/gem_creation [15ms]
2024-07-07 17:07:05.239 [info] > git config --local branch.gem_creation.vscode-merge-base [9ms]
2024-07-07 17:07:05.261 [info] > git for-each-ref --format=%(refname)%00%(upstream:short)%00%(objectname)%00%(upstream:track)%00%(upstream:remotename)%00%(upstream:remoteref) refs/heads/origin/main refs/remotes/origin/main [7ms]
2024-07-07 17:07:10.246 [info] > git config --get commit.template [9ms]
2024-07-07 17:07:10.248 [info] > git for-each-ref --format=%(refname)%00%(upstream:short)%00%(objectname)%00%(upstream:track)%00%(upstream:remotename)%00%(upstream:remoteref) refs/heads/gem_creation refs/remotes/gem_creation [3ms]
2024-07-07 17:07:10.259 [info] > git status -z -uall [7ms]
2024-07-07 17:07:10.297 [info] > git for-each-ref --format=%(refname)%00%(upstream:short)%00%(objectname)%00%(upstream:track)%00%(upstream:remotename)%00%(upstream:remoteref) refs/heads/gem_creation refs/remotes/gem_creation [23ms]
2024-07-07 17:07:10.316 [info] > git config --local branch.gem_creation.vscode-merge-base [13ms]
2024-07-07 17:07:10.325 [info] > git for-each-ref --format=%(refname)%00%(upstream:short)%00%(objectname)%00%(upstream:track)%00%(upstream:remotename)%00%(upstream:remoteref) refs/heads/origin/main refs/remotes/origin/main [3ms]
2024-07-07 17:07:23.472 [info] > git config --get commit.template [5ms]
2024-07-07 17:07:23.486 [info] > git for-each-ref --format=%(refname)%00%(upstream:short)%00%(objectname)%00%(upstream:track)%00%(upstream:remotename)%00%(upstream:remoteref) refs/heads/gem_creation refs/remotes/gem_creation [5ms]
2024-07-07 17:07:23.500 [info] > git status -z -uall [9ms]
2024-07-07 17:07:23.526 [info] > git for-each-ref --format=%(refname)%00%(upstream:short)%00%(objectname)%00%(upstream:track)%00%(upstream:remotename)%00%(upstream:remoteref) refs/heads/gem_creation refs/remotes/gem_creation [16ms]
2024-07-07 17:07:23.545 [info] > git config --local branch.gem_creation.vscode-merge-base [4ms]
2024-07-07 17:07:23.557 [info] > git for-each-ref --format=%(refname)%00%(upstream:short)%00%(objectname)%00%(upstream:track)%00%(upstream:remotename)%00%(upstream:remoteref) refs/heads/origin/main refs/remotes/origin/main [5ms]
2024-07-07 17:07:28.554 [info] > git config --get commit.template [18ms]
2024-07-07 17:07:28.555 [info] > git for-each-ref --format=%(refname)%00%(upstream:short)%00%(objectname)%00%(upstream:track)%00%(upstream:remotename)%00%(upstream:remoteref) refs/heads/gem_creation refs/remotes/gem_creation [2ms]
2024-07-07 17:07:28.564 [info] > git status -z -uall [5ms]
2024-07-07 17:07:28.580 [info] > git for-each-ref --format=%(refname)%00%(upstream:short)%00%(objectname)%00%(upstream:track)%00%(upstream:remotename)%00%(upstream:remoteref) refs/heads/gem_creation refs/remotes/gem_creation [9ms]
2024-07-07 17:07:28.595 [info] > git config --local branch.gem_creation.vscode-merge-base [7ms]
2024-07-07 17:07:28.609 [info] > git for-each-ref --format=%(refname)%00%(upstream:short)%00%(objectname)%00%(upstream:track)%00%(upstream:remotename)%00%(upstream:remoteref) refs/heads/origin/main refs/remotes/origin/main [1ms]
2024-07-07 17:07:37.592 [info] > git config --get commit.template [38ms]
2024-07-07 17:07:37.598 [info] > git for-each-ref --format=%(refname)%00%(upstream:short)%00%(objectname)%00%(upstream:track)%00%(upstream:remotename)%00%(upstream:remoteref) refs/heads/gem_creation refs/remotes/gem_creation [8ms]
2024-07-07 17:07:37.619 [info] > git status -z -uall [16ms]
2024-07-07 17:07:37.645 [info] > git for-each-ref --format=%(refname)%00%(upstream:short)%00%(objectname)%00%(upstream:track)%00%(upstream:remotename)%00%(upstream:remoteref) refs/heads/gem_creation refs/remotes/gem_creation [14ms]
2024-07-07 17:07:37.655 [info] > git config --local branch.gem_creation.vscode-merge-base [4ms]
2024-07-07 17:07:37.668 [info] > git for-each-ref --format=%(refname)%00%(upstream:short)%00%(objectname)%00%(upstream:track)%00%(upstream:remotename)%00%(upstream:remoteref) refs/heads/origin/main refs/remotes/origin/main [4ms]
2024-07-07 17:07:41.496 [info] > git show --textconv :app/controllers/users_controller.rb [8ms]
2024-07-07 17:07:41.499 [info] > git ls-files --stage -- /root/devcamp/new_app/app/controllers/users_controller.rb [4ms]
2024-07-07 17:07:41.507 [info] > git cat-file -s 390ccba6d04b2d4ed26b539e890f2f3bbbe8eff1 [4ms]
2024-07-07 17:07:42.663 [info] > git config --get commit.template [9ms]
2024-07-07 17:07:42.682 [info] > git for-each-ref --format=%(refname)%00%(upstream:short)%00%(objectname)%00%(upstream:track)%00%(upstream:remotename)%00%(upstream:remoteref) refs/heads/gem_creation refs/remotes/gem_creation [13ms]
2024-07-07 17:07:42.717 [info] > git status -z -uall [22ms]
2024-07-07 17:07:42.746 [info] > git for-each-ref --format=%(refname)%00%(upstream:short)%00%(objectname)%00%(upstream:track)%00%(upstream:remotename)%00%(upstream:remoteref) refs/heads/gem_creation refs/remotes/gem_creation [18ms]
2024-07-07 17:07:42.759 [info] > git config --local branch.gem_creation.vscode-merge-base [4ms]
2024-07-07 17:07:42.773 [info] > git for-each-ref --format=%(refname)%00%(upstream:short)%00%(objectname)%00%(upstream:track)%00%(upstream:remotename)%00%(upstream:remoteref) refs/heads/origin/main refs/remotes/origin/main [7ms]
