2024-07-07 17:02:20.210 [info] Log level: Info
2024-07-07 17:02:20.210 [info] Validating found git in: "git"
2024-07-07 17:02:20.210 [info] Using git "2.34.1" from "git"
2024-07-07 17:02:20.254 [info] > git rev-parse --show-toplevel [48ms]
2024-07-07 17:02:20.254 [info] fatal: not a git repository (or any of the parent directories): .git
2024-07-07 17:02:20.288 [info] > git rev-parse --show-toplevel [19ms]
2024-07-07 17:02:20.351 [info] > git rev-parse --git-dir --git-common-dir [41ms]
2024-07-07 17:02:20.442 [info] Open repository: /root/devcamp/new_app
2024-07-07 17:02:20.536 [info] > git config --get commit.template [47ms]
2024-07-07 17:02:20.569 [info] > git for-each-ref --format=%(refname)%00%(upstream:short)%00%(objectname)%00%(upstream:track)%00%(upstream:remotename)%00%(upstream:remoteref) refs/heads/gem_creation refs/remotes/gem_creation [38ms]
2024-07-07 17:02:20.770 [info] > git status -z -uall [179ms]
2024-07-07 17:02:21.741 [info] > git for-each-ref --format=%(refname)%00%(upstream:short)%00%(objectname)%00%(upstream:track)%00%(upstream:remotename)%00%(upstream:remoteref) refs/heads/gem_creation refs/remotes/gem_creation [939ms]
2024-07-07 17:02:21.798 [info] > git config --local branch.gem_creation.vscode-merge-base [24ms]
2024-07-07 17:02:21.821 [info] > git config --get commit.template [79ms]
2024-07-07 17:02:21.829 [info] > git for-each-ref --format=%(refname)%00%(upstream:short)%00%(objectname)%00%(upstream:track)%00%(upstream:remotename)%00%(upstream:remoteref) refs/heads/origin/main refs/remotes/origin/main [12ms]
2024-07-07 17:02:21.990 [info] > git for-each-ref --format=%(refname)%00%(upstream:short)%00%(objectname)%00%(upstream:track)%00%(upstream:remotename)%00%(upstream:remoteref) refs/heads/gem_creation refs/remotes/gem_creation [49ms]
2024-07-07 17:02:22.093 [info] > git status -z -uall [75ms]
2024-07-07 17:02:22.095 [info] > git check-ignore -v -z --stdin [33ms]
2024-07-07 17:02:22.168 [info] > git for-each-ref --format=%(refname)%00%(upstream:short)%00%(objectname)%00%(upstream:track)%00%(upstream:remotename)%00%(upstream:remoteref) refs/heads/gem_creation refs/remotes/gem_creation [47ms]
2024-07-07 17:02:22.427 [info] > git config --local branch.gem_creation.vscode-merge-base [216ms]
2024-07-07 17:02:22.462 [info] > git for-each-ref --format=%(refname)%00%(upstream:short)%00%(objectname)%00%(upstream:track)%00%(upstream:remotename)%00%(upstream:remoteref) refs/heads/origin/main refs/remotes/origin/main [23ms]
2024-07-07 17:02:22.712 [info] > git rev-parse --show-toplevel [7ms]
2024-07-07 17:02:22.713 [info] fatal: not a git repository (or any of the parent directories): .git
2024-07-07 17:02:22.793 [info] > git show --textconv :app/models/blog.rb [14ms]
2024-07-07 17:02:22.845 [info] > git ls-files --stage -- /root/devcamp/new_app/app/models/blog.rb [54ms]
2024-07-07 17:02:22.869 [info] > git cat-file -s 7219d51a2c71a7fe505ff8468437ad26ec3e7aa4 [6ms]
2024-07-07 17:02:23.385 [info] > git rev-parse --show-toplevel [10ms]
2024-07-07 17:02:23.385 [info] fatal: not a git repository (or any of the parent directories): .git
2024-07-07 17:03:18.726 [info] > git config --get commit.template [12ms]
2024-07-07 17:03:18.728 [info] > git for-each-ref --format=%(refname)%00%(upstream:short)%00%(objectname)%00%(upstream:track)%00%(upstream:remotename)%00%(upstream:remoteref) refs/heads/gem_creation refs/remotes/gem_creation [5ms]
2024-07-07 17:03:18.742 [info] > git status -z -uall [8ms]
2024-07-07 17:03:18.775 [info] > git for-each-ref --format=%(refname)%00%(upstream:short)%00%(objectname)%00%(upstream:track)%00%(upstream:remotename)%00%(upstream:remoteref) refs/heads/gem_creation refs/remotes/gem_creation [16ms]
2024-07-07 17:03:18.790 [info] > git config --local branch.gem_creation.vscode-merge-base [6ms]
2024-07-07 17:03:18.809 [info] > git for-each-ref --format=%(refname)%00%(upstream:short)%00%(objectname)%00%(upstream:track)%00%(upstream:remotename)%00%(upstream:remoteref) refs/heads/origin/main refs/remotes/origin/main [10ms]
2024-07-07 17:03:26.263 [info] > git config --get commit.template [3ms]
2024-07-07 17:03:26.278 [info] > git for-each-ref --format=%(refname)%00%(upstream:short)%00%(objectname)%00%(upstream:track)%00%(upstream:remotename)%00%(upstream:remoteref) refs/heads/gem_creation refs/remotes/gem_creation [4ms]
2024-07-07 17:03:26.289 [info] > git status -z -uall [8ms]
2024-07-07 17:03:26.304 [info] > git for-each-ref --format=%(refname)%00%(upstream:short)%00%(objectname)%00%(upstream:track)%00%(upstream:remotename)%00%(upstream:remoteref) refs/heads/gem_creation refs/remotes/gem_creation [7ms]
2024-07-07 17:03:26.311 [info] > git config --local branch.gem_creation.vscode-merge-base [2ms]
2024-07-07 17:03:26.322 [info] > git for-each-ref --format=%(refname)%00%(upstream:short)%00%(objectname)%00%(upstream:track)%00%(upstream:remotename)%00%(upstream:remoteref) refs/heads/origin/main refs/remotes/origin/main [3ms]
2024-07-07 17:03:31.322 [info] > git config --get commit.template [7ms]
2024-07-07 17:03:31.323 [info] > git for-each-ref --format=%(refname)%00%(upstream:short)%00%(objectname)%00%(upstream:track)%00%(upstream:remotename)%00%(upstream:remoteref) refs/heads/gem_creation refs/remotes/gem_creation [3ms]
2024-07-07 17:03:31.333 [info] > git status -z -uall [6ms]
2024-07-07 17:03:31.354 [info] > git for-each-ref --format=%(refname)%00%(upstream:short)%00%(objectname)%00%(upstream:track)%00%(upstream:remotename)%00%(upstream:remoteref) refs/heads/gem_creation refs/remotes/gem_creation [12ms]
2024-07-07 17:03:31.371 [info] > git config --local branch.gem_creation.vscode-merge-base [9ms]
2024-07-07 17:03:31.388 [info] > git for-each-ref --format=%(refname)%00%(upstream:short)%00%(objectname)%00%(upstream:track)%00%(upstream:remotename)%00%(upstream:remoteref) refs/heads/origin/main refs/remotes/origin/main [6ms]
