2024-07-07 17:15:36.127 [info] Log level: Info
2024-07-07 17:15:36.127 [info] Validating found git in: "git"
2024-07-07 17:15:36.127 [info] Using git "2.34.1" from "git"
2024-07-07 17:15:36.127 [info] > git rev-parse --show-toplevel [15ms]
2024-07-07 17:15:36.127 [info] fatal: not a git repository (or any of the parent directories): .git
2024-07-07 17:15:36.127 [info] > git rev-parse --show-toplevel [4ms]
2024-07-07 17:15:36.127 [info] > git rev-parse --git-dir --git-common-dir [5ms]
2024-07-07 17:15:36.127 [info] Open repository: /root/devcamp/new_app
2024-07-07 17:15:36.127 [info] > git config --get commit.template [23ms]
2024-07-07 17:15:36.129 [info] > git for-each-ref --format=%(refname)%00%(upstream:short)%00%(objectname)%00%(upstream:track)%00%(upstream:remotename)%00%(upstream:remoteref) refs/heads/gem_creation refs/remotes/gem_creation [8ms]
2024-07-07 17:15:36.211 [info] > git status -z -uall [74ms]
2024-07-07 17:15:36.260 [info] > git for-each-ref --format=%(refname)%00%(upstream:short)%00%(objectname)%00%(upstream:track)%00%(upstream:remotename)%00%(upstream:remoteref) refs/heads/gem_creation refs/remotes/gem_creation [37ms]
2024-07-07 17:15:36.341 [info] > git config --local branch.gem_creation.vscode-merge-base [73ms]
2024-07-07 17:15:36.353 [info] > git config --get commit.template [93ms]
2024-07-07 17:15:36.673 [info] > git for-each-ref --format=%(refname)%00%(upstream:short)%00%(objectname)%00%(upstream:track)%00%(upstream:remotename)%00%(upstream:remoteref) refs/heads/origin/main refs/remotes/origin/main [322ms]
2024-07-07 17:15:36.732 [info] > git for-each-ref --format=%(refname)%00%(upstream:short)%00%(objectname)%00%(upstream:track)%00%(upstream:remotename)%00%(upstream:remoteref) refs/heads/gem_creation refs/remotes/gem_creation [6ms]
2024-07-07 17:15:36.749 [info] > git status -z -uall [12ms]
2024-07-07 17:15:36.781 [info] > git for-each-ref --format=%(refname)%00%(upstream:short)%00%(objectname)%00%(upstream:track)%00%(upstream:remotename)%00%(upstream:remoteref) refs/heads/gem_creation refs/remotes/gem_creation [19ms]
2024-07-07 17:15:36.794 [info] > git config --local branch.gem_creation.vscode-merge-base [6ms]
2024-07-07 17:15:36.811 [info] > git for-each-ref --format=%(refname)%00%(upstream:short)%00%(objectname)%00%(upstream:track)%00%(upstream:remotename)%00%(upstream:remoteref) refs/heads/origin/main refs/remotes/origin/main [8ms]
2024-07-07 17:15:37.075 [info] > git check-ignore -v -z --stdin [195ms]
2024-07-07 17:15:37.082 [info] > git rev-parse --show-toplevel [9ms]
2024-07-07 17:15:37.082 [info] fatal: not a git repository (or any of the parent directories): .git
2024-07-07 17:15:37.236 [info] > git rev-parse --show-toplevel [5ms]
2024-07-07 17:15:37.236 [info] fatal: not a git repository (or any of the parent directories): .git
2024-07-07 17:15:37.845 [info] > git rev-parse --show-toplevel [7ms]
2024-07-07 17:15:37.845 [info] fatal: not a git repository (or any of the parent directories): .git
2024-07-07 17:15:37.967 [info] > git show --textconv :app/controllers/users_controller.rb [11ms]
2024-07-07 17:15:37.974 [info] > git ls-files --stage -- /root/devcamp/new_app/app/controllers/users_controller.rb [10ms]
2024-07-07 17:15:37.994 [info] > git cat-file -s 390ccba6d04b2d4ed26b539e890f2f3bbbe8eff1 [4ms]
2024-07-07 17:15:38.340 [info] > git rev-parse --show-toplevel [6ms]
2024-07-07 17:15:38.341 [info] fatal: not a git repository (or any of the parent directories): .git
2024-07-07 17:15:38.780 [info] > git config --get commit.template [12ms]
2024-07-07 17:15:38.782 [info] > git for-each-ref --format=%(refname)%00%(upstream:short)%00%(objectname)%00%(upstream:track)%00%(upstream:remotename)%00%(upstream:remoteref) refs/heads/gem_creation refs/remotes/gem_creation [3ms]
2024-07-07 17:15:38.794 [info] > git status -z -uall [7ms]
2024-07-07 17:15:38.819 [info] > git for-each-ref --format=%(refname)%00%(upstream:short)%00%(objectname)%00%(upstream:track)%00%(upstream:remotename)%00%(upstream:remoteref) refs/heads/gem_creation refs/remotes/gem_creation [16ms]
2024-07-07 17:15:38.832 [info] > git config --local branch.gem_creation.vscode-merge-base [5ms]
2024-07-07 17:15:38.840 [info] > git for-each-ref --format=%(refname)%00%(upstream:short)%00%(objectname)%00%(upstream:track)%00%(upstream:remotename)%00%(upstream:remoteref) refs/heads/origin/main refs/remotes/origin/main [3ms]
2024-07-07 17:15:43.843 [info] > git config --get commit.template [15ms]
2024-07-07 17:15:43.846 [info] > git for-each-ref --format=%(refname)%00%(upstream:short)%00%(objectname)%00%(upstream:track)%00%(upstream:remotename)%00%(upstream:remoteref) refs/heads/gem_creation refs/remotes/gem_creation [8ms]
2024-07-07 17:15:43.870 [info] > git status -z -uall [16ms]
2024-07-07 17:15:43.912 [info] > git for-each-ref --format=%(refname)%00%(upstream:short)%00%(objectname)%00%(upstream:track)%00%(upstream:remotename)%00%(upstream:remoteref) refs/heads/gem_creation refs/remotes/gem_creation [22ms]
2024-07-07 17:15:43.927 [info] > git config --local branch.gem_creation.vscode-merge-base [4ms]
2024-07-07 17:15:43.941 [info] > git for-each-ref --format=%(refname)%00%(upstream:short)%00%(objectname)%00%(upstream:track)%00%(upstream:remotename)%00%(upstream:remoteref) refs/heads/origin/main refs/remotes/origin/main [5ms]
2024-07-07 17:15:48.925 [info] > git config --get commit.template [6ms]
2024-07-07 17:15:48.926 [info] > git for-each-ref --format=%(refname)%00%(upstream:short)%00%(objectname)%00%(upstream:track)%00%(upstream:remotename)%00%(upstream:remoteref) refs/heads/gem_creation refs/remotes/gem_creation [3ms]
2024-07-07 17:15:48.937 [info] > git status -z -uall [7ms]
2024-07-07 17:15:48.957 [info] > git for-each-ref --format=%(refname)%00%(upstream:short)%00%(objectname)%00%(upstream:track)%00%(upstream:remotename)%00%(upstream:remoteref) refs/heads/gem_creation refs/remotes/gem_creation [14ms]
2024-07-07 17:15:48.966 [info] > git config --local branch.gem_creation.vscode-merge-base [4ms]
2024-07-07 17:15:48.975 [info] > git for-each-ref --format=%(refname)%00%(upstream:short)%00%(objectname)%00%(upstream:track)%00%(upstream:remotename)%00%(upstream:remoteref) refs/heads/origin/main refs/remotes/origin/main [2ms]
2024-07-07 17:15:53.983 [info] > git for-each-ref --format=%(refname)%00%(upstream:short)%00%(objectname)%00%(upstream:track)%00%(upstream:remotename)%00%(upstream:remoteref) refs/heads/gem_creation refs/remotes/gem_creation [8ms]
2024-07-07 17:15:53.983 [info] > git config --get commit.template [13ms]
2024-07-07 17:15:54.001 [info] > git status -z -uall [11ms]
2024-07-07 17:15:54.022 [info] > git for-each-ref --format=%(refname)%00%(upstream:short)%00%(objectname)%00%(upstream:track)%00%(upstream:remotename)%00%(upstream:remoteref) refs/heads/gem_creation refs/remotes/gem_creation [13ms]
2024-07-07 17:15:54.030 [info] > git config --local branch.gem_creation.vscode-merge-base [3ms]
2024-07-07 17:15:54.056 [info] > git for-each-ref --format=%(refname)%00%(upstream:short)%00%(objectname)%00%(upstream:track)%00%(upstream:remotename)%00%(upstream:remoteref) refs/heads/origin/main refs/remotes/origin/main [7ms]
2024-07-07 17:15:59.047 [info] > git config --get commit.template [5ms]
2024-07-07 17:15:59.062 [info] > git for-each-ref --format=%(refname)%00%(upstream:short)%00%(objectname)%00%(upstream:track)%00%(upstream:remotename)%00%(upstream:remoteref) refs/heads/gem_creation refs/remotes/gem_creation [5ms]
2024-07-07 17:15:59.095 [info] > git status -z -uall [20ms]
2024-07-07 17:15:59.142 [info] > git for-each-ref --format=%(refname)%00%(upstream:short)%00%(objectname)%00%(upstream:track)%00%(upstream:remotename)%00%(upstream:remoteref) refs/heads/gem_creation refs/remotes/gem_creation [24ms]
2024-07-07 17:15:59.173 [info] > git config --local branch.gem_creation.vscode-merge-base [12ms]
2024-07-07 17:15:59.192 [info] > git for-each-ref --format=%(refname)%00%(upstream:short)%00%(objectname)%00%(upstream:track)%00%(upstream:remotename)%00%(upstream:remoteref) refs/heads/origin/main refs/remotes/origin/main [9ms]
2024-07-07 17:16:04.158 [info] > git config --get commit.template [7ms]
2024-07-07 17:16:04.166 [info] > git for-each-ref --format=%(refname)%00%(upstream:short)%00%(objectname)%00%(upstream:track)%00%(upstream:remotename)%00%(upstream:remoteref) refs/heads/gem_creation refs/remotes/gem_creation [10ms]
2024-07-07 17:16:04.221 [info] > git status -z -uall [50ms]
2024-07-07 17:16:04.249 [info] > git for-each-ref --format=%(refname)%00%(upstream:short)%00%(objectname)%00%(upstream:track)%00%(upstream:remotename)%00%(upstream:remoteref) refs/heads/gem_creation refs/remotes/gem_creation [20ms]
2024-07-07 17:16:04.271 [info] > git config --local branch.gem_creation.vscode-merge-base [5ms]
2024-07-07 17:16:04.299 [info] > git for-each-ref --format=%(refname)%00%(upstream:short)%00%(objectname)%00%(upstream:track)%00%(upstream:remotename)%00%(upstream:remoteref) refs/heads/origin/main refs/remotes/origin/main [16ms]
2024-07-07 17:16:09.266 [info] > git config --get commit.template [6ms]
2024-07-07 17:16:09.267 [info] > git for-each-ref --format=%(refname)%00%(upstream:short)%00%(objectname)%00%(upstream:track)%00%(upstream:remotename)%00%(upstream:remoteref) refs/heads/gem_creation refs/remotes/gem_creation [2ms]
2024-07-07 17:16:09.295 [info] > git status -z -uall [10ms]
2024-07-07 17:16:09.328 [info] > git for-each-ref --format=%(refname)%00%(upstream:short)%00%(objectname)%00%(upstream:track)%00%(upstream:remotename)%00%(upstream:remoteref) refs/heads/gem_creation refs/remotes/gem_creation [10ms]
2024-07-07 17:16:09.344 [info] > git config --local branch.gem_creation.vscode-merge-base [6ms]
2024-07-07 17:16:09.371 [info] > git for-each-ref --format=%(refname)%00%(upstream:short)%00%(objectname)%00%(upstream:track)%00%(upstream:remotename)%00%(upstream:remoteref) refs/heads/origin/main refs/remotes/origin/main [21ms]
2024-07-07 17:16:14.348 [info] > git config --get commit.template [10ms]
2024-07-07 17:16:14.350 [info] > git for-each-ref --format=%(refname)%00%(upstream:short)%00%(objectname)%00%(upstream:track)%00%(upstream:remotename)%00%(upstream:remoteref) refs/heads/gem_creation refs/remotes/gem_creation [3ms]
2024-07-07 17:16:14.361 [info] > git status -z -uall [7ms]
2024-07-07 17:16:14.377 [info] > git for-each-ref --format=%(refname)%00%(upstream:short)%00%(objectname)%00%(upstream:track)%00%(upstream:remotename)%00%(upstream:remoteref) refs/heads/gem_creation refs/remotes/gem_creation [8ms]
2024-07-07 17:16:14.391 [info] > git config --local branch.gem_creation.vscode-merge-base [9ms]
2024-07-07 17:16:14.399 [info] > git for-each-ref --format=%(refname)%00%(upstream:short)%00%(objectname)%00%(upstream:track)%00%(upstream:remotename)%00%(upstream:remoteref) refs/heads/origin/main refs/remotes/origin/main [3ms]
2024-07-07 17:16:19.389 [info] > git config --get commit.template [6ms]
2024-07-07 17:16:19.390 [info] > git for-each-ref --format=%(refname)%00%(upstream:short)%00%(objectname)%00%(upstream:track)%00%(upstream:remotename)%00%(upstream:remoteref) refs/heads/gem_creation refs/remotes/gem_creation [2ms]
2024-07-07 17:16:19.401 [info] > git status -z -uall [5ms]
2024-07-07 17:16:19.478 [info] > git for-each-ref --format=%(refname)%00%(upstream:short)%00%(objectname)%00%(upstream:track)%00%(upstream:remotename)%00%(upstream:remoteref) refs/heads/gem_creation refs/remotes/gem_creation [15ms]
2024-07-07 17:16:19.497 [info] > git config --local branch.gem_creation.vscode-merge-base [7ms]
2024-07-07 17:16:19.508 [info] > git for-each-ref --format=%(refname)%00%(upstream:short)%00%(objectname)%00%(upstream:track)%00%(upstream:remotename)%00%(upstream:remoteref) refs/heads/origin/main refs/remotes/origin/main [4ms]
2024-07-07 17:16:24.501 [info] > git config --get commit.template [12ms]
2024-07-07 17:16:24.505 [info] > git for-each-ref --format=%(refname)%00%(upstream:short)%00%(objectname)%00%(upstream:track)%00%(upstream:remotename)%00%(upstream:remoteref) refs/heads/gem_creation refs/remotes/gem_creation [6ms]
2024-07-07 17:16:24.519 [info] > git status -z -uall [9ms]
2024-07-07 17:16:24.544 [info] > git for-each-ref --format=%(refname)%00%(upstream:short)%00%(objectname)%00%(upstream:track)%00%(upstream:remotename)%00%(upstream:remoteref) refs/heads/gem_creation refs/remotes/gem_creation [18ms]
2024-07-07 17:16:24.563 [info] > git config --local branch.gem_creation.vscode-merge-base [9ms]
2024-07-07 17:16:24.573 [info] > git for-each-ref --format=%(refname)%00%(upstream:short)%00%(objectname)%00%(upstream:track)%00%(upstream:remotename)%00%(upstream:remoteref) refs/heads/origin/main refs/remotes/origin/main [3ms]
2024-07-07 17:16:33.419 [info] > git config --get commit.template [26ms]
2024-07-07 17:16:33.446 [info] > git for-each-ref --format=%(refname)%00%(upstream:short)%00%(objectname)%00%(upstream:track)%00%(upstream:remotename)%00%(upstream:remoteref) refs/heads/gem_creation refs/remotes/gem_creation [35ms]
2024-07-07 17:16:33.490 [info] > git status -z -uall [36ms]
2024-07-07 17:16:33.612 [info] > git for-each-ref --format=%(refname)%00%(upstream:short)%00%(objectname)%00%(upstream:track)%00%(upstream:remotename)%00%(upstream:remoteref) refs/heads/gem_creation refs/remotes/gem_creation [88ms]
2024-07-07 17:16:33.962 [info] > git config --local branch.gem_creation.vscode-merge-base [334ms]
2024-07-07 17:16:34.022 [info] > git for-each-ref --format=%(refname)%00%(upstream:short)%00%(objectname)%00%(upstream:track)%00%(upstream:remotename)%00%(upstream:remoteref) refs/heads/origin/main refs/remotes/origin/main [39ms]
2024-07-07 17:16:38.618 [info] > git config --get commit.template [4ms]
2024-07-07 17:16:38.624 [info] > git for-each-ref --format=%(refname)%00%(upstream:short)%00%(objectname)%00%(upstream:track)%00%(upstream:remotename)%00%(upstream:remoteref) refs/heads/gem_creation refs/remotes/gem_creation [3ms]
2024-07-07 17:16:38.634 [info] > git status -z -uall [6ms]
2024-07-07 17:16:38.652 [info] > git for-each-ref --format=%(refname)%00%(upstream:short)%00%(objectname)%00%(upstream:track)%00%(upstream:remotename)%00%(upstream:remoteref) refs/heads/gem_creation refs/remotes/gem_creation [12ms]
2024-07-07 17:16:38.664 [info] > git config --local branch.gem_creation.vscode-merge-base [5ms]
2024-07-07 17:16:38.672 [info] > git for-each-ref --format=%(refname)%00%(upstream:short)%00%(objectname)%00%(upstream:track)%00%(upstream:remotename)%00%(upstream:remoteref) refs/heads/origin/main refs/remotes/origin/main [3ms]
2024-07-07 17:16:43.682 [info] > git config --get commit.template [19ms]
2024-07-07 17:16:43.689 [info] > git for-each-ref --format=%(refname)%00%(upstream:short)%00%(objectname)%00%(upstream:track)%00%(upstream:remotename)%00%(upstream:remoteref) refs/heads/gem_creation refs/remotes/gem_creation [9ms]
2024-07-07 17:16:43.715 [info] > git status -z -uall [15ms]
2024-07-07 17:16:43.746 [info] > git for-each-ref --format=%(refname)%00%(upstream:short)%00%(objectname)%00%(upstream:track)%00%(upstream:remotename)%00%(upstream:remoteref) refs/heads/gem_creation refs/remotes/gem_creation [16ms]
2024-07-07 17:16:43.774 [info] > git config --local branch.gem_creation.vscode-merge-base [13ms]
2024-07-07 17:16:43.787 [info] > git for-each-ref --format=%(refname)%00%(upstream:short)%00%(objectname)%00%(upstream:track)%00%(upstream:remotename)%00%(upstream:remoteref) refs/heads/origin/main refs/remotes/origin/main [7ms]
2024-07-07 17:16:48.804 [info] > git config --get commit.template [7ms]
2024-07-07 17:16:48.806 [info] > git for-each-ref --format=%(refname)%00%(upstream:short)%00%(objectname)%00%(upstream:track)%00%(upstream:remotename)%00%(upstream:remoteref) refs/heads/gem_creation refs/remotes/gem_creation [3ms]
2024-07-07 17:16:48.818 [info] > git status -z -uall [7ms]
2024-07-07 17:16:48.834 [info] > git for-each-ref --format=%(refname)%00%(upstream:short)%00%(objectname)%00%(upstream:track)%00%(upstream:remotename)%00%(upstream:remoteref) refs/heads/gem_creation refs/remotes/gem_creation [9ms]
2024-07-07 17:16:48.851 [info] > git config --local branch.gem_creation.vscode-merge-base [3ms]
2024-07-07 17:16:48.857 [info] > git for-each-ref --format=%(refname)%00%(upstream:short)%00%(objectname)%00%(upstream:track)%00%(upstream:remotename)%00%(upstream:remoteref) refs/heads/origin/main refs/remotes/origin/main [2ms]
2024-07-07 17:16:53.872 [info] > git config --get commit.template [12ms]
2024-07-07 17:16:53.883 [info] > git for-each-ref --format=%(refname)%00%(upstream:short)%00%(objectname)%00%(upstream:track)%00%(upstream:remotename)%00%(upstream:remoteref) refs/heads/gem_creation refs/remotes/gem_creation [4ms]
2024-07-07 17:16:53.903 [info] > git status -z -uall [8ms]
2024-07-07 17:16:53.957 [info] > git for-each-ref --format=%(refname)%00%(upstream:short)%00%(objectname)%00%(upstream:track)%00%(upstream:remotename)%00%(upstream:remoteref) refs/heads/gem_creation refs/remotes/gem_creation [35ms]
2024-07-07 17:16:53.967 [info] > git config --local branch.gem_creation.vscode-merge-base [6ms]
2024-07-07 17:16:53.976 [info] > git for-each-ref --format=%(refname)%00%(upstream:short)%00%(objectname)%00%(upstream:track)%00%(upstream:remotename)%00%(upstream:remoteref) refs/heads/origin/main refs/remotes/origin/main [3ms]
2024-07-07 17:16:58.963 [info] > git config --get commit.template [8ms]
2024-07-07 17:16:58.968 [info] > git for-each-ref --format=%(refname)%00%(upstream:short)%00%(objectname)%00%(upstream:track)%00%(upstream:remotename)%00%(upstream:remoteref) refs/heads/gem_creation refs/remotes/gem_creation [7ms]
2024-07-07 17:16:59.007 [info] > git status -z -uall [33ms]
2024-07-07 17:16:59.034 [info] > git for-each-ref --format=%(refname)%00%(upstream:short)%00%(objectname)%00%(upstream:track)%00%(upstream:remotename)%00%(upstream:remoteref) refs/heads/gem_creation refs/remotes/gem_creation [15ms]
2024-07-07 17:16:59.058 [info] > git config --local branch.gem_creation.vscode-merge-base [8ms]
2024-07-07 17:16:59.075 [info] > git for-each-ref --format=%(refname)%00%(upstream:short)%00%(objectname)%00%(upstream:track)%00%(upstream:remotename)%00%(upstream:remoteref) refs/heads/origin/main refs/remotes/origin/main [5ms]
2024-07-07 17:17:04.073 [info] > git config --get commit.template [17ms]
2024-07-07 17:17:04.074 [info] > git for-each-ref --format=%(refname)%00%(upstream:short)%00%(objectname)%00%(upstream:track)%00%(upstream:remotename)%00%(upstream:remoteref) refs/heads/gem_creation refs/remotes/gem_creation [4ms]
2024-07-07 17:17:04.093 [info] > git status -z -uall [12ms]
2024-07-07 17:17:04.114 [info] > git for-each-ref --format=%(refname)%00%(upstream:short)%00%(objectname)%00%(upstream:track)%00%(upstream:remotename)%00%(upstream:remoteref) refs/heads/gem_creation refs/remotes/gem_creation [12ms]
2024-07-07 17:17:04.129 [info] > git config --local branch.gem_creation.vscode-merge-base [1ms]
2024-07-07 17:17:04.149 [info] > git for-each-ref --format=%(refname)%00%(upstream:short)%00%(objectname)%00%(upstream:track)%00%(upstream:remotename)%00%(upstream:remoteref) refs/heads/origin/main refs/remotes/origin/main [9ms]
