2024-07-07 17:02:20.659 [info] Log level: Info
2024-07-07 17:02:20.659 [info] Validating found git in: "git"
2024-07-07 17:02:20.659 [info] Using git "2.34.1" from "git"
2024-07-07 17:02:20.659 [info] > git rev-parse --show-toplevel [104ms]
2024-07-07 17:02:20.659 [info] > git rev-parse --git-dir --git-common-dir [46ms]
2024-07-07 17:02:20.659 [info] Open repository: /root/devcamp/new_app
2024-07-07 17:02:20.659 [info] > git config --get commit.template [58ms]
2024-07-07 17:02:20.659 [info] > git rev-parse --show-toplevel [55ms]
2024-07-07 17:02:20.660 [info] > git for-each-ref --format=%(refname)%00%(upstream:short)%00%(objectname)%00%(upstream:track)%00%(upstream:remotename)%00%(upstream:remoteref) refs/heads/gem_creation refs/remotes/gem_creation [72ms]
2024-07-07 17:02:20.660 [info] > git rev-parse --show-toplevel [44ms]
2024-07-07 17:02:20.669 [info] > git rev-parse --show-toplevel [20ms]
2024-07-07 17:02:20.698 [info] > git rev-parse --show-toplevel [8ms]
2024-07-07 17:02:20.719 [info] > git rev-parse --show-toplevel [11ms]
2024-07-07 17:02:20.742 [info] > git rev-parse --git-dir --git-common-dir [10ms]
2024-07-07 17:02:20.776 [info] Open repository: /root/devcamp/new_app/copyright_tool
2024-07-07 17:02:20.810 [info] > git status -z -uall [208ms]
2024-07-07 17:02:21.653 [info] > git for-each-ref --format=%(refname)%00%(upstream:short)%00%(objectname)%00%(upstream:track)%00%(upstream:remotename)%00%(upstream:remoteref) refs/heads/gem_creation refs/remotes/gem_creation [786ms]
2024-07-07 17:02:21.699 [info] > git rev-parse --show-toplevel [897ms]
2024-07-07 17:02:21.701 [info] > git config --get commit.template [911ms]
2024-07-07 17:02:21.784 [info] > git config --local branch.gem_creation.vscode-merge-base [86ms]
2024-07-07 17:02:21.799 [info] > git config --get commit.template [153ms]
2024-07-07 17:02:21.813 [info] No remotes found in the git config file.
2024-07-07 17:02:21.815 [info] > git rev-parse --show-toplevel [32ms]
2024-07-07 17:02:21.840 [info] > git for-each-ref --format=%(refname)%00%(upstream:short)%00%(objectname)%00%(upstream:track)%00%(upstream:remotename)%00%(upstream:remoteref) refs/heads/origin/main refs/remotes/origin/main [42ms]
2024-07-07 17:02:21.847 [info] > git for-each-ref --format=%(refname)%00%(upstream:short)%00%(objectname)%00%(upstream:track)%00%(upstream:remotename)%00%(upstream:remoteref) refs/heads/gem_creation refs/remotes/gem_creation [22ms]
2024-07-07 17:02:21.865 [info] > git for-each-ref --format=%(refname)%00%(upstream:short)%00%(objectname)%00%(upstream:track)%00%(upstream:remotename)%00%(upstream:remoteref) refs/heads/master refs/remotes/master [52ms]
2024-07-07 17:02:21.866 [warning] No such branch: master.
2024-07-07 17:02:21.885 [info] > git rev-parse --show-toplevel [46ms]
2024-07-07 17:02:21.974 [info] > git status -z -uall [110ms]
2024-07-07 17:02:21.974 [info] > git status -z -uall [91ms]
2024-07-07 17:02:22.054 [info] > git for-each-ref --format=%(refname)%00%(upstream:short)%00%(objectname)%00%(upstream:track)%00%(upstream:remotename)%00%(upstream:remoteref) refs/heads/gem_creation refs/remotes/gem_creation [50ms]
2024-07-07 17:02:22.072 [info] > git rev-parse --show-toplevel [103ms]
2024-07-07 17:02:22.440 [info] > git check-ignore -v -z --stdin [284ms]
2024-07-07 17:02:22.444 [info] > git for-each-ref --format=%(refname)%00%(upstream:short)%00%(objectname)%00%(upstream:track)%00%(upstream:remotename)%00%(upstream:remoteref) refs/heads/master refs/remotes/master [343ms]
2024-07-07 17:02:22.444 [warning] No such branch: master.
2024-07-07 17:02:22.447 [info] > git config --local branch.gem_creation.vscode-merge-base [376ms]
2024-07-07 17:02:22.500 [info] > git for-each-ref --format=%(refname)%00%(upstream:short)%00%(objectname)%00%(upstream:track)%00%(upstream:remotename)%00%(upstream:remoteref) refs/heads/origin/main refs/remotes/origin/main [37ms]
2024-07-07 17:02:22.507 [info] > git config --get commit.template [68ms]
2024-07-07 17:02:22.509 [info] > git rev-parse --show-toplevel [80ms]
2024-07-07 17:02:22.546 [info] No remotes found in the git config file.
2024-07-07 17:02:22.548 [info] > git rev-parse --show-toplevel [18ms]
2024-07-07 17:02:22.565 [info] > git for-each-ref --format=%(refname)%00%(upstream:short)%00%(objectname)%00%(upstream:track)%00%(upstream:remotename)%00%(upstream:remoteref) refs/heads/master refs/remotes/master [19ms]
2024-07-07 17:02:22.566 [warning] No such branch: master.
2024-07-07 17:02:22.589 [info] > git rev-parse --show-toplevel [26ms]
2024-07-07 17:02:22.602 [info] > git status -z -uall [15ms]
2024-07-07 17:02:22.637 [info] > git for-each-ref --format=%(refname)%00%(upstream:short)%00%(objectname)%00%(upstream:track)%00%(upstream:remotename)%00%(upstream:remoteref) refs/heads/master refs/remotes/master [12ms]
2024-07-07 17:02:22.638 [warning] No such branch: master.
2024-07-07 17:02:22.640 [info] > git rev-parse --show-toplevel [41ms]
2024-07-07 17:02:22.655 [info] > git rev-parse --show-toplevel [7ms]
2024-07-07 17:02:24.332 [info] > git show --textconv :app/controllers/users_controller.rb [10ms]
2024-07-07 17:02:24.336 [info] > git ls-files --stage -- /root/devcamp/new_app/app/controllers/users_controller.rb [5ms]
2024-07-07 17:02:24.346 [info] > git cat-file -s 390ccba6d04b2d4ed26b539e890f2f3bbbe8eff1 [5ms]
2024-07-07 17:02:25.741 [info] > git config --get commit.template [13ms]
2024-07-07 17:02:25.753 [info] > git for-each-ref --format=%(refname)%00%(upstream:short)%00%(objectname)%00%(upstream:track)%00%(upstream:remotename)%00%(upstream:remoteref) refs/heads/gem_creation refs/remotes/gem_creation [3ms]
2024-07-07 17:02:25.773 [info] > git status -z -uall [10ms]
2024-07-07 17:02:25.805 [info] > git for-each-ref --format=%(refname)%00%(upstream:short)%00%(objectname)%00%(upstream:track)%00%(upstream:remotename)%00%(upstream:remoteref) refs/heads/gem_creation refs/remotes/gem_creation [21ms]
2024-07-07 17:02:25.819 [info] > git config --local branch.gem_creation.vscode-merge-base [5ms]
2024-07-07 17:02:25.837 [info] > git for-each-ref --format=%(refname)%00%(upstream:short)%00%(objectname)%00%(upstream:track)%00%(upstream:remotename)%00%(upstream:remoteref) refs/heads/origin/main refs/remotes/origin/main [4ms]
2024-07-07 17:02:28.307 [info] > git show --textconv :app/controllers/application_controller.rb [7ms]
2024-07-07 17:02:28.311 [info] > git ls-files --stage -- /root/devcamp/new_app/app/controllers/application_controller.rb [5ms]
2024-07-07 17:02:28.321 [info] > git cat-file -s 09705d12ab4dfe301535a973e2607fad4efc9d0d [5ms]
2024-07-07 17:02:30.816 [info] > git config --get commit.template [9ms]
2024-07-07 17:02:30.817 [info] > git for-each-ref --format=%(refname)%00%(upstream:short)%00%(objectname)%00%(upstream:track)%00%(upstream:remotename)%00%(upstream:remoteref) refs/heads/gem_creation refs/remotes/gem_creation [4ms]
2024-07-07 17:02:30.830 [info] > git status -z -uall [8ms]
2024-07-07 17:02:30.870 [info] > git for-each-ref --format=%(refname)%00%(upstream:short)%00%(objectname)%00%(upstream:track)%00%(upstream:remotename)%00%(upstream:remoteref) refs/heads/gem_creation refs/remotes/gem_creation [30ms]
2024-07-07 17:02:30.884 [info] > git config --local branch.gem_creation.vscode-merge-base [4ms]
2024-07-07 17:02:30.895 [info] > git for-each-ref --format=%(refname)%00%(upstream:short)%00%(objectname)%00%(upstream:track)%00%(upstream:remotename)%00%(upstream:remoteref) refs/heads/origin/main refs/remotes/origin/main [5ms]
2024-07-07 17:02:35.887 [info] > git config --get commit.template [6ms]
2024-07-07 17:02:35.889 [info] > git for-each-ref --format=%(refname)%00%(upstream:short)%00%(objectname)%00%(upstream:track)%00%(upstream:remotename)%00%(upstream:remoteref) refs/heads/gem_creation refs/remotes/gem_creation [4ms]
2024-07-07 17:02:35.902 [info] > git status -z -uall [9ms]
2024-07-07 17:02:35.916 [info] > git for-each-ref --format=%(refname)%00%(upstream:short)%00%(objectname)%00%(upstream:track)%00%(upstream:remotename)%00%(upstream:remoteref) refs/heads/gem_creation refs/remotes/gem_creation [7ms]
2024-07-07 17:02:35.927 [info] > git config --local branch.gem_creation.vscode-merge-base [2ms]
2024-07-07 17:02:35.937 [info] > git for-each-ref --format=%(refname)%00%(upstream:short)%00%(objectname)%00%(upstream:track)%00%(upstream:remotename)%00%(upstream:remoteref) refs/heads/origin/main refs/remotes/origin/main [5ms]
2024-07-07 17:02:41.965 [info] > git config --get commit.template [12ms]
2024-07-07 17:02:41.971 [info] > git for-each-ref --format=%(refname)%00%(upstream:short)%00%(objectname)%00%(upstream:track)%00%(upstream:remotename)%00%(upstream:remoteref) refs/heads/gem_creation refs/remotes/gem_creation [9ms]
2024-07-07 17:02:41.989 [info] > git status -z -uall [12ms]
2024-07-07 17:02:42.012 [info] > git for-each-ref --format=%(refname)%00%(upstream:short)%00%(objectname)%00%(upstream:track)%00%(upstream:remotename)%00%(upstream:remoteref) refs/heads/gem_creation refs/remotes/gem_creation [14ms]
2024-07-07 17:02:42.029 [info] > git config --local branch.gem_creation.vscode-merge-base [3ms]
2024-07-07 17:02:42.046 [info] > git for-each-ref --format=%(refname)%00%(upstream:short)%00%(objectname)%00%(upstream:track)%00%(upstream:remotename)%00%(upstream:remoteref) refs/heads/origin/main refs/remotes/origin/main [6ms]
2024-07-07 17:02:50.889 [info] > git config --get commit.template [23ms]
2024-07-07 17:02:50.891 [info] > git for-each-ref --format=%(refname)%00%(upstream:short)%00%(objectname)%00%(upstream:track)%00%(upstream:remotename)%00%(upstream:remoteref) refs/heads/gem_creation refs/remotes/gem_creation [6ms]
2024-07-07 17:02:50.914 [info] > git status -z -uall [14ms]
2024-07-07 17:02:50.947 [info] > git for-each-ref --format=%(refname)%00%(upstream:short)%00%(objectname)%00%(upstream:track)%00%(upstream:remotename)%00%(upstream:remoteref) refs/heads/gem_creation refs/remotes/gem_creation [21ms]
2024-07-07 17:02:50.964 [info] > git config --local branch.gem_creation.vscode-merge-base [5ms]
2024-07-07 17:02:50.985 [info] > git for-each-ref --format=%(refname)%00%(upstream:short)%00%(objectname)%00%(upstream:track)%00%(upstream:remotename)%00%(upstream:remoteref) refs/heads/origin/main refs/remotes/origin/main [10ms]
