2024-07-07 17:03:46.951 [info] Extension host with pid 27354 started
2024-07-07 17:03:46.951 [info] Skipping acquiring lock for /root/devcamp/new_app/~/root/User/workspaceStorage/b2fd33c8a30321281fb6c97f76845cac.
2024-07-07 17:03:47.636 [info] ExtensionService#_doActivateExtension vscode.emmet, startup: false, activationEvent: 'onLanguage'
2024-07-07 17:03:47.883 [info] ExtensionService#_doActivateExtension vscode.git-base, startup: true, activationEvent: '*', root cause: vscode.git
2024-07-07 17:03:48.022 [info] ExtensionService#_doActivateExtension vscode.git, startup: true, activationEvent: '*'
2024-07-07 17:03:48.084 [info] ExtensionService#_doActivateExtension vscode.github, startup: true, activationEvent: '*'
2024-07-07 17:03:48.383 [info] Eager extensions activated
2024-07-07 17:03:48.492 [info] ExtensionService#_doActivateExtension vscode.debug-auto-launch, startup: false, activationEvent: 'onStartupFinished'
2024-07-07 17:03:48.503 [info] ExtensionService#_doActivateExtension vscode.merge-conflict, startup: false, activationEvent: 'onStartupFinished'
2024-07-07 17:03:48.759 [warning] [Decorations] CAPPING events from decorations provider vscode.git 419
2024-07-07 17:03:49.118 [info] ExtensionService#_doActivateExtension vscode.github-authentication, startup: false, activationEvent: 'onAuthenticationRequest:github'
2024-07-07 17:03:49.270 [warning] [Decorations] CAPPING events from decorations provider vscode.git 422
2024-07-07 17:03:50.815 [error] Error: No such branch: master.
	at F.getBranch (/snap/code/163/usr/share/code/resources/app/extensions/git/dist/main.js:2:935457)
	at async T.retryRun (/snap/code/163/usr/share/code/resources/app/extensions/git/dist/main.js:2:1028070)
	at async T.run (/snap/code/163/usr/share/code/resources/app/extensions/git/dist/main.js:2:1027674)
	at async T.getBranch (/snap/code/163/usr/share/code/resources/app/extensions/git/dist/main.js:2:1016055)
	at async T.getBranchBase (/snap/code/163/usr/share/code/resources/app/extensions/git/dist/main.js:2:1016341)
	at async t.GitHistoryProvider.resolveHEADMergeBase (/snap/code/163/usr/share/code/resources/app/extensions/git/dist/main.js:2:945804)
	at async t.GitHistoryProvider.onDidRunGitStatus (/snap/code/163/usr/share/code/resources/app/extensions/git/dist/main.js:2:940157)
2024-07-07 17:03:50.952 [error] Error: No such branch: master.
	at F.getBranch (/snap/code/163/usr/share/code/resources/app/extensions/git/dist/main.js:2:935457)
	at async T.retryRun (/snap/code/163/usr/share/code/resources/app/extensions/git/dist/main.js:2:1028070)
	at async T.run (/snap/code/163/usr/share/code/resources/app/extensions/git/dist/main.js:2:1027674)
	at async T.getBranch (/snap/code/163/usr/share/code/resources/app/extensions/git/dist/main.js:2:1016055)
	at async T.getBranchBase (/snap/code/163/usr/share/code/resources/app/extensions/git/dist/main.js:2:1016341)
	at async t.GitHistoryProvider.resolveHEADMergeBase (/snap/code/163/usr/share/code/resources/app/extensions/git/dist/main.js:2:945804)
	at async t.GitHistoryProvider.onDidRunGitStatus (/snap/code/163/usr/share/code/resources/app/extensions/git/dist/main.js:2:940157)
2024-07-07 17:03:51.392 [info] Extension host terminating: renderer closed the MessagePort
2024-07-07 17:03:51.471 [error] Canceled: Canceled
	at new I (/snap/code/163/usr/share/code/resources/app/out/vs/workbench/api/node/extensionHostProcess.js:144:34990)
	at S.U (/snap/code/163/usr/share/code/resources/app/out/vs/workbench/api/node/extensionHostProcess.js:151:6023)
	at z.<computed>.F.charCodeAt.T.CharCode.DollarSign.z.<computed> (/snap/code/163/usr/share/code/resources/app/out/vs/workbench/api/node/extensionHostProcess.js:151:3107)
	at f.g (/snap/code/163/usr/share/code/resources/app/out/vs/workbench/api/node/extensionHostProcess.js:154:203861)
	at f.executeCommand (/snap/code/163/usr/share/code/resources/app/out/vs/workbench/api/node/extensionHostProcess.js:154:203299)
	at A.registerCommand.description (/snap/code/163/usr/share/code/resources/app/out/vs/workbench/api/node/extensionHostProcess.js:154:202623)
	at f.h (/snap/code/163/usr/share/code/resources/app/out/vs/workbench/api/node/extensionHostProcess.js:154:204400)
	at f.g (/snap/code/163/usr/share/code/resources/app/out/vs/workbench/api/node/extensionHostProcess.js:154:203392)
	at f.executeCommand (/snap/code/163/usr/share/code/resources/app/out/vs/workbench/api/node/extensionHostProcess.js:154:203299)
	at Object.executeCommand (/snap/code/163/usr/share/code/resources/app/out/vs/workbench/api/node/extensionHostProcess.js:164:23051)
	at n.O [as value] (/snap/code/163/usr/share/code/resources/app/extensions/git/dist/main.js:2:949375)
	at r.B (/snap/code/163/usr/share/code/resources/app/out/vs/workbench/api/node/extensionHostProcess.js:83:737)
	at r.C (/snap/code/163/usr/share/code/resources/app/out/vs/workbench/api/node/extensionHostProcess.js:83:807)
	at r.fire (/snap/code/163/usr/share/code/resources/app/out/vs/workbench/api/node/extensionHostProcess.js:83:1023)
	at Object.p [as dispose] (/snap/code/163/usr/share/code/resources/app/extensions/git/dist/main.js:2:968579)
	at /snap/code/163/usr/share/code/resources/app/extensions/git/dist/main.js:2:974617
	at Array.forEach (<anonymous>)
	at f.dispose (/snap/code/163/usr/share/code/resources/app/extensions/git/dist/main.js:2:974603)
	at c.<anonymous> (/snap/code/163/usr/share/code/resources/app/out/vs/workbench/api/node/extensionHostProcess.js:152:4048)
	at c.dispose (/snap/code/163/usr/share/code/resources/app/out/vs/workbench/api/node/extensionHostProcess.js:152:4145)
	at c.<anonymous> (/snap/code/163/usr/share/code/resources/app/extensions/git/dist/main.js:2:951632)
	at c.dispose (/snap/code/163/usr/share/code/resources/app/out/vs/workbench/api/node/extensionHostProcess.js:152:4145)
	at d (/snap/code/163/usr/share/code/resources/app/out/vs/workbench/api/node/extensionHostProcess.js:30:744)
	at m.eb (/snap/code/163/usr/share/code/resources/app/out/vs/workbench/api/node/extensionHostProcess.js:160:10039)
	at /snap/code/163/usr/share/code/resources/app/out/vs/workbench/api/node/extensionHostProcess.js:160:7915
	at Array.map (<anonymous>)
	at m.$ (/snap/code/163/usr/share/code/resources/app/out/vs/workbench/api/node/extensionHostProcess.js:160:7902)
	at m.terminate (/snap/code/163/usr/share/code/resources/app/out/vs/workbench/api/node/extensionHostProcess.js:160:8175)
	at d.terminate (/snap/code/163/usr/share/code/resources/app/out/vs/workbench/api/node/extensionHostProcess.js:164:1513)
	at i (/snap/code/163/usr/share/code/resources/app/out/vs/workbench/api/node/extensionHostProcess.js:177:10617)
	at MessagePortMain.<anonymous> (/snap/code/163/usr/share/code/resources/app/out/vs/workbench/api/node/extensionHostProcess.js:177:6809)
	at MessagePortMain.emit (node:events:514:28)
	at MessagePortMain._internalPort.emit (node:electron/js2c/utility_init:2:2285) setContext undefined
2024-07-07 17:03:51.472 [error] Canceled: Canceled
	at new I (/snap/code/163/usr/share/code/resources/app/out/vs/workbench/api/node/extensionHostProcess.js:144:34990)
	at S.U (/snap/code/163/usr/share/code/resources/app/out/vs/workbench/api/node/extensionHostProcess.js:151:6023)
	at z.<computed>.F.charCodeAt.T.CharCode.DollarSign.z.<computed> (/snap/code/163/usr/share/code/resources/app/out/vs/workbench/api/node/extensionHostProcess.js:151:3107)
	at f.g (/snap/code/163/usr/share/code/resources/app/out/vs/workbench/api/node/extensionHostProcess.js:154:203861)
	at f.executeCommand (/snap/code/163/usr/share/code/resources/app/out/vs/workbench/api/node/extensionHostProcess.js:154:203299)
	at A.registerCommand.description (/snap/code/163/usr/share/code/resources/app/out/vs/workbench/api/node/extensionHostProcess.js:154:202623)
	at f.h (/snap/code/163/usr/share/code/resources/app/out/vs/workbench/api/node/extensionHostProcess.js:154:204400)
	at f.g (/snap/code/163/usr/share/code/resources/app/out/vs/workbench/api/node/extensionHostProcess.js:154:203392)
	at f.executeCommand (/snap/code/163/usr/share/code/resources/app/out/vs/workbench/api/node/extensionHostProcess.js:154:203299)
	at Object.executeCommand (/snap/code/163/usr/share/code/resources/app/out/vs/workbench/api/node/extensionHostProcess.js:164:23051)
	at n.O [as value] (/snap/code/163/usr/share/code/resources/app/extensions/git/dist/main.js:2:949375)
	at r.B (/snap/code/163/usr/share/code/resources/app/out/vs/workbench/api/node/extensionHostProcess.js:83:737)
	at r.C (/snap/code/163/usr/share/code/resources/app/out/vs/workbench/api/node/extensionHostProcess.js:83:807)
	at r.fire (/snap/code/163/usr/share/code/resources/app/out/vs/workbench/api/node/extensionHostProcess.js:83:1023)
	at Object.p [as dispose] (/snap/code/163/usr/share/code/resources/app/extensions/git/dist/main.js:2:968579)
	at /snap/code/163/usr/share/code/resources/app/extensions/git/dist/main.js:2:974617
	at Array.forEach (<anonymous>)
	at f.dispose (/snap/code/163/usr/share/code/resources/app/extensions/git/dist/main.js:2:974603)
	at c.<anonymous> (/snap/code/163/usr/share/code/resources/app/out/vs/workbench/api/node/extensionHostProcess.js:152:4048)
	at c.dispose (/snap/code/163/usr/share/code/resources/app/out/vs/workbench/api/node/extensionHostProcess.js:152:4145)
	at c.<anonymous> (/snap/code/163/usr/share/code/resources/app/extensions/git/dist/main.js:2:951632)
	at c.dispose (/snap/code/163/usr/share/code/resources/app/out/vs/workbench/api/node/extensionHostProcess.js:152:4145)
	at d (/snap/code/163/usr/share/code/resources/app/out/vs/workbench/api/node/extensionHostProcess.js:30:744)
	at m.eb (/snap/code/163/usr/share/code/resources/app/out/vs/workbench/api/node/extensionHostProcess.js:160:10039)
	at /snap/code/163/usr/share/code/resources/app/out/vs/workbench/api/node/extensionHostProcess.js:160:7915
	at Array.map (<anonymous>)
	at m.$ (/snap/code/163/usr/share/code/resources/app/out/vs/workbench/api/node/extensionHostProcess.js:160:7902)
	at m.terminate (/snap/code/163/usr/share/code/resources/app/out/vs/workbench/api/node/extensionHostProcess.js:160:8175)
	at d.terminate (/snap/code/163/usr/share/code/resources/app/out/vs/workbench/api/node/extensionHostProcess.js:164:1513)
	at i (/snap/code/163/usr/share/code/resources/app/out/vs/workbench/api/node/extensionHostProcess.js:177:10617)
	at MessagePortMain.<anonymous> (/snap/code/163/usr/share/code/resources/app/out/vs/workbench/api/node/extensionHostProcess.js:177:6809)
	at MessagePortMain.emit (node:events:514:28)
	at MessagePortMain._internalPort.emit (node:electron/js2c/utility_init:2:2285) setContext undefined
2024-07-07 17:03:51.473 [error] Canceled: Canceled
	at new I (/snap/code/163/usr/share/code/resources/app/out/vs/workbench/api/node/extensionHostProcess.js:144:34990)
	at S.U (/snap/code/163/usr/share/code/resources/app/out/vs/workbench/api/node/extensionHostProcess.js:151:6023)
	at z.<computed>.F.charCodeAt.T.CharCode.DollarSign.z.<computed> (/snap/code/163/usr/share/code/resources/app/out/vs/workbench/api/node/extensionHostProcess.js:151:3107)
	at f.g (/snap/code/163/usr/share/code/resources/app/out/vs/workbench/api/node/extensionHostProcess.js:154:203861)
	at f.executeCommand (/snap/code/163/usr/share/code/resources/app/out/vs/workbench/api/node/extensionHostProcess.js:154:203299)
	at A.registerCommand.description (/snap/code/163/usr/share/code/resources/app/out/vs/workbench/api/node/extensionHostProcess.js:154:202623)
	at f.h (/snap/code/163/usr/share/code/resources/app/out/vs/workbench/api/node/extensionHostProcess.js:154:204400)
	at f.g (/snap/code/163/usr/share/code/resources/app/out/vs/workbench/api/node/extensionHostProcess.js:154:203392)
	at f.executeCommand (/snap/code/163/usr/share/code/resources/app/out/vs/workbench/api/node/extensionHostProcess.js:154:203299)
	at Object.executeCommand (/snap/code/163/usr/share/code/resources/app/out/vs/workbench/api/node/extensionHostProcess.js:164:23051)
	at set hasGitHubRepositories (/snap/code/163/usr/share/code/resources/app/extensions/github/dist/extension.js:2:322969)
	at /snap/code/163/usr/share/code/resources/app/extensions/github/dist/extension.js:2:323928
	at n.value (/snap/code/163/usr/share/code/resources/app/extensions/git/dist/main.js:2:1055117)
	at r.B (/snap/code/163/usr/share/code/resources/app/out/vs/workbench/api/node/extensionHostProcess.js:83:737)
	at r.C (/snap/code/163/usr/share/code/resources/app/out/vs/workbench/api/node/extensionHostProcess.js:83:807)
	at r.fire (/snap/code/163/usr/share/code/resources/app/out/vs/workbench/api/node/extensionHostProcess.js:83:1023)
	at Object.p [as dispose] (/snap/code/163/usr/share/code/resources/app/extensions/git/dist/main.js:2:968579)
	at /snap/code/163/usr/share/code/resources/app/extensions/git/dist/main.js:2:974617
	at Array.forEach (<anonymous>)
	at f.dispose (/snap/code/163/usr/share/code/resources/app/extensions/git/dist/main.js:2:974603)
	at c.<anonymous> (/snap/code/163/usr/share/code/resources/app/out/vs/workbench/api/node/extensionHostProcess.js:152:4048)
	at c.dispose (/snap/code/163/usr/share/code/resources/app/out/vs/workbench/api/node/extensionHostProcess.js:152:4145)
	at c.<anonymous> (/snap/code/163/usr/share/code/resources/app/extensions/git/dist/main.js:2:951632)
	at c.dispose (/snap/code/163/usr/share/code/resources/app/out/vs/workbench/api/node/extensionHostProcess.js:152:4145)
	at d (/snap/code/163/usr/share/code/resources/app/out/vs/workbench/api/node/extensionHostProcess.js:30:744)
	at m.eb (/snap/code/163/usr/share/code/resources/app/out/vs/workbench/api/node/extensionHostProcess.js:160:10039)
	at /snap/code/163/usr/share/code/resources/app/out/vs/workbench/api/node/extensionHostProcess.js:160:7915
	at Array.map (<anonymous>)
	at m.$ (/snap/code/163/usr/share/code/resources/app/out/vs/workbench/api/node/extensionHostProcess.js:160:7902)
	at m.terminate (/snap/code/163/usr/share/code/resources/app/out/vs/workbench/api/node/extensionHostProcess.js:160:8175)
	at d.terminate (/snap/code/163/usr/share/code/resources/app/out/vs/workbench/api/node/extensionHostProcess.js:164:1513)
	at i (/snap/code/163/usr/share/code/resources/app/out/vs/workbench/api/node/extensionHostProcess.js:177:10617)
	at MessagePortMain.<anonymous> (/snap/code/163/usr/share/code/resources/app/out/vs/workbench/api/node/extensionHostProcess.js:177:6809)
	at MessagePortMain.emit (node:events:514:28)
	at MessagePortMain._internalPort.emit (node:electron/js2c/utility_init:2:2285) setContext undefined
2024-07-07 17:03:51.473 [error] ProxyResolver#addCertificatesV1 Canceled: Canceled
	at new I (/snap/code/163/usr/share/code/resources/app/out/vs/workbench/api/node/extensionHostProcess.js:144:34990)
	at S.U (/snap/code/163/usr/share/code/resources/app/out/vs/workbench/api/node/extensionHostProcess.js:151:6023)
	at z.<computed>.F.charCodeAt.T.CharCode.DollarSign.z.<computed> (/snap/code/163/usr/share/code/resources/app/out/vs/workbench/api/node/extensionHostProcess.js:151:3107)
	at M.loadCertificates (/snap/code/163/usr/share/code/resources/app/out/vs/workbench/api/node/extensionHostProcess.js:157:43397)
	at Object.loadAdditionalCertificates (/snap/code/163/usr/share/code/resources/app/out/vs/workbench/api/node/extensionHostProcess.js:139:33100)
	at /snap/code/163/usr/share/code/resources/app/node_modules.asar/@vscode/proxy-agent/out/index.js:497:53
	at Generator.next (<anonymous>)
	at /snap/code/163/usr/share/code/resources/app/node_modules.asar/@vscode/proxy-agent/out/index.js:35:71
	at new Promise (<anonymous>)
	at __awaiter (/snap/code/163/usr/share/code/resources/app/node_modules.asar/@vscode/proxy-agent/out/index.js:31:12)
	at /snap/code/163/usr/share/code/resources/app/node_modules.asar/@vscode/proxy-agent/out/index.js:496:43
	at /snap/code/163/usr/share/code/resources/app/node_modules.asar/@vscode/proxy-agent/out/index.js:498:16
	at Generator.next (<anonymous>)
	at /snap/code/163/usr/share/code/resources/app/node_modules.asar/@vscode/proxy-agent/out/index.js:35:71
	at new Promise (<anonymous>)
	at __awaiter (/snap/code/163/usr/share/code/resources/app/node_modules.asar/@vscode/proxy-agent/out/index.js:31:12)
	at getOrLoadAdditionalCertificates (/snap/code/163/usr/share/code/resources/app/node_modules.asar/@vscode/proxy-agent/out/index.js:494:12)
	at addCertificatesV1 (/snap/code/163/usr/share/code/resources/app/node_modules.asar/@vscode/proxy-agent/out/index.js:478:9)
	at resolveProxy (/snap/code/163/usr/share/code/resources/app/node_modules.asar/@vscode/proxy-agent/out/index.js:113:9)
	at /snap/code/163/usr/share/code/resources/app/node_modules.asar/@vscode/proxy-agent/out/index.js:325:77
	at new Promise (<anonymous>)
	at _PacProxyAgent.resolveP [as resolver] (/snap/code/163/usr/share/code/resources/app/node_modules.asar/@vscode/proxy-agent/out/index.js:325:54)
	at _PacProxyAgent.<anonymous> (/snap/code/163/usr/share/code/resources/app/node_modules.asar/@vscode/proxy-agent/out/agent.js:70:37)
	at Generator.next (<anonymous>)
	at /snap/code/163/usr/share/code/resources/app/node_modules.asar/@vscode/proxy-agent/out/agent.js:8:71
	at new Promise (<anonymous>)
	at __awaiter (/snap/code/163/usr/share/code/resources/app/node_modules.asar/@vscode/proxy-agent/out/agent.js:4:12)
	at _PacProxyAgent.connect (/snap/code/163/usr/share/code/resources/app/node_modules.asar/@vscode/proxy-agent/out/agent.js:52:16)
	at /snap/code/163/usr/share/code/resources/app/node_modules.asar/agent-base/dist/index.js:73:30
2024-07-07 17:03:51.474 [error] ProxyResolver#addCertificatesV1 Canceled: Canceled
	at new I (/snap/code/163/usr/share/code/resources/app/out/vs/workbench/api/node/extensionHostProcess.js:144:34990)
	at S.U (/snap/code/163/usr/share/code/resources/app/out/vs/workbench/api/node/extensionHostProcess.js:151:6023)
	at z.<computed>.F.charCodeAt.T.CharCode.DollarSign.z.<computed> (/snap/code/163/usr/share/code/resources/app/out/vs/workbench/api/node/extensionHostProcess.js:151:3107)
	at M.loadCertificates (/snap/code/163/usr/share/code/resources/app/out/vs/workbench/api/node/extensionHostProcess.js:157:43397)
	at Object.loadAdditionalCertificates (/snap/code/163/usr/share/code/resources/app/out/vs/workbench/api/node/extensionHostProcess.js:139:33100)
	at /snap/code/163/usr/share/code/resources/app/node_modules.asar/@vscode/proxy-agent/out/index.js:497:53
	at Generator.next (<anonymous>)
	at /snap/code/163/usr/share/code/resources/app/node_modules.asar/@vscode/proxy-agent/out/index.js:35:71
	at new Promise (<anonymous>)
	at __awaiter (/snap/code/163/usr/share/code/resources/app/node_modules.asar/@vscode/proxy-agent/out/index.js:31:12)
	at /snap/code/163/usr/share/code/resources/app/node_modules.asar/@vscode/proxy-agent/out/index.js:496:43
	at /snap/code/163/usr/share/code/resources/app/node_modules.asar/@vscode/proxy-agent/out/index.js:498:16
	at Generator.next (<anonymous>)
	at /snap/code/163/usr/share/code/resources/app/node_modules.asar/@vscode/proxy-agent/out/index.js:35:71
	at new Promise (<anonymous>)
	at __awaiter (/snap/code/163/usr/share/code/resources/app/node_modules.asar/@vscode/proxy-agent/out/index.js:31:12)
	at getOrLoadAdditionalCertificates (/snap/code/163/usr/share/code/resources/app/node_modules.asar/@vscode/proxy-agent/out/index.js:494:12)
	at addCertificatesV1 (/snap/code/163/usr/share/code/resources/app/node_modules.asar/@vscode/proxy-agent/out/index.js:478:9)
	at resolveProxy (/snap/code/163/usr/share/code/resources/app/node_modules.asar/@vscode/proxy-agent/out/index.js:113:9)
	at /snap/code/163/usr/share/code/resources/app/node_modules.asar/@vscode/proxy-agent/out/index.js:325:77
	at new Promise (<anonymous>)
	at _PacProxyAgent.resolveP [as resolver] (/snap/code/163/usr/share/code/resources/app/node_modules.asar/@vscode/proxy-agent/out/index.js:325:54)
	at _PacProxyAgent.<anonymous> (/snap/code/163/usr/share/code/resources/app/node_modules.asar/@vscode/proxy-agent/out/agent.js:70:37)
	at Generator.next (<anonymous>)
	at /snap/code/163/usr/share/code/resources/app/node_modules.asar/@vscode/proxy-agent/out/agent.js:8:71
	at new Promise (<anonymous>)
	at __awaiter (/snap/code/163/usr/share/code/resources/app/node_modules.asar/@vscode/proxy-agent/out/agent.js:4:12)
	at _PacProxyAgent.connect (/snap/code/163/usr/share/code/resources/app/node_modules.asar/@vscode/proxy-agent/out/agent.js:52:16)
	at /snap/code/163/usr/share/code/resources/app/node_modules.asar/agent-base/dist/index.js:73:30
2024-07-07 17:03:51.474 [info] Extension host with pid 27354 exiting with code 0
