2024-07-09 19:13:35.783 [info] Extension host with pid 75498 started
2024-07-09 19:13:35.856 [info] ExtensionService#_doActivateExtension vscode.git-base, startup: true, activationEvent: '*', root cause: vscode.git
2024-07-09 19:13:35.967 [info] ExtensionService#_doActivateExtension vscode.git, startup: true, activationEvent: '*'
2024-07-09 19:13:36.037 [info] ExtensionService#_doActivateExtension vscode.github, startup: true, activationEvent: '*'
2024-07-09 19:13:36.196 [info] Eager extensions activated
2024-07-09 19:13:36.268 [info] ExtensionService#_doActivateExtension vscode.debug-auto-launch, startup: false, activationEvent: 'onStartupFinished'
2024-07-09 19:13:36.273 [info] ExtensionService#_doActivateExtension vscode.merge-conflict, startup: false, activationEvent: 'onStartupFinished'
2024-07-09 19:14:16.000 [info] Extension host terminating: renderer closed the MessagePort
2024-07-09 19:14:16.025 [info] Extension host with pid 75498 exiting with code 0
2024-07-09 19:14:18.884 [info] Extension host with pid 75698 started
2024-07-09 19:14:18.884 [info] Skipping acquiring lock for /root/devcamp/new_app/~/root/User/workspaceStorage/b2fd33c8a30321281fb6c97f76845cac.
2024-07-09 19:14:19.183 [info] ExtensionService#_doActivateExtension vscode.emmet, startup: false, activationEvent: 'onLanguage'
2024-07-09 19:14:19.513 [info] ExtensionService#_doActivateExtension vscode.git-base, startup: true, activationEvent: '*', root cause: vscode.git
2024-07-09 19:14:19.987 [info] ExtensionService#_doActivateExtension vscode.git, startup: true, activationEvent: '*'
2024-07-09 19:14:20.067 [info] ExtensionService#_doActivateExtension vscode.github, startup: true, activationEvent: '*'
2024-07-09 19:14:20.289 [info] Eager extensions activated
2024-07-09 19:14:20.380 [info] ExtensionService#_doActivateExtension vscode.debug-auto-launch, startup: false, activationEvent: 'onStartupFinished'
2024-07-09 19:14:20.385 [info] ExtensionService#_doActivateExtension vscode.merge-conflict, startup: false, activationEvent: 'onStartupFinished'
2024-07-09 19:14:20.709 [warning] [Decorations] CAPPING events from decorations provider vscode.git 643
2024-07-09 19:14:21.159 [warning] [Decorations] CAPPING events from decorations provider vscode.git 643
2024-07-09 19:14:21.181 [info] ExtensionService#_doActivateExtension vscode.github-authentication, startup: false, activationEvent: 'onAuthenticationRequest:github'
2024-07-09 19:14:22.033 [error] Error: No such branch: master.
	at F.getBranch (/snap/code/163/usr/share/code/resources/app/extensions/git/dist/main.js:2:935457)
	at async T.retryRun (/snap/code/163/usr/share/code/resources/app/extensions/git/dist/main.js:2:1028070)
	at async T.run (/snap/code/163/usr/share/code/resources/app/extensions/git/dist/main.js:2:1027674)
	at async T.getBranch (/snap/code/163/usr/share/code/resources/app/extensions/git/dist/main.js:2:1016055)
	at async T.getBranchBase (/snap/code/163/usr/share/code/resources/app/extensions/git/dist/main.js:2:1016341)
	at async t.GitHistoryProvider.resolveHEADMergeBase (/snap/code/163/usr/share/code/resources/app/extensions/git/dist/main.js:2:945804)
	at async t.GitHistoryProvider.onDidRunGitStatus (/snap/code/163/usr/share/code/resources/app/extensions/git/dist/main.js:2:940157)
2024-07-09 19:14:22.149 [error] Error: No such branch: master.
	at F.getBranch (/snap/code/163/usr/share/code/resources/app/extensions/git/dist/main.js:2:935457)
	at async T.retryRun (/snap/code/163/usr/share/code/resources/app/extensions/git/dist/main.js:2:1028070)
	at async T.run (/snap/code/163/usr/share/code/resources/app/extensions/git/dist/main.js:2:1027674)
	at async T.getBranch (/snap/code/163/usr/share/code/resources/app/extensions/git/dist/main.js:2:1016055)
	at async T.getBranchBase (/snap/code/163/usr/share/code/resources/app/extensions/git/dist/main.js:2:1016341)
	at async t.GitHistoryProvider.resolveHEADMergeBase (/snap/code/163/usr/share/code/resources/app/extensions/git/dist/main.js:2:945804)
	at async t.GitHistoryProvider.onDidRunGitStatus (/snap/code/163/usr/share/code/resources/app/extensions/git/dist/main.js:2:940157)
2024-07-09 19:14:29.158 [warning] [Decorations] CAPPING events from decorations provider vscode.git 644
2024-07-09 19:14:34.218 [warning] [Decorations] CAPPING events from decorations provider vscode.git 644
2024-07-09 19:14:39.275 [warning] [Decorations] CAPPING events from decorations provider vscode.git 644
2024-07-09 19:14:44.364 [warning] [Decorations] CAPPING events from decorations provider vscode.git 644
2024-07-09 19:14:49.411 [warning] [Decorations] CAPPING events from decorations provider vscode.git 644
2024-07-09 19:14:54.480 [warning] [Decorations] CAPPING events from decorations provider vscode.git 644
2024-07-09 19:14:59.545 [warning] [Decorations] CAPPING events from decorations provider vscode.git 644
2024-07-09 19:15:04.606 [warning] [Decorations] CAPPING events from decorations provider vscode.git 644
2024-07-09 19:15:09.666 [warning] [Decorations] CAPPING events from decorations provider vscode.git 644
2024-07-09 19:15:14.784 [warning] [Decorations] CAPPING events from decorations provider vscode.git 644
2024-07-09 19:15:19.845 [warning] [Decorations] CAPPING events from decorations provider vscode.git 644
2024-07-09 19:15:24.896 [warning] [Decorations] CAPPING events from decorations provider vscode.git 644
2024-07-09 19:15:29.950 [warning] [Decorations] CAPPING events from decorations provider vscode.git 644
2024-07-09 19:15:35.004 [warning] [Decorations] CAPPING events from decorations provider vscode.git 644
2024-07-09 19:15:40.059 [warning] [Decorations] CAPPING events from decorations provider vscode.git 644
2024-07-09 19:15:45.118 [warning] [Decorations] CAPPING events from decorations provider vscode.git 644
2024-07-09 19:15:50.174 [warning] [Decorations] CAPPING events from decorations provider vscode.git 644
2024-07-09 19:15:55.237 [warning] [Decorations] CAPPING events from decorations provider vscode.git 644
2024-07-09 19:16:00.313 [warning] [Decorations] CAPPING events from decorations provider vscode.git 644
2024-07-09 19:16:05.372 [warning] [Decorations] CAPPING events from decorations provider vscode.git 644
2024-07-09 19:16:10.423 [warning] [Decorations] CAPPING events from decorations provider vscode.git 644
2024-07-09 19:16:15.483 [warning] [Decorations] CAPPING events from decorations provider vscode.git 644
2024-07-09 19:16:20.548 [warning] [Decorations] CAPPING events from decorations provider vscode.git 644
2024-07-09 19:16:25.607 [warning] [Decorations] CAPPING events from decorations provider vscode.git 644
2024-07-09 19:16:30.667 [warning] [Decorations] CAPPING events from decorations provider vscode.git 644
2024-07-09 19:16:35.732 [warning] [Decorations] CAPPING events from decorations provider vscode.git 644
2024-07-09 19:16:40.813 [warning] [Decorations] CAPPING events from decorations provider vscode.git 644
2024-07-09 19:16:45.868 [warning] [Decorations] CAPPING events from decorations provider vscode.git 644
2024-07-09 19:16:50.925 [warning] [Decorations] CAPPING events from decorations provider vscode.git 644
2024-07-09 19:16:55.982 [warning] [Decorations] CAPPING events from decorations provider vscode.git 644
2024-07-09 19:17:01.054 [warning] [Decorations] CAPPING events from decorations provider vscode.git 644
2024-07-09 19:17:06.108 [warning] [Decorations] CAPPING events from decorations provider vscode.git 644
2024-07-09 19:17:11.165 [warning] [Decorations] CAPPING events from decorations provider vscode.git 644
2024-07-09 19:17:16.214 [warning] [Decorations] CAPPING events from decorations provider vscode.git 644
2024-07-09 19:17:21.272 [warning] [Decorations] CAPPING events from decorations provider vscode.git 644
2024-07-09 19:17:26.335 [warning] [Decorations] CAPPING events from decorations provider vscode.git 644
2024-07-09 19:17:31.391 [warning] [Decorations] CAPPING events from decorations provider vscode.git 644
2024-07-09 19:17:36.475 [warning] [Decorations] CAPPING events from decorations provider vscode.git 644
2024-07-09 19:17:41.520 [warning] [Decorations] CAPPING events from decorations provider vscode.git 644
2024-07-09 19:17:46.579 [warning] [Decorations] CAPPING events from decorations provider vscode.git 644
2024-07-09 19:17:51.653 [warning] [Decorations] CAPPING events from decorations provider vscode.git 644
2024-07-09 19:17:56.736 [warning] [Decorations] CAPPING events from decorations provider vscode.git 644
2024-07-09 19:18:01.818 [warning] [Decorations] CAPPING events from decorations provider vscode.git 644
2024-07-09 19:18:06.869 [warning] [Decorations] CAPPING events from decorations provider vscode.git 644
2024-07-09 19:18:11.923 [warning] [Decorations] CAPPING events from decorations provider vscode.git 644
2024-07-09 19:18:16.978 [warning] [Decorations] CAPPING events from decorations provider vscode.git 644
2024-07-09 19:18:22.068 [warning] [Decorations] CAPPING events from decorations provider vscode.git 644
2024-07-09 19:18:27.115 [warning] [Decorations] CAPPING events from decorations provider vscode.git 644
2024-07-09 19:18:32.183 [warning] [Decorations] CAPPING events from decorations provider vscode.git 644
2024-07-09 19:18:37.236 [warning] [Decorations] CAPPING events from decorations provider vscode.git 644
2024-07-09 19:18:42.319 [warning] [Decorations] CAPPING events from decorations provider vscode.git 644
2024-07-09 19:18:47.373 [warning] [Decorations] CAPPING events from decorations provider vscode.git 644
2024-07-09 19:18:52.470 [warning] [Decorations] CAPPING events from decorations provider vscode.git 644
2024-07-09 19:18:57.537 [warning] [Decorations] CAPPING events from decorations provider vscode.git 644
2024-07-09 19:19:02.591 [warning] [Decorations] CAPPING events from decorations provider vscode.git 644
2024-07-09 19:19:07.645 [warning] [Decorations] CAPPING events from decorations provider vscode.git 644
2024-07-09 19:19:12.705 [warning] [Decorations] CAPPING events from decorations provider vscode.git 644
2024-07-09 19:19:17.775 [warning] [Decorations] CAPPING events from decorations provider vscode.git 644
2024-07-09 19:19:22.849 [warning] [Decorations] CAPPING events from decorations provider vscode.git 644
2024-07-09 19:19:27.911 [warning] [Decorations] CAPPING events from decorations provider vscode.git 644
2024-07-09 19:19:32.975 [warning] [Decorations] CAPPING events from decorations provider vscode.git 644
2024-07-09 19:19:38.042 [warning] [Decorations] CAPPING events from decorations provider vscode.git 644
2024-07-09 19:19:43.094 [warning] [Decorations] CAPPING events from decorations provider vscode.git 644
2024-07-09 19:19:48.152 [warning] [Decorations] CAPPING events from decorations provider vscode.git 644
2024-07-09 19:19:53.218 [warning] [Decorations] CAPPING events from decorations provider vscode.git 644
2024-07-09 19:19:58.297 [warning] [Decorations] CAPPING events from decorations provider vscode.git 644
2024-07-09 19:20:03.348 [warning] [Decorations] CAPPING events from decorations provider vscode.git 644
2024-07-09 19:20:08.406 [warning] [Decorations] CAPPING events from decorations provider vscode.git 644
2024-07-09 19:20:13.464 [warning] [Decorations] CAPPING events from decorations provider vscode.git 644
2024-07-09 19:20:18.512 [warning] [Decorations] CAPPING events from decorations provider vscode.git 644
2024-07-09 19:20:23.570 [warning] [Decorations] CAPPING events from decorations provider vscode.git 644
2024-07-09 19:20:28.631 [warning] [Decorations] CAPPING events from decorations provider vscode.git 644
2024-07-09 19:20:33.696 [warning] [Decorations] CAPPING events from decorations provider vscode.git 644
2024-07-09 19:20:38.754 [warning] [Decorations] CAPPING events from decorations provider vscode.git 644
2024-07-09 19:20:43.837 [warning] [Decorations] CAPPING events from decorations provider vscode.git 644
2024-07-09 19:20:48.899 [warning] [Decorations] CAPPING events from decorations provider vscode.git 644
2024-07-09 19:20:53.953 [warning] [Decorations] CAPPING events from decorations provider vscode.git 644
2024-07-09 19:20:59.016 [warning] [Decorations] CAPPING events from decorations provider vscode.git 644
2024-07-09 19:21:04.079 [warning] [Decorations] CAPPING events from decorations provider vscode.git 644
2024-07-09 19:21:09.134 [warning] [Decorations] CAPPING events from decorations provider vscode.git 644
2024-07-09 19:21:14.188 [warning] [Decorations] CAPPING events from decorations provider vscode.git 644
2024-07-09 19:21:19.238 [warning] [Decorations] CAPPING events from decorations provider vscode.git 644
2024-07-09 19:21:24.312 [warning] [Decorations] CAPPING events from decorations provider vscode.git 644
2024-07-09 19:21:29.362 [warning] [Decorations] CAPPING events from decorations provider vscode.git 644
2024-07-09 19:21:34.420 [warning] [Decorations] CAPPING events from decorations provider vscode.git 644
2024-07-09 19:21:39.469 [warning] [Decorations] CAPPING events from decorations provider vscode.git 644
2024-07-09 19:21:44.521 [warning] [Decorations] CAPPING events from decorations provider vscode.git 644
2024-07-09 19:21:49.568 [warning] [Decorations] CAPPING events from decorations provider vscode.git 644
2024-07-09 19:21:54.628 [warning] [Decorations] CAPPING events from decorations provider vscode.git 644
2024-07-09 19:21:59.685 [warning] [Decorations] CAPPING events from decorations provider vscode.git 644
2024-07-09 19:22:04.738 [warning] [Decorations] CAPPING events from decorations provider vscode.git 644
2024-07-09 19:22:09.798 [warning] [Decorations] CAPPING events from decorations provider vscode.git 644
2024-07-09 19:22:14.847 [warning] [Decorations] CAPPING events from decorations provider vscode.git 644
2024-07-09 19:22:19.885 [warning] [Decorations] CAPPING events from decorations provider vscode.git 644
2024-07-09 19:22:24.938 [warning] [Decorations] CAPPING events from decorations provider vscode.git 644
2024-07-09 19:22:30.022 [warning] [Decorations] CAPPING events from decorations provider vscode.git 644
2024-07-09 19:22:35.094 [warning] [Decorations] CAPPING events from decorations provider vscode.git 644
2024-07-09 19:22:40.149 [warning] [Decorations] CAPPING events from decorations provider vscode.git 644
2024-07-09 19:22:45.199 [warning] [Decorations] CAPPING events from decorations provider vscode.git 644
2024-07-09 19:22:50.270 [warning] [Decorations] CAPPING events from decorations provider vscode.git 644
2024-07-09 19:22:55.334 [warning] [Decorations] CAPPING events from decorations provider vscode.git 644
2024-07-09 19:23:00.413 [warning] [Decorations] CAPPING events from decorations provider vscode.git 644
2024-07-09 19:23:05.486 [warning] [Decorations] CAPPING events from decorations provider vscode.git 644
2024-07-09 19:23:10.546 [warning] [Decorations] CAPPING events from decorations provider vscode.git 644
2024-07-09 19:23:15.632 [warning] [Decorations] CAPPING events from decorations provider vscode.git 644
2024-07-09 19:23:20.696 [warning] [Decorations] CAPPING events from decorations provider vscode.git 644
2024-07-09 19:23:25.755 [warning] [Decorations] CAPPING events from decorations provider vscode.git 644
2024-07-09 19:23:30.819 [warning] [Decorations] CAPPING events from decorations provider vscode.git 644
2024-07-09 19:23:35.871 [warning] [Decorations] CAPPING events from decorations provider vscode.git 644
2024-07-09 19:23:40.929 [warning] [Decorations] CAPPING events from decorations provider vscode.git 644
2024-07-09 19:23:46.000 [warning] [Decorations] CAPPING events from decorations provider vscode.git 644
2024-07-09 19:23:51.064 [warning] [Decorations] CAPPING events from decorations provider vscode.git 644
2024-07-09 19:23:56.133 [warning] [Decorations] CAPPING events from decorations provider vscode.git 644
2024-07-09 19:24:01.197 [warning] [Decorations] CAPPING events from decorations provider vscode.git 644
2024-07-09 19:24:06.253 [warning] [Decorations] CAPPING events from decorations provider vscode.git 644
2024-07-09 19:24:11.315 [warning] [Decorations] CAPPING events from decorations provider vscode.git 644
2024-07-09 19:24:16.400 [warning] [Decorations] CAPPING events from decorations provider vscode.git 644
2024-07-09 19:24:21.455 [warning] [Decorations] CAPPING events from decorations provider vscode.git 644
2024-07-09 19:24:26.513 [warning] [Decorations] CAPPING events from decorations provider vscode.git 644
2024-07-09 19:24:31.573 [warning] [Decorations] CAPPING events from decorations provider vscode.git 644
2024-07-09 19:24:36.631 [warning] [Decorations] CAPPING events from decorations provider vscode.git 644
2024-07-09 19:24:41.690 [warning] [Decorations] CAPPING events from decorations provider vscode.git 644
2024-07-09 19:24:46.760 [warning] [Decorations] CAPPING events from decorations provider vscode.git 644
2024-07-09 19:24:51.825 [warning] [Decorations] CAPPING events from decorations provider vscode.git 644
2024-07-09 19:24:56.902 [warning] [Decorations] CAPPING events from decorations provider vscode.git 644
2024-07-09 19:25:01.976 [warning] [Decorations] CAPPING events from decorations provider vscode.git 644
2024-07-09 19:25:07.071 [warning] [Decorations] CAPPING events from decorations provider vscode.git 644
2024-07-09 19:25:12.162 [warning] [Decorations] CAPPING events from decorations provider vscode.git 644
2024-07-09 19:25:17.225 [warning] [Decorations] CAPPING events from decorations provider vscode.git 644
2024-07-09 19:25:22.292 [warning] [Decorations] CAPPING events from decorations provider vscode.git 644
2024-07-09 19:25:27.352 [warning] [Decorations] CAPPING events from decorations provider vscode.git 644
2024-07-09 19:25:32.424 [warning] [Decorations] CAPPING events from decorations provider vscode.git 644
2024-07-09 19:25:37.495 [warning] [Decorations] CAPPING events from decorations provider vscode.git 644
2024-07-09 19:25:42.556 [warning] [Decorations] CAPPING events from decorations provider vscode.git 644
2024-07-09 19:25:47.624 [warning] [Decorations] CAPPING events from decorations provider vscode.git 644
2024-07-09 19:25:52.681 [warning] [Decorations] CAPPING events from decorations provider vscode.git 644
2024-07-09 19:25:57.735 [warning] [Decorations] CAPPING events from decorations provider vscode.git 644
2024-07-09 19:26:02.799 [warning] [Decorations] CAPPING events from decorations provider vscode.git 644
2024-07-09 19:26:07.861 [warning] [Decorations] CAPPING events from decorations provider vscode.git 644
2024-07-09 19:26:12.915 [warning] [Decorations] CAPPING events from decorations provider vscode.git 644
2024-07-09 19:26:17.977 [warning] [Decorations] CAPPING events from decorations provider vscode.git 644
2024-07-09 19:26:23.029 [warning] [Decorations] CAPPING events from decorations provider vscode.git 644
2024-07-09 19:26:28.081 [warning] [Decorations] CAPPING events from decorations provider vscode.git 644
2024-07-09 19:26:33.146 [warning] [Decorations] CAPPING events from decorations provider vscode.git 644
2024-07-09 19:26:38.207 [warning] [Decorations] CAPPING events from decorations provider vscode.git 644
2024-07-09 19:26:43.267 [warning] [Decorations] CAPPING events from decorations provider vscode.git 644
2024-07-09 19:26:48.331 [warning] [Decorations] CAPPING events from decorations provider vscode.git 644
2024-07-09 19:26:53.387 [warning] [Decorations] CAPPING events from decorations provider vscode.git 644
2024-07-09 19:26:58.439 [warning] [Decorations] CAPPING events from decorations provider vscode.git 644
2024-07-09 19:27:03.513 [warning] [Decorations] CAPPING events from decorations provider vscode.git 644
2024-07-09 19:27:08.568 [warning] [Decorations] CAPPING events from decorations provider vscode.git 644
2024-07-09 19:27:13.651 [warning] [Decorations] CAPPING events from decorations provider vscode.git 644
2024-07-09 19:27:18.710 [warning] [Decorations] CAPPING events from decorations provider vscode.git 644
2024-07-09 19:27:23.770 [warning] [Decorations] CAPPING events from decorations provider vscode.git 644
2024-07-09 19:27:28.847 [warning] [Decorations] CAPPING events from decorations provider vscode.git 644
2024-07-09 19:27:33.895 [warning] [Decorations] CAPPING events from decorations provider vscode.git 644
2024-07-09 19:27:38.947 [warning] [Decorations] CAPPING events from decorations provider vscode.git 644
2024-07-09 19:27:44.013 [warning] [Decorations] CAPPING events from decorations provider vscode.git 644
2024-07-09 19:27:49.062 [warning] [Decorations] CAPPING events from decorations provider vscode.git 644
2024-07-09 19:27:54.119 [warning] [Decorations] CAPPING events from decorations provider vscode.git 644
2024-07-09 19:27:59.181 [warning] [Decorations] CAPPING events from decorations provider vscode.git 644
2024-07-09 19:28:04.250 [warning] [Decorations] CAPPING events from decorations provider vscode.git 644
2024-07-09 19:28:09.319 [warning] [Decorations] CAPPING events from decorations provider vscode.git 644
2024-07-09 19:28:14.388 [warning] [Decorations] CAPPING events from decorations provider vscode.git 644
2024-07-09 19:28:19.439 [warning] [Decorations] CAPPING events from decorations provider vscode.git 644
2024-07-09 19:28:24.494 [warning] [Decorations] CAPPING events from decorations provider vscode.git 644
2024-07-09 19:28:29.562 [warning] [Decorations] CAPPING events from decorations provider vscode.git 644
2024-07-09 19:28:34.632 [warning] [Decorations] CAPPING events from decorations provider vscode.git 644
2024-07-09 19:28:39.706 [warning] [Decorations] CAPPING events from decorations provider vscode.git 644
2024-07-09 19:28:44.781 [warning] [Decorations] CAPPING events from decorations provider vscode.git 644
2024-07-09 19:28:49.844 [warning] [Decorations] CAPPING events from decorations provider vscode.git 644
2024-07-09 19:28:54.914 [warning] [Decorations] CAPPING events from decorations provider vscode.git 644
2024-07-09 19:28:59.982 [warning] [Decorations] CAPPING events from decorations provider vscode.git 644
2024-07-09 19:29:05.033 [warning] [Decorations] CAPPING events from decorations provider vscode.git 644
2024-07-09 19:29:10.103 [warning] [Decorations] CAPPING events from decorations provider vscode.git 644
2024-07-09 19:29:15.210 [warning] [Decorations] CAPPING events from decorations provider vscode.git 644
2024-07-09 19:29:20.267 [warning] [Decorations] CAPPING events from decorations provider vscode.git 644
2024-07-09 19:29:25.335 [warning] [Decorations] CAPPING events from decorations provider vscode.git 644
2024-07-09 19:29:30.395 [warning] [Decorations] CAPPING events from decorations provider vscode.git 644
2024-07-09 19:29:35.462 [warning] [Decorations] CAPPING events from decorations provider vscode.git 644
2024-07-09 19:29:40.540 [warning] [Decorations] CAPPING events from decorations provider vscode.git 644
2024-07-09 19:29:45.592 [warning] [Decorations] CAPPING events from decorations provider vscode.git 644
2024-07-09 19:29:50.642 [warning] [Decorations] CAPPING events from decorations provider vscode.git 644
2024-07-09 19:29:55.708 [warning] [Decorations] CAPPING events from decorations provider vscode.git 644
2024-07-09 19:30:00.767 [warning] [Decorations] CAPPING events from decorations provider vscode.git 644
2024-07-09 19:30:05.824 [warning] [Decorations] CAPPING events from decorations provider vscode.git 644
2024-07-09 19:30:10.894 [warning] [Decorations] CAPPING events from decorations provider vscode.git 644
2024-07-09 19:30:15.951 [warning] [Decorations] CAPPING events from decorations provider vscode.git 644
2024-07-09 19:30:21.020 [warning] [Decorations] CAPPING events from decorations provider vscode.git 644
2024-07-09 19:30:26.086 [warning] [Decorations] CAPPING events from decorations provider vscode.git 644
2024-07-09 19:30:31.138 [warning] [Decorations] CAPPING events from decorations provider vscode.git 644
2024-07-09 19:30:36.206 [warning] [Decorations] CAPPING events from decorations provider vscode.git 644
2024-07-09 19:30:41.257 [warning] [Decorations] CAPPING events from decorations provider vscode.git 644
2024-07-09 19:30:46.326 [warning] [Decorations] CAPPING events from decorations provider vscode.git 644
2024-07-09 19:30:51.395 [warning] [Decorations] CAPPING events from decorations provider vscode.git 644
2024-07-09 19:30:56.459 [warning] [Decorations] CAPPING events from decorations provider vscode.git 644
2024-07-09 19:31:01.522 [warning] [Decorations] CAPPING events from decorations provider vscode.git 644
2024-07-09 19:31:06.589 [warning] [Decorations] CAPPING events from decorations provider vscode.git 644
2024-07-09 19:31:11.643 [warning] [Decorations] CAPPING events from decorations provider vscode.git 644
2024-07-09 19:31:16.700 [warning] [Decorations] CAPPING events from decorations provider vscode.git 644
2024-07-09 19:31:21.761 [warning] [Decorations] CAPPING events from decorations provider vscode.git 644
2024-07-09 19:31:26.826 [warning] [Decorations] CAPPING events from decorations provider vscode.git 644
2024-07-09 19:31:31.900 [warning] [Decorations] CAPPING events from decorations provider vscode.git 644
2024-07-09 19:31:36.957 [warning] [Decorations] CAPPING events from decorations provider vscode.git 644
2024-07-09 19:31:42.005 [warning] [Decorations] CAPPING events from decorations provider vscode.git 644
2024-07-09 19:31:47.063 [warning] [Decorations] CAPPING events from decorations provider vscode.git 644
2024-07-09 19:31:52.104 [warning] [Decorations] CAPPING events from decorations provider vscode.git 644
2024-07-09 19:32:35.582 [warning] [Decorations] CAPPING events from decorations provider vscode.git 644
2024-07-09 19:32:40.643 [warning] [Decorations] CAPPING events from decorations provider vscode.git 644
2024-07-09 19:32:45.720 [warning] [Decorations] CAPPING events from decorations provider vscode.git 644
2024-07-09 19:32:50.778 [warning] [Decorations] CAPPING events from decorations provider vscode.git 644
2024-07-09 19:32:55.847 [warning] [Decorations] CAPPING events from decorations provider vscode.git 644
2024-07-09 19:33:00.906 [warning] [Decorations] CAPPING events from decorations provider vscode.git 644
2024-07-09 19:33:05.967 [warning] [Decorations] CAPPING events from decorations provider vscode.git 644
2024-07-09 19:33:11.040 [warning] [Decorations] CAPPING events from decorations provider vscode.git 644
2024-07-09 19:33:16.105 [warning] [Decorations] CAPPING events from decorations provider vscode.git 644
2024-07-09 19:33:21.146 [warning] [Decorations] CAPPING events from decorations provider vscode.git 644
2024-07-09 19:33:26.217 [warning] [Decorations] CAPPING events from decorations provider vscode.git 644
2024-07-09 19:33:31.276 [warning] [Decorations] CAPPING events from decorations provider vscode.git 644
2024-07-09 19:33:36.335 [warning] [Decorations] CAPPING events from decorations provider vscode.git 644
2024-07-09 19:33:41.389 [warning] [Decorations] CAPPING events from decorations provider vscode.git 644
2024-07-09 19:33:46.461 [warning] [Decorations] CAPPING events from decorations provider vscode.git 644
2024-07-09 19:33:51.524 [warning] [Decorations] CAPPING events from decorations provider vscode.git 644
2024-07-09 19:33:56.581 [warning] [Decorations] CAPPING events from decorations provider vscode.git 644
2024-07-09 19:34:01.634 [warning] [Decorations] CAPPING events from decorations provider vscode.git 644
2024-07-09 19:34:06.695 [warning] [Decorations] CAPPING events from decorations provider vscode.git 644
2024-07-09 19:34:11.759 [warning] [Decorations] CAPPING events from decorations provider vscode.git 644
2024-07-09 19:34:16.812 [warning] [Decorations] CAPPING events from decorations provider vscode.git 644
2024-07-09 19:34:21.875 [warning] [Decorations] CAPPING events from decorations provider vscode.git 644
2024-07-09 19:34:26.946 [warning] [Decorations] CAPPING events from decorations provider vscode.git 644
2024-07-09 19:34:32.009 [warning] [Decorations] CAPPING events from decorations provider vscode.git 644
2024-07-09 19:34:37.078 [warning] [Decorations] CAPPING events from decorations provider vscode.git 644
2024-07-09 19:34:42.148 [warning] [Decorations] CAPPING events from decorations provider vscode.git 644
2024-07-09 19:34:47.212 [warning] [Decorations] CAPPING events from decorations provider vscode.git 644
2024-07-09 19:34:52.281 [warning] [Decorations] CAPPING events from decorations provider vscode.git 644
2024-07-09 19:34:57.330 [warning] [Decorations] CAPPING events from decorations provider vscode.git 644
2024-07-09 19:35:02.384 [warning] [Decorations] CAPPING events from decorations provider vscode.git 644
2024-07-09 19:35:07.453 [warning] [Decorations] CAPPING events from decorations provider vscode.git 644
2024-07-09 19:35:12.516 [warning] [Decorations] CAPPING events from decorations provider vscode.git 644
2024-07-09 19:35:17.583 [warning] [Decorations] CAPPING events from decorations provider vscode.git 644
2024-07-09 19:35:22.649 [warning] [Decorations] CAPPING events from decorations provider vscode.git 644
2024-07-09 19:35:27.717 [warning] [Decorations] CAPPING events from decorations provider vscode.git 644
2024-07-09 19:35:32.773 [warning] [Decorations] CAPPING events from decorations provider vscode.git 644
2024-07-09 19:35:37.838 [warning] [Decorations] CAPPING events from decorations provider vscode.git 644
2024-07-09 19:35:42.900 [warning] [Decorations] CAPPING events from decorations provider vscode.git 644
2024-07-09 19:35:47.968 [warning] [Decorations] CAPPING events from decorations provider vscode.git 644
2024-07-09 19:35:53.036 [warning] [Decorations] CAPPING events from decorations provider vscode.git 644
2024-07-09 19:35:58.083 [warning] [Decorations] CAPPING events from decorations provider vscode.git 644
2024-07-09 19:36:03.144 [warning] [Decorations] CAPPING events from decorations provider vscode.git 644
2024-07-09 19:36:08.228 [warning] [Decorations] CAPPING events from decorations provider vscode.git 644
2024-07-09 19:36:13.291 [warning] [Decorations] CAPPING events from decorations provider vscode.git 644
2024-07-09 19:36:18.362 [warning] [Decorations] CAPPING events from decorations provider vscode.git 644
2024-07-09 19:36:23.418 [warning] [Decorations] CAPPING events from decorations provider vscode.git 644
2024-07-09 19:36:28.471 [warning] [Decorations] CAPPING events from decorations provider vscode.git 644
2024-07-09 19:36:33.537 [warning] [Decorations] CAPPING events from decorations provider vscode.git 644
2024-07-09 19:36:38.607 [warning] [Decorations] CAPPING events from decorations provider vscode.git 644
2024-07-09 19:36:43.676 [warning] [Decorations] CAPPING events from decorations provider vscode.git 644
2024-07-09 19:36:48.746 [warning] [Decorations] CAPPING events from decorations provider vscode.git 644
2024-07-09 19:36:53.799 [warning] [Decorations] CAPPING events from decorations provider vscode.git 644
2024-07-09 19:36:58.849 [warning] [Decorations] CAPPING events from decorations provider vscode.git 644
2024-07-09 19:37:03.916 [warning] [Decorations] CAPPING events from decorations provider vscode.git 644
2024-07-09 19:37:08.990 [warning] [Decorations] CAPPING events from decorations provider vscode.git 644
2024-07-09 19:37:14.081 [warning] [Decorations] CAPPING events from decorations provider vscode.git 644
2024-07-09 19:37:19.156 [warning] [Decorations] CAPPING events from decorations provider vscode.git 644
2024-07-09 19:37:24.245 [warning] [Decorations] CAPPING events from decorations provider vscode.git 644
2024-07-09 19:37:29.290 [warning] [Decorations] CAPPING events from decorations provider vscode.git 644
2024-07-09 19:37:34.342 [warning] [Decorations] CAPPING events from decorations provider vscode.git 644
2024-07-09 19:37:39.405 [warning] [Decorations] CAPPING events from decorations provider vscode.git 644
2024-07-09 19:37:44.460 [warning] [Decorations] CAPPING events from decorations provider vscode.git 644
2024-07-09 19:37:49.526 [warning] [Decorations] CAPPING events from decorations provider vscode.git 644
2024-07-09 19:37:54.581 [warning] [Decorations] CAPPING events from decorations provider vscode.git 644
2024-07-09 19:37:59.631 [warning] [Decorations] CAPPING events from decorations provider vscode.git 644
2024-07-09 19:38:04.665 [warning] [Decorations] CAPPING events from decorations provider vscode.git 644
2024-07-09 19:44:42.833 [warning] [Decorations] CAPPING events from decorations provider vscode.git 644
2024-07-09 19:44:47.893 [warning] [Decorations] CAPPING events from decorations provider vscode.git 644
2024-07-09 19:44:52.937 [warning] [Decorations] CAPPING events from decorations provider vscode.git 644
2024-07-09 19:44:57.984 [warning] [Decorations] CAPPING events from decorations provider vscode.git 644
2024-07-09 19:45:03.037 [warning] [Decorations] CAPPING events from decorations provider vscode.git 644
2024-07-09 19:45:08.092 [warning] [Decorations] CAPPING events from decorations provider vscode.git 644
2024-07-09 19:45:13.146 [warning] [Decorations] CAPPING events from decorations provider vscode.git 644
2024-07-09 19:45:18.209 [warning] [Decorations] CAPPING events from decorations provider vscode.git 644
2024-07-09 19:45:23.268 [warning] [Decorations] CAPPING events from decorations provider vscode.git 644
2024-07-09 19:45:28.354 [warning] [Decorations] CAPPING events from decorations provider vscode.git 644
2024-07-09 19:45:33.399 [warning] [Decorations] CAPPING events from decorations provider vscode.git 644
2024-07-09 19:45:38.475 [warning] [Decorations] CAPPING events from decorations provider vscode.git 644
2024-07-09 19:45:43.535 [warning] [Decorations] CAPPING events from decorations provider vscode.git 644
2024-07-09 19:45:48.661 [warning] [Decorations] CAPPING events from decorations provider vscode.git 644
2024-07-09 19:45:53.714 [warning] [Decorations] CAPPING events from decorations provider vscode.git 644
2024-07-09 19:45:58.785 [warning] [Decorations] CAPPING events from decorations provider vscode.git 644
2024-07-09 19:46:03.841 [warning] [Decorations] CAPPING events from decorations provider vscode.git 644
2024-07-09 19:46:08.904 [warning] [Decorations] CAPPING events from decorations provider vscode.git 644
2024-07-09 19:46:13.962 [warning] [Decorations] CAPPING events from decorations provider vscode.git 644
2024-07-09 19:46:19.020 [warning] [Decorations] CAPPING events from decorations provider vscode.git 644
2024-07-09 19:46:24.075 [warning] [Decorations] CAPPING events from decorations provider vscode.git 644
2024-07-09 19:46:29.128 [warning] [Decorations] CAPPING events from decorations provider vscode.git 644
2024-07-09 19:46:34.186 [warning] [Decorations] CAPPING events from decorations provider vscode.git 644
2024-07-09 19:46:39.244 [warning] [Decorations] CAPPING events from decorations provider vscode.git 644
2024-07-09 19:46:44.302 [warning] [Decorations] CAPPING events from decorations provider vscode.git 644
2024-07-09 19:46:49.360 [warning] [Decorations] CAPPING events from decorations provider vscode.git 644
2024-07-09 19:46:54.401 [warning] [Decorations] CAPPING events from decorations provider vscode.git 644
2024-07-09 19:46:59.463 [warning] [Decorations] CAPPING events from decorations provider vscode.git 644
2024-07-09 19:47:04.522 [warning] [Decorations] CAPPING events from decorations provider vscode.git 644
2024-07-09 19:47:09.581 [warning] [Decorations] CAPPING events from decorations provider vscode.git 644
2024-07-09 19:47:14.637 [warning] [Decorations] CAPPING events from decorations provider vscode.git 644
2024-07-09 19:47:19.695 [warning] [Decorations] CAPPING events from decorations provider vscode.git 644
2024-07-09 19:47:24.746 [warning] [Decorations] CAPPING events from decorations provider vscode.git 644
2024-07-09 19:47:29.825 [warning] [Decorations] CAPPING events from decorations provider vscode.git 644
2024-07-09 19:47:34.886 [warning] [Decorations] CAPPING events from decorations provider vscode.git 644
2024-07-09 19:47:39.963 [warning] [Decorations] CAPPING events from decorations provider vscode.git 644
2024-07-09 19:47:45.017 [warning] [Decorations] CAPPING events from decorations provider vscode.git 644
2024-07-09 19:47:50.076 [warning] [Decorations] CAPPING events from decorations provider vscode.git 644
2024-07-09 19:47:55.127 [warning] [Decorations] CAPPING events from decorations provider vscode.git 644
2024-07-09 19:48:00.172 [warning] [Decorations] CAPPING events from decorations provider vscode.git 644
2024-07-09 19:48:05.234 [warning] [Decorations] CAPPING events from decorations provider vscode.git 644
2024-07-09 19:48:10.311 [warning] [Decorations] CAPPING events from decorations provider vscode.git 644
2024-07-09 19:48:15.370 [warning] [Decorations] CAPPING events from decorations provider vscode.git 644
2024-07-09 19:48:20.425 [warning] [Decorations] CAPPING events from decorations provider vscode.git 644
2024-07-09 19:48:25.483 [warning] [Decorations] CAPPING events from decorations provider vscode.git 644
2024-07-09 19:48:30.535 [warning] [Decorations] CAPPING events from decorations provider vscode.git 644
2024-07-09 19:48:35.602 [warning] [Decorations] CAPPING events from decorations provider vscode.git 644
2024-07-09 19:48:40.665 [warning] [Decorations] CAPPING events from decorations provider vscode.git 644
2024-07-09 19:48:45.726 [warning] [Decorations] CAPPING events from decorations provider vscode.git 644
2024-07-09 19:48:50.802 [warning] [Decorations] CAPPING events from decorations provider vscode.git 644
2024-07-09 19:48:55.861 [warning] [Decorations] CAPPING events from decorations provider vscode.git 644
2024-07-09 19:49:00.912 [warning] [Decorations] CAPPING events from decorations provider vscode.git 644
2024-07-09 19:49:05.964 [warning] [Decorations] CAPPING events from decorations provider vscode.git 644
2024-07-09 19:49:11.018 [warning] [Decorations] CAPPING events from decorations provider vscode.git 644
2024-07-09 19:49:16.078 [warning] [Decorations] CAPPING events from decorations provider vscode.git 644
2024-07-09 19:49:21.141 [warning] [Decorations] CAPPING events from decorations provider vscode.git 644
2024-07-09 19:49:26.204 [warning] [Decorations] CAPPING events from decorations provider vscode.git 644
2024-07-09 19:49:31.260 [warning] [Decorations] CAPPING events from decorations provider vscode.git 644
2024-07-09 19:49:36.328 [warning] [Decorations] CAPPING events from decorations provider vscode.git 644
2024-07-09 19:49:41.381 [warning] [Decorations] CAPPING events from decorations provider vscode.git 644
2024-07-09 19:49:46.448 [warning] [Decorations] CAPPING events from decorations provider vscode.git 644
2024-07-09 19:49:51.500 [warning] [Decorations] CAPPING events from decorations provider vscode.git 644
2024-07-09 19:49:56.557 [warning] [Decorations] CAPPING events from decorations provider vscode.git 644
2024-07-09 19:50:01.613 [warning] [Decorations] CAPPING events from decorations provider vscode.git 644
2024-07-09 19:50:06.665 [warning] [Decorations] CAPPING events from decorations provider vscode.git 644
2024-07-09 19:50:11.736 [warning] [Decorations] CAPPING events from decorations provider vscode.git 644
2024-07-09 19:51:52.905 [warning] [Decorations] CAPPING events from decorations provider vscode.git 644
2024-07-09 19:51:57.949 [warning] [Decorations] CAPPING events from decorations provider vscode.git 644
2024-07-09 19:52:03.005 [warning] [Decorations] CAPPING events from decorations provider vscode.git 644
2024-07-09 19:52:08.053 [warning] [Decorations] CAPPING events from decorations provider vscode.git 644
2024-07-09 19:52:13.113 [warning] [Decorations] CAPPING events from decorations provider vscode.git 644
2024-07-09 19:52:18.165 [warning] [Decorations] CAPPING events from decorations provider vscode.git 644
2024-07-09 19:52:23.225 [warning] [Decorations] CAPPING events from decorations provider vscode.git 644
2024-07-09 19:52:28.274 [warning] [Decorations] CAPPING events from decorations provider vscode.git 644
2024-07-09 19:52:33.331 [warning] [Decorations] CAPPING events from decorations provider vscode.git 644
2024-07-09 19:52:38.402 [warning] [Decorations] CAPPING events from decorations provider vscode.git 644
2024-07-09 19:52:43.461 [warning] [Decorations] CAPPING events from decorations provider vscode.git 644
2024-07-09 19:52:48.519 [warning] [Decorations] CAPPING events from decorations provider vscode.git 644
2024-07-09 19:52:53.586 [warning] [Decorations] CAPPING events from decorations provider vscode.git 644
2024-07-09 19:52:58.638 [warning] [Decorations] CAPPING events from decorations provider vscode.git 644
2024-07-09 19:53:03.695 [warning] [Decorations] CAPPING events from decorations provider vscode.git 644
2024-07-09 19:53:08.742 [warning] [Decorations] CAPPING events from decorations provider vscode.git 644
2024-07-09 19:53:13.800 [warning] [Decorations] CAPPING events from decorations provider vscode.git 644
2024-07-09 19:53:18.854 [warning] [Decorations] CAPPING events from decorations provider vscode.git 644
2024-07-09 19:53:23.930 [warning] [Decorations] CAPPING events from decorations provider vscode.git 644
2024-07-09 19:53:28.979 [warning] [Decorations] CAPPING events from decorations provider vscode.git 644
2024-07-09 19:53:34.029 [warning] [Decorations] CAPPING events from decorations provider vscode.git 644
2024-07-09 19:53:39.081 [warning] [Decorations] CAPPING events from decorations provider vscode.git 644
2024-07-09 19:53:44.142 [warning] [Decorations] CAPPING events from decorations provider vscode.git 644
2024-07-09 19:53:49.212 [warning] [Decorations] CAPPING events from decorations provider vscode.git 644
2024-07-09 19:53:54.269 [warning] [Decorations] CAPPING events from decorations provider vscode.git 644
2024-07-09 19:53:59.324 [warning] [Decorations] CAPPING events from decorations provider vscode.git 644
2024-07-09 19:54:04.399 [warning] [Decorations] CAPPING events from decorations provider vscode.git 644
2024-07-09 19:54:09.458 [warning] [Decorations] CAPPING events from decorations provider vscode.git 644
2024-07-09 19:54:14.521 [warning] [Decorations] CAPPING events from decorations provider vscode.git 644
2024-07-09 19:54:19.579 [warning] [Decorations] CAPPING events from decorations provider vscode.git 644
2024-07-09 19:54:24.638 [warning] [Decorations] CAPPING events from decorations provider vscode.git 644
2024-07-09 19:54:29.690 [warning] [Decorations] CAPPING events from decorations provider vscode.git 644
2024-07-09 19:54:34.756 [warning] [Decorations] CAPPING events from decorations provider vscode.git 644
2024-07-09 19:54:39.813 [warning] [Decorations] CAPPING events from decorations provider vscode.git 644
2024-07-09 19:54:44.870 [warning] [Decorations] CAPPING events from decorations provider vscode.git 644
2024-07-09 19:54:49.943 [warning] [Decorations] CAPPING events from decorations provider vscode.git 644
2024-07-09 19:54:55.005 [warning] [Decorations] CAPPING events from decorations provider vscode.git 644
2024-07-09 19:55:00.079 [warning] [Decorations] CAPPING events from decorations provider vscode.git 644
2024-07-09 19:55:05.146 [warning] [Decorations] CAPPING events from decorations provider vscode.git 644
2024-07-09 19:55:10.201 [warning] [Decorations] CAPPING events from decorations provider vscode.git 644
2024-07-09 19:55:15.269 [warning] [Decorations] CAPPING events from decorations provider vscode.git 644
2024-07-09 19:55:20.329 [warning] [Decorations] CAPPING events from decorations provider vscode.git 644
2024-07-09 19:55:25.396 [warning] [Decorations] CAPPING events from decorations provider vscode.git 644
2024-07-09 19:55:30.448 [warning] [Decorations] CAPPING events from decorations provider vscode.git 644
2024-07-09 19:55:35.501 [warning] [Decorations] CAPPING events from decorations provider vscode.git 644
2024-07-09 19:55:40.555 [warning] [Decorations] CAPPING events from decorations provider vscode.git 644
2024-07-09 19:55:45.596 [warning] [Decorations] CAPPING events from decorations provider vscode.git 644
2024-07-09 19:55:50.649 [warning] [Decorations] CAPPING events from decorations provider vscode.git 644
2024-07-09 19:55:55.700 [warning] [Decorations] CAPPING events from decorations provider vscode.git 644
2024-07-09 19:56:00.758 [warning] [Decorations] CAPPING events from decorations provider vscode.git 644
2024-07-09 19:56:05.813 [warning] [Decorations] CAPPING events from decorations provider vscode.git 644
2024-07-09 19:56:10.870 [warning] [Decorations] CAPPING events from decorations provider vscode.git 644
2024-07-09 19:56:15.937 [warning] [Decorations] CAPPING events from decorations provider vscode.git 644
2024-07-09 19:56:20.991 [warning] [Decorations] CAPPING events from decorations provider vscode.git 644
2024-07-09 19:56:26.051 [warning] [Decorations] CAPPING events from decorations provider vscode.git 644
2024-07-09 19:56:31.108 [warning] [Decorations] CAPPING events from decorations provider vscode.git 644
2024-07-09 19:56:36.163 [warning] [Decorations] CAPPING events from decorations provider vscode.git 644
2024-07-09 19:56:41.218 [warning] [Decorations] CAPPING events from decorations provider vscode.git 644
2024-07-09 19:56:46.276 [warning] [Decorations] CAPPING events from decorations provider vscode.git 644
2024-07-09 19:56:51.328 [warning] [Decorations] CAPPING events from decorations provider vscode.git 644
2024-07-09 19:56:56.402 [warning] [Decorations] CAPPING events from decorations provider vscode.git 644
2024-07-09 19:57:01.459 [warning] [Decorations] CAPPING events from decorations provider vscode.git 644
2024-07-09 19:57:06.513 [warning] [Decorations] CAPPING events from decorations provider vscode.git 644
2024-07-09 19:57:11.568 [warning] [Decorations] CAPPING events from decorations provider vscode.git 644
2024-07-09 19:57:16.611 [warning] [Decorations] CAPPING events from decorations provider vscode.git 644
2024-07-09 19:57:21.728 [warning] [Decorations] CAPPING events from decorations provider vscode.git 644
2024-07-09 20:01:19.487 [warning] [Decorations] CAPPING events from decorations provider vscode.git 644
2024-07-09 20:01:24.555 [warning] [Decorations] CAPPING events from decorations provider vscode.git 644
2024-07-09 20:01:29.623 [warning] [Decorations] CAPPING events from decorations provider vscode.git 644
2024-07-09 20:01:34.677 [warning] [Decorations] CAPPING events from decorations provider vscode.git 644
2024-07-09 20:01:39.746 [warning] [Decorations] CAPPING events from decorations provider vscode.git 644
2024-07-09 20:01:44.804 [warning] [Decorations] CAPPING events from decorations provider vscode.git 644
2024-07-09 20:01:49.854 [warning] [Decorations] CAPPING events from decorations provider vscode.git 644
2024-07-09 20:01:54.915 [warning] [Decorations] CAPPING events from decorations provider vscode.git 644
2024-07-09 20:01:59.974 [warning] [Decorations] CAPPING events from decorations provider vscode.git 644
2024-07-09 20:02:05.023 [warning] [Decorations] CAPPING events from decorations provider vscode.git 644
2024-07-09 20:02:10.093 [warning] [Decorations] CAPPING events from decorations provider vscode.git 644
2024-07-09 20:02:15.146 [warning] [Decorations] CAPPING events from decorations provider vscode.git 644
2024-07-09 20:02:20.206 [warning] [Decorations] CAPPING events from decorations provider vscode.git 644
2024-07-09 20:02:25.251 [warning] [Decorations] CAPPING events from decorations provider vscode.git 644
2024-07-09 20:02:30.293 [warning] [Decorations] CAPPING events from decorations provider vscode.git 644
2024-07-09 20:02:35.342 [warning] [Decorations] CAPPING events from decorations provider vscode.git 644
2024-07-09 20:02:40.393 [warning] [Decorations] CAPPING events from decorations provider vscode.git 644
2024-07-09 20:02:45.444 [warning] [Decorations] CAPPING events from decorations provider vscode.git 644
2024-07-09 20:02:50.501 [warning] [Decorations] CAPPING events from decorations provider vscode.git 644
2024-07-09 20:02:55.552 [warning] [Decorations] CAPPING events from decorations provider vscode.git 644
2024-07-09 20:03:00.623 [warning] [Decorations] CAPPING events from decorations provider vscode.git 644
2024-07-09 20:03:05.676 [warning] [Decorations] CAPPING events from decorations provider vscode.git 644
2024-07-09 20:03:10.723 [warning] [Decorations] CAPPING events from decorations provider vscode.git 644
2024-07-09 20:03:15.771 [warning] [Decorations] CAPPING events from decorations provider vscode.git 644
2024-07-09 20:03:20.829 [warning] [Decorations] CAPPING events from decorations provider vscode.git 644
2024-07-09 20:03:25.880 [warning] [Decorations] CAPPING events from decorations provider vscode.git 644
2024-07-09 20:03:30.922 [warning] [Decorations] CAPPING events from decorations provider vscode.git 644
2024-07-09 20:03:35.948 [warning] [Decorations] CAPPING events from decorations provider vscode.git 644
2024-07-09 20:03:40.986 [warning] [Decorations] CAPPING events from decorations provider vscode.git 644
2024-07-09 20:03:46.037 [warning] [Decorations] CAPPING events from decorations provider vscode.git 644
2024-07-09 20:03:51.104 [warning] [Decorations] CAPPING events from decorations provider vscode.git 644
2024-07-09 20:03:56.151 [warning] [Decorations] CAPPING events from decorations provider vscode.git 644
2024-07-09 20:04:01.210 [warning] [Decorations] CAPPING events from decorations provider vscode.git 644
2024-07-09 20:04:06.262 [warning] [Decorations] CAPPING events from decorations provider vscode.git 644
2024-07-09 20:04:11.321 [warning] [Decorations] CAPPING events from decorations provider vscode.git 644
2024-07-09 20:04:16.368 [warning] [Decorations] CAPPING events from decorations provider vscode.git 644
2024-07-09 20:04:21.420 [warning] [Decorations] CAPPING events from decorations provider vscode.git 644
2024-07-09 20:04:26.466 [warning] [Decorations] CAPPING events from decorations provider vscode.git 644
2024-07-09 20:04:31.510 [warning] [Decorations] CAPPING events from decorations provider vscode.git 644
2024-07-09 20:04:36.574 [warning] [Decorations] CAPPING events from decorations provider vscode.git 644
2024-07-09 20:04:41.628 [warning] [Decorations] CAPPING events from decorations provider vscode.git 644
2024-07-09 20:04:46.674 [warning] [Decorations] CAPPING events from decorations provider vscode.git 644
2024-07-09 20:04:51.730 [warning] [Decorations] CAPPING events from decorations provider vscode.git 644
2024-07-09 20:04:56.784 [warning] [Decorations] CAPPING events from decorations provider vscode.git 644
2024-07-09 20:05:01.831 [warning] [Decorations] CAPPING events from decorations provider vscode.git 644
2024-07-09 20:05:06.881 [warning] [Decorations] CAPPING events from decorations provider vscode.git 644
2024-07-09 20:05:11.940 [warning] [Decorations] CAPPING events from decorations provider vscode.git 644
2024-07-09 20:05:16.994 [warning] [Decorations] CAPPING events from decorations provider vscode.git 644
2024-07-09 20:05:22.046 [warning] [Decorations] CAPPING events from decorations provider vscode.git 644
2024-07-09 20:05:27.112 [warning] [Decorations] CAPPING events from decorations provider vscode.git 644
2024-07-09 20:05:32.159 [warning] [Decorations] CAPPING events from decorations provider vscode.git 644
2024-07-09 20:05:37.214 [warning] [Decorations] CAPPING events from decorations provider vscode.git 644
2024-07-09 20:05:42.261 [warning] [Decorations] CAPPING events from decorations provider vscode.git 644
2024-07-09 20:05:47.313 [warning] [Decorations] CAPPING events from decorations provider vscode.git 644
2024-07-09 20:05:52.372 [warning] [Decorations] CAPPING events from decorations provider vscode.git 644
2024-07-09 20:05:57.424 [warning] [Decorations] CAPPING events from decorations provider vscode.git 644
2024-07-09 20:06:02.478 [warning] [Decorations] CAPPING events from decorations provider vscode.git 644
2024-07-09 20:06:07.527 [warning] [Decorations] CAPPING events from decorations provider vscode.git 644
2024-07-09 20:06:12.599 [warning] [Decorations] CAPPING events from decorations provider vscode.git 644
2024-07-09 20:06:17.649 [warning] [Decorations] CAPPING events from decorations provider vscode.git 644
2024-07-09 20:06:22.704 [warning] [Decorations] CAPPING events from decorations provider vscode.git 644
2024-07-09 20:06:27.762 [warning] [Decorations] CAPPING events from decorations provider vscode.git 644
2024-07-09 20:06:32.812 [warning] [Decorations] CAPPING events from decorations provider vscode.git 644
2024-07-09 20:06:37.857 [warning] [Decorations] CAPPING events from decorations provider vscode.git 644
2024-07-09 20:06:42.906 [warning] [Decorations] CAPPING events from decorations provider vscode.git 644
2024-07-09 20:06:47.956 [warning] [Decorations] CAPPING events from decorations provider vscode.git 644
2024-07-09 20:06:53.005 [warning] [Decorations] CAPPING events from decorations provider vscode.git 644
2024-07-09 20:06:58.048 [warning] [Decorations] CAPPING events from decorations provider vscode.git 644
2024-07-09 20:07:03.108 [warning] [Decorations] CAPPING events from decorations provider vscode.git 644
2024-07-09 20:07:08.162 [warning] [Decorations] CAPPING events from decorations provider vscode.git 644
2024-07-09 20:07:13.221 [warning] [Decorations] CAPPING events from decorations provider vscode.git 644
2024-07-09 20:07:18.281 [warning] [Decorations] CAPPING events from decorations provider vscode.git 644
2024-07-09 20:07:23.322 [warning] [Decorations] CAPPING events from decorations provider vscode.git 644
2024-07-09 20:07:28.372 [warning] [Decorations] CAPPING events from decorations provider vscode.git 644
2024-07-09 20:07:33.435 [warning] [Decorations] CAPPING events from decorations provider vscode.git 644
2024-07-09 20:07:38.482 [warning] [Decorations] CAPPING events from decorations provider vscode.git 644
2024-07-09 20:07:43.537 [warning] [Decorations] CAPPING events from decorations provider vscode.git 644
2024-07-09 20:07:48.611 [warning] [Decorations] CAPPING events from decorations provider vscode.git 644
2024-07-09 20:07:53.668 [warning] [Decorations] CAPPING events from decorations provider vscode.git 644
2024-07-09 20:07:58.713 [warning] [Decorations] CAPPING events from decorations provider vscode.git 644
2024-07-09 20:08:03.763 [warning] [Decorations] CAPPING events from decorations provider vscode.git 644
2024-07-09 20:08:08.816 [warning] [Decorations] CAPPING events from decorations provider vscode.git 644
2024-07-09 20:08:13.868 [warning] [Decorations] CAPPING events from decorations provider vscode.git 644
2024-07-09 20:08:18.929 [warning] [Decorations] CAPPING events from decorations provider vscode.git 644
2024-07-09 20:08:23.980 [warning] [Decorations] CAPPING events from decorations provider vscode.git 644
2024-07-09 20:08:29.028 [warning] [Decorations] CAPPING events from decorations provider vscode.git 644
2024-07-09 20:08:34.096 [warning] [Decorations] CAPPING events from decorations provider vscode.git 644
2024-07-09 20:08:39.141 [warning] [Decorations] CAPPING events from decorations provider vscode.git 644
2024-07-09 20:08:44.190 [warning] [Decorations] CAPPING events from decorations provider vscode.git 644
2024-07-09 20:08:49.245 [warning] [Decorations] CAPPING events from decorations provider vscode.git 644
2024-07-09 20:08:54.297 [warning] [Decorations] CAPPING events from decorations provider vscode.git 644
2024-07-09 20:08:59.341 [warning] [Decorations] CAPPING events from decorations provider vscode.git 644
2024-07-09 20:09:04.386 [warning] [Decorations] CAPPING events from decorations provider vscode.git 644
2024-07-09 20:09:09.444 [warning] [Decorations] CAPPING events from decorations provider vscode.git 644
2024-07-09 20:09:14.491 [warning] [Decorations] CAPPING events from decorations provider vscode.git 644
2024-07-09 20:09:19.547 [warning] [Decorations] CAPPING events from decorations provider vscode.git 644
2024-07-09 20:09:24.614 [warning] [Decorations] CAPPING events from decorations provider vscode.git 644
2024-07-09 20:09:29.669 [warning] [Decorations] CAPPING events from decorations provider vscode.git 644
2024-07-09 20:09:34.744 [warning] [Decorations] CAPPING events from decorations provider vscode.git 644
2024-07-09 20:09:39.843 [warning] [Decorations] CAPPING events from decorations provider vscode.git 644
2024-07-09 20:10:31.275 [warning] [Decorations] CAPPING events from decorations provider vscode.git 644
2024-07-09 20:10:36.327 [warning] [Decorations] CAPPING events from decorations provider vscode.git 644
2024-07-09 20:10:41.405 [warning] [Decorations] CAPPING events from decorations provider vscode.git 644
2024-07-09 20:10:46.475 [warning] [Decorations] CAPPING events from decorations provider vscode.git 644
2024-07-09 20:10:51.540 [warning] [Decorations] CAPPING events from decorations provider vscode.git 644
2024-07-09 20:10:56.604 [warning] [Decorations] CAPPING events from decorations provider vscode.git 644
2024-07-09 20:11:01.669 [warning] [Decorations] CAPPING events from decorations provider vscode.git 644
2024-07-09 20:11:06.721 [warning] [Decorations] CAPPING events from decorations provider vscode.git 644
2024-07-09 20:11:11.779 [warning] [Decorations] CAPPING events from decorations provider vscode.git 644
2024-07-09 20:11:16.848 [warning] [Decorations] CAPPING events from decorations provider vscode.git 644
2024-07-09 20:11:21.912 [warning] [Decorations] CAPPING events from decorations provider vscode.git 644
2024-07-09 20:11:26.984 [warning] [Decorations] CAPPING events from decorations provider vscode.git 644
2024-07-09 20:11:32.045 [warning] [Decorations] CAPPING events from decorations provider vscode.git 644
2024-07-09 20:11:37.110 [warning] [Decorations] CAPPING events from decorations provider vscode.git 644
2024-07-09 20:11:42.184 [warning] [Decorations] CAPPING events from decorations provider vscode.git 644
2024-07-09 20:11:47.232 [warning] [Decorations] CAPPING events from decorations provider vscode.git 644
2024-07-09 20:11:52.301 [warning] [Decorations] CAPPING events from decorations provider vscode.git 644
2024-07-09 20:11:57.359 [warning] [Decorations] CAPPING events from decorations provider vscode.git 644
2024-07-09 20:12:02.418 [warning] [Decorations] CAPPING events from decorations provider vscode.git 644
2024-07-09 20:12:07.527 [warning] [Decorations] CAPPING events from decorations provider vscode.git 644
2024-07-09 20:12:12.595 [warning] [Decorations] CAPPING events from decorations provider vscode.git 644
2024-07-09 20:12:17.666 [warning] [Decorations] CAPPING events from decorations provider vscode.git 644
2024-07-09 20:12:22.732 [warning] [Decorations] CAPPING events from decorations provider vscode.git 644
2024-07-09 20:12:27.799 [warning] [Decorations] CAPPING events from decorations provider vscode.git 644
2024-07-09 20:12:32.854 [warning] [Decorations] CAPPING events from decorations provider vscode.git 644
2024-07-09 20:12:37.905 [warning] [Decorations] CAPPING events from decorations provider vscode.git 644
2024-07-09 20:12:42.977 [warning] [Decorations] CAPPING events from decorations provider vscode.git 644
2024-07-09 20:12:48.039 [warning] [Decorations] CAPPING events from decorations provider vscode.git 644
2024-07-09 20:12:53.107 [warning] [Decorations] CAPPING events from decorations provider vscode.git 644
2024-07-09 20:12:58.162 [warning] [Decorations] CAPPING events from decorations provider vscode.git 644
2024-07-09 20:13:03.222 [warning] [Decorations] CAPPING events from decorations provider vscode.git 644
2024-07-09 20:13:08.293 [warning] [Decorations] CAPPING events from decorations provider vscode.git 644
2024-07-09 20:13:13.359 [warning] [Decorations] CAPPING events from decorations provider vscode.git 644
2024-07-09 20:13:18.430 [warning] [Decorations] CAPPING events from decorations provider vscode.git 644
2024-07-09 20:13:23.494 [warning] [Decorations] CAPPING events from decorations provider vscode.git 644
2024-07-09 20:13:28.550 [warning] [Decorations] CAPPING events from decorations provider vscode.git 644
2024-07-09 20:13:33.615 [warning] [Decorations] CAPPING events from decorations provider vscode.git 644
2024-07-09 20:13:38.683 [warning] [Decorations] CAPPING events from decorations provider vscode.git 644
2024-07-09 20:13:43.744 [warning] [Decorations] CAPPING events from decorations provider vscode.git 644
2024-07-09 20:13:48.814 [warning] [Decorations] CAPPING events from decorations provider vscode.git 644
2024-07-09 20:13:53.867 [warning] [Decorations] CAPPING events from decorations provider vscode.git 644
2024-07-09 20:13:58.923 [warning] [Decorations] CAPPING events from decorations provider vscode.git 644
2024-07-09 20:14:03.997 [warning] [Decorations] CAPPING events from decorations provider vscode.git 644
2024-07-09 20:14:09.061 [warning] [Decorations] CAPPING events from decorations provider vscode.git 644
2024-07-09 20:14:14.123 [warning] [Decorations] CAPPING events from decorations provider vscode.git 644
2024-07-09 20:14:19.191 [warning] [Decorations] CAPPING events from decorations provider vscode.git 644
2024-07-09 20:14:24.249 [warning] [Decorations] CAPPING events from decorations provider vscode.git 644
2024-07-09 20:14:29.307 [warning] [Decorations] CAPPING events from decorations provider vscode.git 644
2024-07-09 20:14:34.370 [warning] [Decorations] CAPPING events from decorations provider vscode.git 644
2024-07-09 20:14:39.424 [warning] [Decorations] CAPPING events from decorations provider vscode.git 644
2024-07-09 20:14:44.495 [warning] [Decorations] CAPPING events from decorations provider vscode.git 644
2024-07-09 20:14:49.549 [warning] [Decorations] CAPPING events from decorations provider vscode.git 644
2024-07-09 20:14:54.608 [warning] [Decorations] CAPPING events from decorations provider vscode.git 644
2024-07-09 20:14:59.674 [warning] [Decorations] CAPPING events from decorations provider vscode.git 644
2024-07-09 20:15:04.720 [warning] [Decorations] CAPPING events from decorations provider vscode.git 644
2024-07-09 20:15:09.770 [warning] [Decorations] CAPPING events from decorations provider vscode.git 644
2024-07-09 20:15:14.839 [warning] [Decorations] CAPPING events from decorations provider vscode.git 644
2024-07-09 20:15:19.892 [warning] [Decorations] CAPPING events from decorations provider vscode.git 644
2024-07-09 20:15:24.947 [warning] [Decorations] CAPPING events from decorations provider vscode.git 644
2024-07-09 20:15:30.026 [warning] [Decorations] CAPPING events from decorations provider vscode.git 644
2024-07-09 20:15:35.081 [warning] [Decorations] CAPPING events from decorations provider vscode.git 644
2024-07-09 20:15:40.142 [warning] [Decorations] CAPPING events from decorations provider vscode.git 644
2024-07-09 20:15:45.201 [warning] [Decorations] CAPPING events from decorations provider vscode.git 644
2024-07-09 20:15:50.255 [warning] [Decorations] CAPPING events from decorations provider vscode.git 644
2024-07-09 20:15:55.314 [warning] [Decorations] CAPPING events from decorations provider vscode.git 644
2024-07-09 20:16:00.383 [warning] [Decorations] CAPPING events from decorations provider vscode.git 644
2024-07-09 20:16:05.445 [warning] [Decorations] CAPPING events from decorations provider vscode.git 644
2024-07-09 20:16:10.522 [warning] [Decorations] CAPPING events from decorations provider vscode.git 644
2024-07-09 20:16:15.586 [warning] [Decorations] CAPPING events from decorations provider vscode.git 644
2024-07-09 20:16:20.642 [warning] [Decorations] CAPPING events from decorations provider vscode.git 644
2024-07-09 20:16:25.705 [warning] [Decorations] CAPPING events from decorations provider vscode.git 644
2024-07-09 20:16:30.777 [warning] [Decorations] CAPPING events from decorations provider vscode.git 644
2024-07-09 20:16:35.837 [warning] [Decorations] CAPPING events from decorations provider vscode.git 644
2024-07-09 20:16:40.905 [warning] [Decorations] CAPPING events from decorations provider vscode.git 644
2024-07-09 20:16:45.965 [warning] [Decorations] CAPPING events from decorations provider vscode.git 644
2024-07-09 20:16:51.013 [warning] [Decorations] CAPPING events from decorations provider vscode.git 644
2024-07-09 20:16:56.077 [warning] [Decorations] CAPPING events from decorations provider vscode.git 644
2024-07-09 20:17:01.147 [warning] [Decorations] CAPPING events from decorations provider vscode.git 644
2024-07-09 20:17:06.205 [warning] [Decorations] CAPPING events from decorations provider vscode.git 644
2024-07-09 20:17:11.276 [warning] [Decorations] CAPPING events from decorations provider vscode.git 644
2024-07-09 20:17:16.338 [warning] [Decorations] CAPPING events from decorations provider vscode.git 644
2024-07-09 20:17:21.392 [warning] [Decorations] CAPPING events from decorations provider vscode.git 644
2024-07-09 20:17:26.458 [warning] [Decorations] CAPPING events from decorations provider vscode.git 644
2024-07-09 20:17:31.511 [warning] [Decorations] CAPPING events from decorations provider vscode.git 644
2024-07-09 20:17:36.579 [warning] [Decorations] CAPPING events from decorations provider vscode.git 644
2024-07-09 20:17:41.643 [warning] [Decorations] CAPPING events from decorations provider vscode.git 644
2024-07-09 20:17:46.691 [warning] [Decorations] CAPPING events from decorations provider vscode.git 644
2024-07-09 20:17:51.759 [warning] [Decorations] CAPPING events from decorations provider vscode.git 644
2024-07-09 20:17:56.828 [warning] [Decorations] CAPPING events from decorations provider vscode.git 644
2024-07-09 20:18:01.881 [warning] [Decorations] CAPPING events from decorations provider vscode.git 644
2024-07-09 20:18:06.950 [warning] [Decorations] CAPPING events from decorations provider vscode.git 644
2024-07-09 20:18:12.007 [warning] [Decorations] CAPPING events from decorations provider vscode.git 644
2024-07-09 20:18:17.055 [warning] [Decorations] CAPPING events from decorations provider vscode.git 644
2024-07-09 20:18:22.124 [warning] [Decorations] CAPPING events from decorations provider vscode.git 644
2024-07-09 20:18:27.190 [warning] [Decorations] CAPPING events from decorations provider vscode.git 644
2024-07-09 20:18:32.253 [warning] [Decorations] CAPPING events from decorations provider vscode.git 644
2024-07-09 20:18:37.318 [warning] [Decorations] CAPPING events from decorations provider vscode.git 644
2024-07-09 20:18:42.373 [warning] [Decorations] CAPPING events from decorations provider vscode.git 644
2024-07-09 20:18:47.424 [warning] [Decorations] CAPPING events from decorations provider vscode.git 644
2024-07-09 20:18:52.494 [warning] [Decorations] CAPPING events from decorations provider vscode.git 644
2024-07-09 20:18:57.550 [warning] [Decorations] CAPPING events from decorations provider vscode.git 644
2024-07-09 20:19:02.624 [warning] [Decorations] CAPPING events from decorations provider vscode.git 644
2024-07-09 20:19:07.670 [warning] [Decorations] CAPPING events from decorations provider vscode.git 644
2024-07-09 20:19:12.709 [warning] [Decorations] CAPPING events from decorations provider vscode.git 644
2024-07-09 20:19:17.754 [warning] [Decorations] CAPPING events from decorations provider vscode.git 644
2024-07-09 20:23:45.140 [warning] [Decorations] CAPPING events from decorations provider vscode.git 644
2024-07-09 20:23:50.266 [warning] [Decorations] CAPPING events from decorations provider vscode.git 644
