2024-07-07 17:07:59.950 [info] Log level: Info
2024-07-07 17:07:59.950 [info] Validating found git in: "git"
2024-07-07 17:07:59.950 [info] Using git "2.34.1" from "git"
2024-07-07 17:07:59.950 [info] > git rev-parse --show-toplevel [5ms]
2024-07-07 17:07:59.950 [info] fatal: not a git repository (or any of the parent directories): .git
2024-07-07 17:07:59.950 [info] > git rev-parse --show-toplevel [16ms]
2024-07-07 17:07:59.950 [info] > git rev-parse --git-dir --git-common-dir [10ms]
2024-07-07 17:07:59.950 [info] Open repository: /root/devcamp/new_app
2024-07-07 17:07:59.950 [info] > git config --get commit.template [10ms]
2024-07-07 17:07:59.950 [info] > git for-each-ref --format=%(refname)%00%(upstream:short)%00%(objectname)%00%(upstream:track)%00%(upstream:remotename)%00%(upstream:remoteref) refs/heads/gem_creation refs/remotes/gem_creation [6ms]
2024-07-07 17:07:59.950 [info] > git status -z -uall [38ms]
2024-07-07 17:07:59.950 [info] > git for-each-ref --format=%(refname)%00%(upstream:short)%00%(objectname)%00%(upstream:track)%00%(upstream:remotename)%00%(upstream:remoteref) refs/heads/gem_creation refs/remotes/gem_creation [56ms]
2024-07-07 17:07:59.950 [info] > git config --local branch.gem_creation.vscode-merge-base [10ms]
2024-07-07 17:07:59.950 [info] > git for-each-ref --format=%(refname)%00%(upstream:short)%00%(objectname)%00%(upstream:track)%00%(upstream:remotename)%00%(upstream:remoteref) refs/heads/origin/main refs/remotes/origin/main [138ms]
2024-07-07 17:07:59.950 [info] > git config --get commit.template [15ms]
2024-07-07 17:07:59.950 [info] > git for-each-ref --format=%(refname)%00%(upstream:short)%00%(objectname)%00%(upstream:track)%00%(upstream:remotename)%00%(upstream:remoteref) refs/heads/gem_creation refs/remotes/gem_creation [5ms]
2024-07-07 17:07:59.961 [info] > git status -z -uall [13ms]
2024-07-07 17:07:59.995 [info] > git for-each-ref --format=%(refname)%00%(upstream:short)%00%(objectname)%00%(upstream:track)%00%(upstream:remotename)%00%(upstream:remoteref) refs/heads/gem_creation refs/remotes/gem_creation [24ms]
2024-07-07 17:08:00.009 [info] > git config --local branch.gem_creation.vscode-merge-base [7ms]
2024-07-07 17:08:00.063 [info] > git for-each-ref --format=%(refname)%00%(upstream:short)%00%(objectname)%00%(upstream:track)%00%(upstream:remotename)%00%(upstream:remoteref) refs/heads/origin/main refs/remotes/origin/main [45ms]
2024-07-07 17:08:00.562 [info] > git check-ignore -v -z --stdin [44ms]
2024-07-07 17:08:00.571 [info] > git rev-parse --show-toplevel [15ms]
2024-07-07 17:08:00.571 [info] fatal: not a git repository (or any of the parent directories): .git
2024-07-07 17:08:00.973 [info] > git rev-parse --show-toplevel [4ms]
2024-07-07 17:08:00.973 [info] fatal: not a git repository (or any of the parent directories): .git
2024-07-07 17:08:01.343 [info] > git rev-parse --show-toplevel [5ms]
2024-07-07 17:08:01.343 [info] fatal: not a git repository (or any of the parent directories): .git
2024-07-07 17:08:01.548 [info] > git show --textconv :app/controllers/users_controller.rb [44ms]
2024-07-07 17:08:01.551 [info] > git ls-files --stage -- /root/devcamp/new_app/app/controllers/users_controller.rb [6ms]
2024-07-07 17:08:01.565 [info] > git cat-file -s 390ccba6d04b2d4ed26b539e890f2f3bbbe8eff1 [7ms]
2024-07-07 17:08:01.784 [info] > git rev-parse --show-toplevel [8ms]
2024-07-07 17:08:01.784 [info] fatal: not a git repository (or any of the parent directories): .git
2024-07-07 17:08:02.190 [info] > git config --get commit.template [7ms]
2024-07-07 17:08:02.192 [info] > git for-each-ref --format=%(refname)%00%(upstream:short)%00%(objectname)%00%(upstream:track)%00%(upstream:remotename)%00%(upstream:remoteref) refs/heads/gem_creation refs/remotes/gem_creation [3ms]
2024-07-07 17:08:02.204 [info] > git status -z -uall [7ms]
2024-07-07 17:08:02.222 [info] > git for-each-ref --format=%(refname)%00%(upstream:short)%00%(objectname)%00%(upstream:track)%00%(upstream:remotename)%00%(upstream:remoteref) refs/heads/gem_creation refs/remotes/gem_creation [9ms]
2024-07-07 17:08:02.232 [info] > git config --local branch.gem_creation.vscode-merge-base [5ms]
2024-07-07 17:08:02.242 [info] > git for-each-ref --format=%(refname)%00%(upstream:short)%00%(objectname)%00%(upstream:track)%00%(upstream:remotename)%00%(upstream:remoteref) refs/heads/origin/main refs/remotes/origin/main [4ms]
2024-07-07 17:08:14.078 [info] > git config --get commit.template [15ms]
2024-07-07 17:08:14.082 [info] > git for-each-ref --format=%(refname)%00%(upstream:short)%00%(objectname)%00%(upstream:track)%00%(upstream:remotename)%00%(upstream:remoteref) refs/heads/gem_creation refs/remotes/gem_creation [8ms]
2024-07-07 17:08:14.114 [info] > git status -z -uall [21ms]
2024-07-07 17:08:14.144 [info] > git for-each-ref --format=%(refname)%00%(upstream:short)%00%(objectname)%00%(upstream:track)%00%(upstream:remotename)%00%(upstream:remoteref) refs/heads/gem_creation refs/remotes/gem_creation [16ms]
2024-07-07 17:08:14.155 [info] > git config --local branch.gem_creation.vscode-merge-base [4ms]
2024-07-07 17:08:14.166 [info] > git for-each-ref --format=%(refname)%00%(upstream:short)%00%(objectname)%00%(upstream:track)%00%(upstream:remotename)%00%(upstream:remoteref) refs/heads/origin/main refs/remotes/origin/main [1ms]
2024-07-07 17:08:19.158 [info] > git config --get commit.template [8ms]
2024-07-07 17:08:19.161 [info] > git for-each-ref --format=%(refname)%00%(upstream:short)%00%(objectname)%00%(upstream:track)%00%(upstream:remotename)%00%(upstream:remoteref) refs/heads/gem_creation refs/remotes/gem_creation [4ms]
2024-07-07 17:08:19.175 [info] > git status -z -uall [10ms]
2024-07-07 17:08:19.199 [info] > git for-each-ref --format=%(refname)%00%(upstream:short)%00%(objectname)%00%(upstream:track)%00%(upstream:remotename)%00%(upstream:remoteref) refs/heads/gem_creation refs/remotes/gem_creation [14ms]
2024-07-07 17:08:19.214 [info] > git config --local branch.gem_creation.vscode-merge-base [4ms]
2024-07-07 17:08:19.228 [info] > git for-each-ref --format=%(refname)%00%(upstream:short)%00%(objectname)%00%(upstream:track)%00%(upstream:remotename)%00%(upstream:remoteref) refs/heads/origin/main refs/remotes/origin/main [5ms]
2024-07-07 17:08:24.216 [info] > git config --get commit.template [7ms]
2024-07-07 17:08:24.220 [info] > git for-each-ref --format=%(refname)%00%(upstream:short)%00%(objectname)%00%(upstream:track)%00%(upstream:remotename)%00%(upstream:remoteref) refs/heads/gem_creation refs/remotes/gem_creation [5ms]
2024-07-07 17:08:24.237 [info] > git status -z -uall [8ms]
2024-07-07 17:08:24.264 [info] > git for-each-ref --format=%(refname)%00%(upstream:short)%00%(objectname)%00%(upstream:track)%00%(upstream:remotename)%00%(upstream:remoteref) refs/heads/gem_creation refs/remotes/gem_creation [11ms]
2024-07-07 17:08:24.289 [info] > git config --local branch.gem_creation.vscode-merge-base [13ms]
2024-07-07 17:08:24.315 [info] > git for-each-ref --format=%(refname)%00%(upstream:short)%00%(objectname)%00%(upstream:track)%00%(upstream:remotename)%00%(upstream:remoteref) refs/heads/origin/main refs/remotes/origin/main [3ms]
2024-07-07 17:08:30.851 [info] > git for-each-ref --format=%(refname)%00%(upstream:short)%00%(objectname)%00%(upstream:track)%00%(upstream:remotename)%00%(upstream:remoteref) refs/heads/gem_creation refs/remotes/gem_creation [5ms]
2024-07-07 17:08:30.852 [info] > git config --get commit.template [21ms]
2024-07-07 17:08:30.872 [info] > git status -z -uall [13ms]
2024-07-07 17:08:30.902 [info] > git for-each-ref --format=%(refname)%00%(upstream:short)%00%(objectname)%00%(upstream:track)%00%(upstream:remotename)%00%(upstream:remoteref) refs/heads/gem_creation refs/remotes/gem_creation [17ms]
2024-07-07 17:08:30.913 [info] > git config --local branch.gem_creation.vscode-merge-base [5ms]
2024-07-07 17:08:30.934 [info] > git for-each-ref --format=%(refname)%00%(upstream:short)%00%(objectname)%00%(upstream:track)%00%(upstream:remotename)%00%(upstream:remoteref) refs/heads/origin/main refs/remotes/origin/main [11ms]
2024-07-07 17:08:35.915 [info] > git config --get commit.template [6ms]
2024-07-07 17:08:35.919 [info] > git for-each-ref --format=%(refname)%00%(upstream:short)%00%(objectname)%00%(upstream:track)%00%(upstream:remotename)%00%(upstream:remoteref) refs/heads/gem_creation refs/remotes/gem_creation [5ms]
2024-07-07 17:08:35.940 [info] > git status -z -uall [15ms]
2024-07-07 17:08:35.955 [info] > git for-each-ref --format=%(refname)%00%(upstream:short)%00%(objectname)%00%(upstream:track)%00%(upstream:remotename)%00%(upstream:remoteref) refs/heads/gem_creation refs/remotes/gem_creation [8ms]
2024-07-07 17:08:35.967 [info] > git config --local branch.gem_creation.vscode-merge-base [6ms]
2024-07-07 17:08:35.974 [info] > git for-each-ref --format=%(refname)%00%(upstream:short)%00%(objectname)%00%(upstream:track)%00%(upstream:remotename)%00%(upstream:remoteref) refs/heads/origin/main refs/remotes/origin/main [2ms]
2024-07-07 17:08:38.731 [info] > git check-ignore -v -z --stdin [6ms]
2024-07-07 17:08:40.045 [info] > git show --textconv :app/controllers/campaigns_controller.rb [11ms]
2024-07-07 17:08:40.048 [info] > git ls-files --stage -- /root/devcamp/new_app/app/controllers/campaigns_controller.rb [6ms]
2024-07-07 17:08:40.058 [info] > git cat-file -s 2755f3d3f78c38122c2abe4ed2191e036f548e49 [3ms]
2024-07-07 17:08:40.988 [info] > git config --get commit.template [12ms]
2024-07-07 17:08:40.989 [info] > git for-each-ref --format=%(refname)%00%(upstream:short)%00%(objectname)%00%(upstream:track)%00%(upstream:remotename)%00%(upstream:remoteref) refs/heads/gem_creation refs/remotes/gem_creation [3ms]
2024-07-07 17:08:41.001 [info] > git status -z -uall [7ms]
2024-07-07 17:08:41.021 [info] > git for-each-ref --format=%(refname)%00%(upstream:short)%00%(objectname)%00%(upstream:track)%00%(upstream:remotename)%00%(upstream:remoteref) refs/heads/gem_creation refs/remotes/gem_creation [12ms]
2024-07-07 17:08:41.038 [info] > git config --local branch.gem_creation.vscode-merge-base [9ms]
2024-07-07 17:08:41.047 [info] > git for-each-ref --format=%(refname)%00%(upstream:short)%00%(objectname)%00%(upstream:track)%00%(upstream:remotename)%00%(upstream:remoteref) refs/heads/origin/main refs/remotes/origin/main [3ms]
2024-07-07 17:08:41.751 [info] > git show --textconv :app/controllers/blogs_controller.rb [8ms]
2024-07-07 17:08:41.754 [info] > git ls-files --stage -- /root/devcamp/new_app/app/controllers/blogs_controller.rb [5ms]
2024-07-07 17:08:41.766 [info] > git cat-file -s 8c151a8fb6557fe315b8313fb74f0502dcc2f72c [4ms]
2024-07-07 17:08:42.880 [info] > git show --textconv :app/controllers/application_controller.rb [13ms]
2024-07-07 17:08:42.884 [info] > git ls-files --stage -- /root/devcamp/new_app/app/controllers/application_controller.rb [6ms]
2024-07-07 17:08:42.894 [info] > git cat-file -s 09705d12ab4dfe301535a973e2607fad4efc9d0d [5ms]
2024-07-07 17:08:44.325 [info] > git show --textconv :app/controllers/blogs_controller.rb [26ms]
2024-07-07 17:08:44.325 [info] > git ls-files --stage -- /root/devcamp/new_app/app/controllers/blogs_controller.rb [11ms]
2024-07-07 17:08:44.367 [info] > git cat-file -s 8c151a8fb6557fe315b8313fb74f0502dcc2f72c [30ms]
2024-07-07 17:08:45.299 [info] > git show --textconv :app/controllers/campaigns_controller.rb [8ms]
2024-07-07 17:08:45.300 [info] > git ls-files --stage -- /root/devcamp/new_app/app/controllers/campaigns_controller.rb [3ms]
2024-07-07 17:08:45.310 [info] > git cat-file -s 2755f3d3f78c38122c2abe4ed2191e036f548e49 [5ms]
2024-07-07 17:08:46.034 [info] > git config --get commit.template [6ms]
2024-07-07 17:08:46.038 [info] > git for-each-ref --format=%(refname)%00%(upstream:short)%00%(objectname)%00%(upstream:track)%00%(upstream:remotename)%00%(upstream:remoteref) refs/heads/gem_creation refs/remotes/gem_creation [5ms]
2024-07-07 17:08:46.063 [info] > git status -z -uall [21ms]
2024-07-07 17:08:46.096 [info] > git for-each-ref --format=%(refname)%00%(upstream:short)%00%(objectname)%00%(upstream:track)%00%(upstream:remotename)%00%(upstream:remoteref) refs/heads/gem_creation refs/remotes/gem_creation [12ms]
2024-07-07 17:08:46.114 [info] > git config --local branch.gem_creation.vscode-merge-base [3ms]
2024-07-07 17:08:46.123 [info] > git for-each-ref --format=%(refname)%00%(upstream:short)%00%(objectname)%00%(upstream:track)%00%(upstream:remotename)%00%(upstream:remoteref) refs/heads/origin/main refs/remotes/origin/main [3ms]
2024-07-07 17:08:46.389 [info] > git show --textconv :app/controllers/users_controller.rb [14ms]
2024-07-07 17:08:46.393 [info] > git ls-files --stage -- /root/devcamp/new_app/app/controllers/users_controller.rb [9ms]
2024-07-07 17:08:46.402 [info] > git cat-file -s 390ccba6d04b2d4ed26b539e890f2f3bbbe8eff1 [4ms]
2024-07-07 17:08:51.113 [info] > git config --get commit.template [8ms]
2024-07-07 17:08:51.115 [info] > git for-each-ref --format=%(refname)%00%(upstream:short)%00%(objectname)%00%(upstream:track)%00%(upstream:remotename)%00%(upstream:remoteref) refs/heads/gem_creation refs/remotes/gem_creation [4ms]
2024-07-07 17:08:51.131 [info] > git status -z -uall [9ms]
2024-07-07 17:08:51.161 [info] > git for-each-ref --format=%(refname)%00%(upstream:short)%00%(objectname)%00%(upstream:track)%00%(upstream:remotename)%00%(upstream:remoteref) refs/heads/gem_creation refs/remotes/gem_creation [21ms]
2024-07-07 17:08:51.171 [info] > git config --local branch.gem_creation.vscode-merge-base [3ms]
2024-07-07 17:08:51.216 [info] > git for-each-ref --format=%(refname)%00%(upstream:short)%00%(objectname)%00%(upstream:track)%00%(upstream:remotename)%00%(upstream:remoteref) refs/heads/origin/main refs/remotes/origin/main [8ms]
2024-07-07 17:08:56.172 [info] > git config --get commit.template [8ms]
2024-07-07 17:08:56.174 [info] > git for-each-ref --format=%(refname)%00%(upstream:short)%00%(objectname)%00%(upstream:track)%00%(upstream:remotename)%00%(upstream:remoteref) refs/heads/gem_creation refs/remotes/gem_creation [3ms]
2024-07-07 17:08:56.189 [info] > git status -z -uall [11ms]
2024-07-07 17:08:56.213 [info] > git for-each-ref --format=%(refname)%00%(upstream:short)%00%(objectname)%00%(upstream:track)%00%(upstream:remotename)%00%(upstream:remoteref) refs/heads/gem_creation refs/remotes/gem_creation [16ms]
2024-07-07 17:08:56.228 [info] > git config --local branch.gem_creation.vscode-merge-base [6ms]
2024-07-07 17:08:56.239 [info] > git for-each-ref --format=%(refname)%00%(upstream:short)%00%(objectname)%00%(upstream:track)%00%(upstream:remotename)%00%(upstream:remoteref) refs/heads/origin/main refs/remotes/origin/main [5ms]
2024-07-07 17:09:01.228 [info] > git config --get commit.template [7ms]
2024-07-07 17:09:01.230 [info] > git for-each-ref --format=%(refname)%00%(upstream:short)%00%(objectname)%00%(upstream:track)%00%(upstream:remotename)%00%(upstream:remoteref) refs/heads/gem_creation refs/remotes/gem_creation [3ms]
2024-07-07 17:09:01.240 [info] > git status -z -uall [6ms]
2024-07-07 17:09:01.256 [info] > git for-each-ref --format=%(refname)%00%(upstream:short)%00%(objectname)%00%(upstream:track)%00%(upstream:remotename)%00%(upstream:remoteref) refs/heads/gem_creation refs/remotes/gem_creation [11ms]
2024-07-07 17:09:01.269 [info] > git config --local branch.gem_creation.vscode-merge-base [6ms]
2024-07-07 17:09:01.279 [info] > git for-each-ref --format=%(refname)%00%(upstream:short)%00%(objectname)%00%(upstream:track)%00%(upstream:remotename)%00%(upstream:remoteref) refs/heads/origin/main refs/remotes/origin/main [3ms]
2024-07-07 17:09:06.273 [info] > git config --get commit.template [6ms]
2024-07-07 17:09:06.274 [info] > git for-each-ref --format=%(refname)%00%(upstream:short)%00%(objectname)%00%(upstream:track)%00%(upstream:remotename)%00%(upstream:remoteref) refs/heads/gem_creation refs/remotes/gem_creation [3ms]
2024-07-07 17:09:06.286 [info] > git status -z -uall [8ms]
2024-07-07 17:09:06.301 [info] > git for-each-ref --format=%(refname)%00%(upstream:short)%00%(objectname)%00%(upstream:track)%00%(upstream:remotename)%00%(upstream:remoteref) refs/heads/gem_creation refs/remotes/gem_creation [10ms]
2024-07-07 17:09:06.339 [info] > git config --local branch.gem_creation.vscode-merge-base [32ms]
2024-07-07 17:09:06.355 [info] > git for-each-ref --format=%(refname)%00%(upstream:short)%00%(objectname)%00%(upstream:track)%00%(upstream:remotename)%00%(upstream:remoteref) refs/heads/origin/main refs/remotes/origin/main [10ms]
2024-07-07 17:09:11.323 [info] > git config --get commit.template [8ms]
2024-07-07 17:09:11.324 [info] > git for-each-ref --format=%(refname)%00%(upstream:short)%00%(objectname)%00%(upstream:track)%00%(upstream:remotename)%00%(upstream:remoteref) refs/heads/gem_creation refs/remotes/gem_creation [3ms]
2024-07-07 17:09:11.338 [info] > git status -z -uall [9ms]
2024-07-07 17:09:11.353 [info] > git for-each-ref --format=%(refname)%00%(upstream:short)%00%(objectname)%00%(upstream:track)%00%(upstream:remotename)%00%(upstream:remoteref) refs/heads/gem_creation refs/remotes/gem_creation [9ms]
2024-07-07 17:09:11.365 [info] > git config --local branch.gem_creation.vscode-merge-base [4ms]
2024-07-07 17:09:11.375 [info] > git for-each-ref --format=%(refname)%00%(upstream:short)%00%(objectname)%00%(upstream:track)%00%(upstream:remotename)%00%(upstream:remoteref) refs/heads/origin/main refs/remotes/origin/main [2ms]
2024-07-07 17:09:16.368 [info] > git config --get commit.template [5ms]
2024-07-07 17:09:16.369 [info] > git for-each-ref --format=%(refname)%00%(upstream:short)%00%(objectname)%00%(upstream:track)%00%(upstream:remotename)%00%(upstream:remoteref) refs/heads/gem_creation refs/remotes/gem_creation [2ms]
2024-07-07 17:09:16.381 [info] > git status -z -uall [6ms]
2024-07-07 17:09:16.398 [info] > git for-each-ref --format=%(refname)%00%(upstream:short)%00%(objectname)%00%(upstream:track)%00%(upstream:remotename)%00%(upstream:remoteref) refs/heads/gem_creation refs/remotes/gem_creation [11ms]
2024-07-07 17:09:16.411 [info] > git config --local branch.gem_creation.vscode-merge-base [1ms]
2024-07-07 17:09:16.421 [info] > git for-each-ref --format=%(refname)%00%(upstream:short)%00%(objectname)%00%(upstream:track)%00%(upstream:remotename)%00%(upstream:remoteref) refs/heads/origin/main refs/remotes/origin/main [5ms]
2024-07-07 17:09:21.417 [info] > git config --get commit.template [7ms]
2024-07-07 17:09:21.420 [info] > git for-each-ref --format=%(refname)%00%(upstream:short)%00%(objectname)%00%(upstream:track)%00%(upstream:remotename)%00%(upstream:remoteref) refs/heads/gem_creation refs/remotes/gem_creation [5ms]
2024-07-07 17:09:21.434 [info] > git status -z -uall [7ms]
2024-07-07 17:09:21.454 [info] > git for-each-ref --format=%(refname)%00%(upstream:short)%00%(objectname)%00%(upstream:track)%00%(upstream:remotename)%00%(upstream:remoteref) refs/heads/gem_creation refs/remotes/gem_creation [11ms]
2024-07-07 17:09:21.469 [info] > git config --local branch.gem_creation.vscode-merge-base [5ms]
2024-07-07 17:09:21.486 [info] > git for-each-ref --format=%(refname)%00%(upstream:short)%00%(objectname)%00%(upstream:track)%00%(upstream:remotename)%00%(upstream:remoteref) refs/heads/origin/main refs/remotes/origin/main [11ms]
2024-07-07 17:09:26.468 [info] > git config --get commit.template [6ms]
2024-07-07 17:09:26.471 [info] > git for-each-ref --format=%(refname)%00%(upstream:short)%00%(objectname)%00%(upstream:track)%00%(upstream:remotename)%00%(upstream:remoteref) refs/heads/gem_creation refs/remotes/gem_creation [4ms]
2024-07-07 17:09:26.496 [info] > git status -z -uall [20ms]
2024-07-07 17:09:26.510 [info] > git for-each-ref --format=%(refname)%00%(upstream:short)%00%(objectname)%00%(upstream:track)%00%(upstream:remotename)%00%(upstream:remoteref) refs/heads/gem_creation refs/remotes/gem_creation [7ms]
2024-07-07 17:09:26.522 [info] > git config --local branch.gem_creation.vscode-merge-base [6ms]
2024-07-07 17:09:26.532 [info] > git for-each-ref --format=%(refname)%00%(upstream:short)%00%(objectname)%00%(upstream:track)%00%(upstream:remotename)%00%(upstream:remoteref) refs/heads/origin/main refs/remotes/origin/main [6ms]
2024-07-07 17:09:31.528 [info] > git config --get commit.template [9ms]
2024-07-07 17:09:31.529 [info] > git for-each-ref --format=%(refname)%00%(upstream:short)%00%(objectname)%00%(upstream:track)%00%(upstream:remotename)%00%(upstream:remoteref) refs/heads/gem_creation refs/remotes/gem_creation [3ms]
2024-07-07 17:09:31.543 [info] > git status -z -uall [8ms]
2024-07-07 17:09:31.560 [info] > git for-each-ref --format=%(refname)%00%(upstream:short)%00%(objectname)%00%(upstream:track)%00%(upstream:remotename)%00%(upstream:remoteref) refs/heads/gem_creation refs/remotes/gem_creation [11ms]
2024-07-07 17:09:31.573 [info] > git config --local branch.gem_creation.vscode-merge-base [6ms]
2024-07-07 17:09:31.587 [info] > git for-each-ref --format=%(refname)%00%(upstream:short)%00%(objectname)%00%(upstream:track)%00%(upstream:remotename)%00%(upstream:remoteref) refs/heads/origin/main refs/remotes/origin/main [2ms]
2024-07-07 17:09:36.579 [info] > git config --get commit.template [6ms]
2024-07-07 17:09:36.581 [info] > git for-each-ref --format=%(refname)%00%(upstream:short)%00%(objectname)%00%(upstream:track)%00%(upstream:remotename)%00%(upstream:remoteref) refs/heads/gem_creation refs/remotes/gem_creation [3ms]
2024-07-07 17:09:36.593 [info] > git status -z -uall [8ms]
2024-07-07 17:09:36.621 [info] > git for-each-ref --format=%(refname)%00%(upstream:short)%00%(objectname)%00%(upstream:track)%00%(upstream:remotename)%00%(upstream:remoteref) refs/heads/gem_creation refs/remotes/gem_creation [22ms]
2024-07-07 17:09:36.632 [info] > git config --local branch.gem_creation.vscode-merge-base [5ms]
2024-07-07 17:09:36.669 [info] > git for-each-ref --format=%(refname)%00%(upstream:short)%00%(objectname)%00%(upstream:track)%00%(upstream:remotename)%00%(upstream:remoteref) refs/heads/origin/main refs/remotes/origin/main [13ms]
2024-07-07 17:09:41.637 [info] > git config --get commit.template [6ms]
2024-07-07 17:09:41.638 [info] > git for-each-ref --format=%(refname)%00%(upstream:short)%00%(objectname)%00%(upstream:track)%00%(upstream:remotename)%00%(upstream:remoteref) refs/heads/gem_creation refs/remotes/gem_creation [4ms]
2024-07-07 17:09:41.653 [info] > git status -z -uall [7ms]
2024-07-07 17:09:41.672 [info] > git for-each-ref --format=%(refname)%00%(upstream:short)%00%(objectname)%00%(upstream:track)%00%(upstream:remotename)%00%(upstream:remoteref) refs/heads/gem_creation refs/remotes/gem_creation [12ms]
2024-07-07 17:09:41.688 [info] > git config --local branch.gem_creation.vscode-merge-base [8ms]
2024-07-07 17:09:41.696 [info] > git for-each-ref --format=%(refname)%00%(upstream:short)%00%(objectname)%00%(upstream:track)%00%(upstream:remotename)%00%(upstream:remoteref) refs/heads/origin/main refs/remotes/origin/main [2ms]
2024-07-07 17:09:46.689 [info] > git config --get commit.template [7ms]
2024-07-07 17:09:46.690 [info] > git for-each-ref --format=%(refname)%00%(upstream:short)%00%(objectname)%00%(upstream:track)%00%(upstream:remotename)%00%(upstream:remoteref) refs/heads/gem_creation refs/remotes/gem_creation [1ms]
2024-07-07 17:09:46.702 [info] > git status -z -uall [7ms]
2024-07-07 17:09:46.720 [info] > git for-each-ref --format=%(refname)%00%(upstream:short)%00%(objectname)%00%(upstream:track)%00%(upstream:remotename)%00%(upstream:remoteref) refs/heads/gem_creation refs/remotes/gem_creation [12ms]
2024-07-07 17:09:46.736 [info] > git config --local branch.gem_creation.vscode-merge-base [6ms]
2024-07-07 17:09:46.744 [info] > git for-each-ref --format=%(refname)%00%(upstream:short)%00%(objectname)%00%(upstream:track)%00%(upstream:remotename)%00%(upstream:remoteref) refs/heads/origin/main refs/remotes/origin/main [3ms]
2024-07-07 17:09:51.737 [info] > git config --get commit.template [6ms]
2024-07-07 17:09:51.742 [info] > git for-each-ref --format=%(refname)%00%(upstream:short)%00%(objectname)%00%(upstream:track)%00%(upstream:remotename)%00%(upstream:remoteref) refs/heads/gem_creation refs/remotes/gem_creation [6ms]
2024-07-07 17:09:51.753 [info] > git status -z -uall [8ms]
2024-07-07 17:09:51.767 [info] > git for-each-ref --format=%(refname)%00%(upstream:short)%00%(objectname)%00%(upstream:track)%00%(upstream:remotename)%00%(upstream:remoteref) refs/heads/gem_creation refs/remotes/gem_creation [7ms]
2024-07-07 17:09:51.783 [info] > git config --local branch.gem_creation.vscode-merge-base [5ms]
2024-07-07 17:09:51.792 [info] > git for-each-ref --format=%(refname)%00%(upstream:short)%00%(objectname)%00%(upstream:track)%00%(upstream:remotename)%00%(upstream:remoteref) refs/heads/origin/main refs/remotes/origin/main [1ms]
2024-07-07 17:09:56.782 [info] > git config --get commit.template [7ms]
2024-07-07 17:09:56.784 [info] > git for-each-ref --format=%(refname)%00%(upstream:short)%00%(objectname)%00%(upstream:track)%00%(upstream:remotename)%00%(upstream:remoteref) refs/heads/gem_creation refs/remotes/gem_creation [4ms]
2024-07-07 17:09:56.794 [info] > git status -z -uall [7ms]
2024-07-07 17:09:56.809 [info] > git for-each-ref --format=%(refname)%00%(upstream:short)%00%(objectname)%00%(upstream:track)%00%(upstream:remotename)%00%(upstream:remoteref) refs/heads/gem_creation refs/remotes/gem_creation [9ms]
2024-07-07 17:09:56.825 [info] > git config --local branch.gem_creation.vscode-merge-base [9ms]
2024-07-07 17:09:56.835 [info] > git for-each-ref --format=%(refname)%00%(upstream:short)%00%(objectname)%00%(upstream:track)%00%(upstream:remotename)%00%(upstream:remoteref) refs/heads/origin/main refs/remotes/origin/main [3ms]
2024-07-07 17:10:01.825 [info] > git config --get commit.template [6ms]
2024-07-07 17:10:01.827 [info] > git for-each-ref --format=%(refname)%00%(upstream:short)%00%(objectname)%00%(upstream:track)%00%(upstream:remotename)%00%(upstream:remoteref) refs/heads/gem_creation refs/remotes/gem_creation [2ms]
2024-07-07 17:10:01.838 [info] > git status -z -uall [8ms]
2024-07-07 17:10:01.855 [info] > git for-each-ref --format=%(refname)%00%(upstream:short)%00%(objectname)%00%(upstream:track)%00%(upstream:remotename)%00%(upstream:remoteref) refs/heads/gem_creation refs/remotes/gem_creation [11ms]
2024-07-07 17:10:01.873 [info] > git config --local branch.gem_creation.vscode-merge-base [3ms]
2024-07-07 17:10:01.882 [info] > git for-each-ref --format=%(refname)%00%(upstream:short)%00%(objectname)%00%(upstream:track)%00%(upstream:remotename)%00%(upstream:remoteref) refs/heads/origin/main refs/remotes/origin/main [4ms]
2024-07-07 17:10:06.871 [info] > git config --get commit.template [7ms]
2024-07-07 17:10:06.873 [info] > git for-each-ref --format=%(refname)%00%(upstream:short)%00%(objectname)%00%(upstream:track)%00%(upstream:remotename)%00%(upstream:remoteref) refs/heads/gem_creation refs/remotes/gem_creation [4ms]
2024-07-07 17:10:06.884 [info] > git status -z -uall [6ms]
2024-07-07 17:10:06.900 [info] > git for-each-ref --format=%(refname)%00%(upstream:short)%00%(objectname)%00%(upstream:track)%00%(upstream:remotename)%00%(upstream:remoteref) refs/heads/gem_creation refs/remotes/gem_creation [10ms]
2024-07-07 17:10:06.912 [info] > git config --local branch.gem_creation.vscode-merge-base [6ms]
2024-07-07 17:10:06.930 [info] > git for-each-ref --format=%(refname)%00%(upstream:short)%00%(objectname)%00%(upstream:track)%00%(upstream:remotename)%00%(upstream:remoteref) refs/heads/origin/main refs/remotes/origin/main [4ms]
2024-07-07 17:10:11.918 [info] > git config --get commit.template [6ms]
2024-07-07 17:10:11.922 [info] > git for-each-ref --format=%(refname)%00%(upstream:short)%00%(objectname)%00%(upstream:track)%00%(upstream:remotename)%00%(upstream:remoteref) refs/heads/gem_creation refs/remotes/gem_creation [4ms]
2024-07-07 17:10:11.932 [info] > git status -z -uall [6ms]
2024-07-07 17:10:11.954 [info] > git for-each-ref --format=%(refname)%00%(upstream:short)%00%(objectname)%00%(upstream:track)%00%(upstream:remotename)%00%(upstream:remoteref) refs/heads/gem_creation refs/remotes/gem_creation [14ms]
2024-07-07 17:10:11.970 [info] > git config --local branch.gem_creation.vscode-merge-base [8ms]
2024-07-07 17:10:11.979 [info] > git for-each-ref --format=%(refname)%00%(upstream:short)%00%(objectname)%00%(upstream:track)%00%(upstream:remotename)%00%(upstream:remoteref) refs/heads/origin/main refs/remotes/origin/main [3ms]
2024-07-07 17:10:16.967 [info] > git config --get commit.template [6ms]
2024-07-07 17:10:16.970 [info] > git for-each-ref --format=%(refname)%00%(upstream:short)%00%(objectname)%00%(upstream:track)%00%(upstream:remotename)%00%(upstream:remoteref) refs/heads/gem_creation refs/remotes/gem_creation [4ms]
2024-07-07 17:10:16.994 [info] > git status -z -uall [15ms]
2024-07-07 17:10:17.008 [info] > git for-each-ref --format=%(refname)%00%(upstream:short)%00%(objectname)%00%(upstream:track)%00%(upstream:remotename)%00%(upstream:remoteref) refs/heads/gem_creation refs/remotes/gem_creation [8ms]
2024-07-07 17:10:17.019 [info] > git config --local branch.gem_creation.vscode-merge-base [6ms]
2024-07-07 17:10:17.026 [info] > git for-each-ref --format=%(refname)%00%(upstream:short)%00%(objectname)%00%(upstream:track)%00%(upstream:remotename)%00%(upstream:remoteref) refs/heads/origin/main refs/remotes/origin/main [3ms]
2024-07-07 17:10:22.027 [info] > git config --get commit.template [7ms]
2024-07-07 17:10:22.030 [info] > git for-each-ref --format=%(refname)%00%(upstream:short)%00%(objectname)%00%(upstream:track)%00%(upstream:remotename)%00%(upstream:remoteref) refs/heads/gem_creation refs/remotes/gem_creation [4ms]
2024-07-07 17:10:22.041 [info] > git status -z -uall [7ms]
2024-07-07 17:10:22.056 [info] > git for-each-ref --format=%(refname)%00%(upstream:short)%00%(objectname)%00%(upstream:track)%00%(upstream:remotename)%00%(upstream:remoteref) refs/heads/gem_creation refs/remotes/gem_creation [9ms]
2024-07-07 17:10:22.073 [info] > git config --local branch.gem_creation.vscode-merge-base [10ms]
2024-07-07 17:10:22.083 [info] > git for-each-ref --format=%(refname)%00%(upstream:short)%00%(objectname)%00%(upstream:track)%00%(upstream:remotename)%00%(upstream:remoteref) refs/heads/origin/main refs/remotes/origin/main [1ms]
2024-07-07 17:10:27.073 [info] > git config --get commit.template [6ms]
2024-07-07 17:10:27.075 [info] > git for-each-ref --format=%(refname)%00%(upstream:short)%00%(objectname)%00%(upstream:track)%00%(upstream:remotename)%00%(upstream:remoteref) refs/heads/gem_creation refs/remotes/gem_creation [3ms]
2024-07-07 17:10:27.086 [info] > git status -z -uall [7ms]
2024-07-07 17:10:27.103 [info] > git for-each-ref --format=%(refname)%00%(upstream:short)%00%(objectname)%00%(upstream:track)%00%(upstream:remotename)%00%(upstream:remoteref) refs/heads/gem_creation refs/remotes/gem_creation [11ms]
2024-07-07 17:10:27.139 [info] > git config --local branch.gem_creation.vscode-merge-base [9ms]
2024-07-07 17:10:27.149 [info] > git for-each-ref --format=%(refname)%00%(upstream:short)%00%(objectname)%00%(upstream:track)%00%(upstream:remotename)%00%(upstream:remoteref) refs/heads/origin/main refs/remotes/origin/main [3ms]
2024-07-07 17:10:32.117 [info] > git config --get commit.template [6ms]
2024-07-07 17:10:32.119 [info] > git for-each-ref --format=%(refname)%00%(upstream:short)%00%(objectname)%00%(upstream:track)%00%(upstream:remotename)%00%(upstream:remoteref) refs/heads/gem_creation refs/remotes/gem_creation [3ms]
2024-07-07 17:10:32.130 [info] > git status -z -uall [6ms]
2024-07-07 17:10:32.147 [info] > git for-each-ref --format=%(refname)%00%(upstream:short)%00%(objectname)%00%(upstream:track)%00%(upstream:remotename)%00%(upstream:remoteref) refs/heads/gem_creation refs/remotes/gem_creation [11ms]
2024-07-07 17:10:32.158 [info] > git config --local branch.gem_creation.vscode-merge-base [5ms]
2024-07-07 17:10:32.167 [info] > git for-each-ref --format=%(refname)%00%(upstream:short)%00%(objectname)%00%(upstream:track)%00%(upstream:remotename)%00%(upstream:remoteref) refs/heads/origin/main refs/remotes/origin/main [2ms]
2024-07-07 17:10:37.168 [info] > git config --get commit.template [9ms]
2024-07-07 17:10:37.170 [info] > git for-each-ref --format=%(refname)%00%(upstream:short)%00%(objectname)%00%(upstream:track)%00%(upstream:remotename)%00%(upstream:remoteref) refs/heads/gem_creation refs/remotes/gem_creation [4ms]
2024-07-07 17:10:37.182 [info] > git status -z -uall [7ms]
2024-07-07 17:10:37.197 [info] > git for-each-ref --format=%(refname)%00%(upstream:short)%00%(objectname)%00%(upstream:track)%00%(upstream:remotename)%00%(upstream:remoteref) refs/heads/gem_creation refs/remotes/gem_creation [9ms]
2024-07-07 17:10:37.214 [info] > git config --local branch.gem_creation.vscode-merge-base [8ms]
2024-07-07 17:10:37.229 [info] > git for-each-ref --format=%(refname)%00%(upstream:short)%00%(objectname)%00%(upstream:track)%00%(upstream:remotename)%00%(upstream:remoteref) refs/heads/origin/main refs/remotes/origin/main [5ms]
2024-07-07 17:10:42.215 [info] > git config --get commit.template [7ms]
2024-07-07 17:10:42.217 [info] > git for-each-ref --format=%(refname)%00%(upstream:short)%00%(objectname)%00%(upstream:track)%00%(upstream:remotename)%00%(upstream:remoteref) refs/heads/gem_creation refs/remotes/gem_creation [3ms]
2024-07-07 17:10:42.230 [info] > git status -z -uall [8ms]
2024-07-07 17:10:42.245 [info] > git for-each-ref --format=%(refname)%00%(upstream:short)%00%(objectname)%00%(upstream:track)%00%(upstream:remotename)%00%(upstream:remoteref) refs/heads/gem_creation refs/remotes/gem_creation [7ms]
2024-07-07 17:10:42.258 [info] > git config --local branch.gem_creation.vscode-merge-base [4ms]
2024-07-07 17:10:42.267 [info] > git for-each-ref --format=%(refname)%00%(upstream:short)%00%(objectname)%00%(upstream:track)%00%(upstream:remotename)%00%(upstream:remoteref) refs/heads/origin/main refs/remotes/origin/main [3ms]
2024-07-07 17:10:47.266 [info] > git config --get commit.template [7ms]
2024-07-07 17:10:47.267 [info] > git for-each-ref --format=%(refname)%00%(upstream:short)%00%(objectname)%00%(upstream:track)%00%(upstream:remotename)%00%(upstream:remoteref) refs/heads/gem_creation refs/remotes/gem_creation [3ms]
2024-07-07 17:10:47.278 [info] > git status -z -uall [7ms]
2024-07-07 17:10:47.302 [info] > git for-each-ref --format=%(refname)%00%(upstream:short)%00%(objectname)%00%(upstream:track)%00%(upstream:remotename)%00%(upstream:remoteref) refs/heads/gem_creation refs/remotes/gem_creation [17ms]
2024-07-07 17:10:47.321 [info] > git config --local branch.gem_creation.vscode-merge-base [5ms]
2024-07-07 17:10:47.329 [info] > git for-each-ref --format=%(refname)%00%(upstream:short)%00%(objectname)%00%(upstream:track)%00%(upstream:remotename)%00%(upstream:remoteref) refs/heads/origin/main refs/remotes/origin/main [3ms]
2024-07-07 17:10:52.322 [info] > git config --get commit.template [8ms]
2024-07-07 17:10:52.323 [info] > git for-each-ref --format=%(refname)%00%(upstream:short)%00%(objectname)%00%(upstream:track)%00%(upstream:remotename)%00%(upstream:remoteref) refs/heads/gem_creation refs/remotes/gem_creation [3ms]
2024-07-07 17:10:52.337 [info] > git status -z -uall [8ms]
2024-07-07 17:10:52.359 [info] > git for-each-ref --format=%(refname)%00%(upstream:short)%00%(objectname)%00%(upstream:track)%00%(upstream:remotename)%00%(upstream:remoteref) refs/heads/gem_creation refs/remotes/gem_creation [14ms]
2024-07-07 17:10:52.372 [info] > git config --local branch.gem_creation.vscode-merge-base [5ms]
2024-07-07 17:10:52.379 [info] > git for-each-ref --format=%(refname)%00%(upstream:short)%00%(objectname)%00%(upstream:track)%00%(upstream:remotename)%00%(upstream:remoteref) refs/heads/origin/main refs/remotes/origin/main [2ms]
2024-07-07 17:10:57.377 [info] > git config --get commit.template [6ms]
2024-07-07 17:10:57.382 [info] > git for-each-ref --format=%(refname)%00%(upstream:short)%00%(objectname)%00%(upstream:track)%00%(upstream:remotename)%00%(upstream:remoteref) refs/heads/gem_creation refs/remotes/gem_creation [6ms]
2024-07-07 17:10:57.393 [info] > git status -z -uall [6ms]
2024-07-07 17:10:57.409 [info] > git for-each-ref --format=%(refname)%00%(upstream:short)%00%(objectname)%00%(upstream:track)%00%(upstream:remotename)%00%(upstream:remoteref) refs/heads/gem_creation refs/remotes/gem_creation [9ms]
2024-07-07 17:10:57.421 [info] > git config --local branch.gem_creation.vscode-merge-base [7ms]
2024-07-07 17:10:57.429 [info] > git for-each-ref --format=%(refname)%00%(upstream:short)%00%(objectname)%00%(upstream:track)%00%(upstream:remotename)%00%(upstream:remoteref) refs/heads/origin/main refs/remotes/origin/main [3ms]
2024-07-07 17:11:02.421 [info] > git config --get commit.template [6ms]
2024-07-07 17:11:02.424 [info] > git for-each-ref --format=%(refname)%00%(upstream:short)%00%(objectname)%00%(upstream:track)%00%(upstream:remotename)%00%(upstream:remoteref) refs/heads/gem_creation refs/remotes/gem_creation [4ms]
2024-07-07 17:11:02.435 [info] > git status -z -uall [7ms]
2024-07-07 17:11:02.454 [info] > git for-each-ref --format=%(refname)%00%(upstream:short)%00%(objectname)%00%(upstream:track)%00%(upstream:remotename)%00%(upstream:remoteref) refs/heads/gem_creation refs/remotes/gem_creation [13ms]
2024-07-07 17:11:02.472 [info] > git config --local branch.gem_creation.vscode-merge-base [5ms]
2024-07-07 17:11:02.492 [info] > git for-each-ref --format=%(refname)%00%(upstream:short)%00%(objectname)%00%(upstream:track)%00%(upstream:remotename)%00%(upstream:remoteref) refs/heads/origin/main refs/remotes/origin/main [4ms]
2024-07-07 17:11:07.476 [info] > git config --get commit.template [11ms]
2024-07-07 17:11:07.483 [info] > git for-each-ref --format=%(refname)%00%(upstream:short)%00%(objectname)%00%(upstream:track)%00%(upstream:remotename)%00%(upstream:remoteref) refs/heads/gem_creation refs/remotes/gem_creation [10ms]
2024-07-07 17:11:07.499 [info] > git status -z -uall [9ms]
2024-07-07 17:11:07.522 [info] > git for-each-ref --format=%(refname)%00%(upstream:short)%00%(objectname)%00%(upstream:track)%00%(upstream:remotename)%00%(upstream:remoteref) refs/heads/gem_creation refs/remotes/gem_creation [17ms]
2024-07-07 17:11:07.531 [info] > git config --local branch.gem_creation.vscode-merge-base [4ms]
2024-07-07 17:11:07.539 [info] > git for-each-ref --format=%(refname)%00%(upstream:short)%00%(objectname)%00%(upstream:track)%00%(upstream:remotename)%00%(upstream:remoteref) refs/heads/origin/main refs/remotes/origin/main [3ms]
2024-07-07 17:11:12.537 [info] > git config --get commit.template [8ms]
2024-07-07 17:11:12.539 [info] > git for-each-ref --format=%(refname)%00%(upstream:short)%00%(objectname)%00%(upstream:track)%00%(upstream:remotename)%00%(upstream:remoteref) refs/heads/gem_creation refs/remotes/gem_creation [3ms]
2024-07-07 17:11:12.550 [info] > git status -z -uall [7ms]
2024-07-07 17:11:12.565 [info] > git for-each-ref --format=%(refname)%00%(upstream:short)%00%(objectname)%00%(upstream:track)%00%(upstream:remotename)%00%(upstream:remoteref) refs/heads/gem_creation refs/remotes/gem_creation [7ms]
2024-07-07 17:11:12.574 [info] > git config --local branch.gem_creation.vscode-merge-base [4ms]
2024-07-07 17:11:12.582 [info] > git for-each-ref --format=%(refname)%00%(upstream:short)%00%(objectname)%00%(upstream:track)%00%(upstream:remotename)%00%(upstream:remoteref) refs/heads/origin/main refs/remotes/origin/main [2ms]
2024-07-07 17:11:17.581 [info] > git config --get commit.template [4ms]
2024-07-07 17:11:17.609 [info] > git for-each-ref --format=%(refname)%00%(upstream:short)%00%(objectname)%00%(upstream:track)%00%(upstream:remotename)%00%(upstream:remoteref) refs/heads/gem_creation refs/remotes/gem_creation [13ms]
2024-07-07 17:11:17.630 [info] > git status -z -uall [15ms]
2024-07-07 17:11:17.659 [info] > git for-each-ref --format=%(refname)%00%(upstream:short)%00%(objectname)%00%(upstream:track)%00%(upstream:remotename)%00%(upstream:remoteref) refs/heads/gem_creation refs/remotes/gem_creation [21ms]
2024-07-07 17:11:17.676 [info] > git config --local branch.gem_creation.vscode-merge-base [7ms]
2024-07-07 17:11:17.685 [info] > git for-each-ref --format=%(refname)%00%(upstream:short)%00%(objectname)%00%(upstream:track)%00%(upstream:remotename)%00%(upstream:remoteref) refs/heads/origin/main refs/remotes/origin/main [4ms]
2024-07-07 17:11:22.669 [info] > git config --get commit.template [6ms]
2024-07-07 17:11:22.671 [info] > git for-each-ref --format=%(refname)%00%(upstream:short)%00%(objectname)%00%(upstream:track)%00%(upstream:remotename)%00%(upstream:remoteref) refs/heads/gem_creation refs/remotes/gem_creation [3ms]
2024-07-07 17:11:22.684 [info] > git status -z -uall [7ms]
2024-07-07 17:11:22.712 [info] > git for-each-ref --format=%(refname)%00%(upstream:short)%00%(objectname)%00%(upstream:track)%00%(upstream:remotename)%00%(upstream:remoteref) refs/heads/gem_creation refs/remotes/gem_creation [21ms]
2024-07-07 17:11:22.723 [info] > git config --local branch.gem_creation.vscode-merge-base [5ms]
2024-07-07 17:11:22.730 [info] > git for-each-ref --format=%(refname)%00%(upstream:short)%00%(objectname)%00%(upstream:track)%00%(upstream:remotename)%00%(upstream:remoteref) refs/heads/origin/main refs/remotes/origin/main [3ms]
2024-07-07 17:11:27.735 [info] > git config --get commit.template [6ms]
2024-07-07 17:11:27.738 [info] > git for-each-ref --format=%(refname)%00%(upstream:short)%00%(objectname)%00%(upstream:track)%00%(upstream:remotename)%00%(upstream:remoteref) refs/heads/gem_creation refs/remotes/gem_creation [5ms]
2024-07-07 17:11:27.749 [info] > git status -z -uall [8ms]
2024-07-07 17:11:27.766 [info] > git for-each-ref --format=%(refname)%00%(upstream:short)%00%(objectname)%00%(upstream:track)%00%(upstream:remotename)%00%(upstream:remoteref) refs/heads/gem_creation refs/remotes/gem_creation [10ms]
2024-07-07 17:11:27.775 [info] > git config --local branch.gem_creation.vscode-merge-base [3ms]
2024-07-07 17:11:27.788 [info] > git for-each-ref --format=%(refname)%00%(upstream:short)%00%(objectname)%00%(upstream:track)%00%(upstream:remotename)%00%(upstream:remoteref) refs/heads/origin/main refs/remotes/origin/main [7ms]
2024-07-07 17:11:32.783 [info] > git config --get commit.template [5ms]
2024-07-07 17:11:32.785 [info] > git for-each-ref --format=%(refname)%00%(upstream:short)%00%(objectname)%00%(upstream:track)%00%(upstream:remotename)%00%(upstream:remoteref) refs/heads/gem_creation refs/remotes/gem_creation [3ms]
2024-07-07 17:11:32.796 [info] > git status -z -uall [6ms]
2024-07-07 17:11:32.824 [info] > git for-each-ref --format=%(refname)%00%(upstream:short)%00%(objectname)%00%(upstream:track)%00%(upstream:remotename)%00%(upstream:remoteref) refs/heads/gem_creation refs/remotes/gem_creation [21ms]
2024-07-07 17:11:32.832 [info] > git config --local branch.gem_creation.vscode-merge-base [3ms]
2024-07-07 17:11:32.840 [info] > git for-each-ref --format=%(refname)%00%(upstream:short)%00%(objectname)%00%(upstream:track)%00%(upstream:remotename)%00%(upstream:remoteref) refs/heads/origin/main refs/remotes/origin/main [3ms]
2024-07-07 17:11:37.832 [info] > git config --get commit.template [8ms]
2024-07-07 17:11:37.834 [info] > git for-each-ref --format=%(refname)%00%(upstream:short)%00%(objectname)%00%(upstream:track)%00%(upstream:remotename)%00%(upstream:remoteref) refs/heads/gem_creation refs/remotes/gem_creation [4ms]
2024-07-07 17:11:37.846 [info] > git status -z -uall [7ms]
2024-07-07 17:11:37.862 [info] > git for-each-ref --format=%(refname)%00%(upstream:short)%00%(objectname)%00%(upstream:track)%00%(upstream:remotename)%00%(upstream:remoteref) refs/heads/gem_creation refs/remotes/gem_creation [11ms]
2024-07-07 17:11:37.873 [info] > git config --local branch.gem_creation.vscode-merge-base [6ms]
2024-07-07 17:11:37.882 [info] > git for-each-ref --format=%(refname)%00%(upstream:short)%00%(objectname)%00%(upstream:track)%00%(upstream:remotename)%00%(upstream:remoteref) refs/heads/origin/main refs/remotes/origin/main [3ms]
2024-07-07 17:11:42.879 [info] > git config --get commit.template [6ms]
2024-07-07 17:11:42.881 [info] > git for-each-ref --format=%(refname)%00%(upstream:short)%00%(objectname)%00%(upstream:track)%00%(upstream:remotename)%00%(upstream:remoteref) refs/heads/gem_creation refs/remotes/gem_creation [3ms]
2024-07-07 17:11:42.895 [info] > git status -z -uall [9ms]
2024-07-07 17:11:42.909 [info] > git for-each-ref --format=%(refname)%00%(upstream:short)%00%(objectname)%00%(upstream:track)%00%(upstream:remotename)%00%(upstream:remoteref) refs/heads/gem_creation refs/remotes/gem_creation [8ms]
2024-07-07 17:11:42.919 [info] > git config --local branch.gem_creation.vscode-merge-base [5ms]
2024-07-07 17:11:42.926 [info] > git for-each-ref --format=%(refname)%00%(upstream:short)%00%(objectname)%00%(upstream:track)%00%(upstream:remotename)%00%(upstream:remoteref) refs/heads/origin/main refs/remotes/origin/main [3ms]
2024-07-07 17:12:09.364 [info] > git config --get commit.template [7ms]
2024-07-07 17:12:09.368 [info] > git for-each-ref --format=%(refname)%00%(upstream:short)%00%(objectname)%00%(upstream:track)%00%(upstream:remotename)%00%(upstream:remoteref) refs/heads/gem_creation refs/remotes/gem_creation [3ms]
2024-07-07 17:12:09.387 [info] > git status -z -uall [15ms]
2024-07-07 17:12:09.413 [info] > git for-each-ref --format=%(refname)%00%(upstream:short)%00%(objectname)%00%(upstream:track)%00%(upstream:remotename)%00%(upstream:remoteref) refs/heads/gem_creation refs/remotes/gem_creation [19ms]
2024-07-07 17:12:09.421 [info] > git config --local branch.gem_creation.vscode-merge-base [3ms]
2024-07-07 17:12:09.439 [info] > git for-each-ref --format=%(refname)%00%(upstream:short)%00%(objectname)%00%(upstream:track)%00%(upstream:remotename)%00%(upstream:remoteref) refs/heads/origin/main refs/remotes/origin/main [3ms]
2024-07-07 17:12:26.874 [info] > git config --get commit.template [14ms]
2024-07-07 17:12:26.875 [info] > git for-each-ref --format=%(refname)%00%(upstream:short)%00%(objectname)%00%(upstream:track)%00%(upstream:remotename)%00%(upstream:remoteref) refs/heads/gem_creation refs/remotes/gem_creation [7ms]
2024-07-07 17:12:26.908 [info] > git status -z -uall [21ms]
2024-07-07 17:12:26.949 [info] > git for-each-ref --format=%(refname)%00%(upstream:short)%00%(objectname)%00%(upstream:track)%00%(upstream:remotename)%00%(upstream:remoteref) refs/heads/gem_creation refs/remotes/gem_creation [25ms]
2024-07-07 17:12:26.964 [info] > git config --local branch.gem_creation.vscode-merge-base [5ms]
2024-07-07 17:12:26.983 [info] > git for-each-ref --format=%(refname)%00%(upstream:short)%00%(objectname)%00%(upstream:track)%00%(upstream:remotename)%00%(upstream:remoteref) refs/heads/origin/main refs/remotes/origin/main [9ms]
2024-07-07 17:12:31.967 [info] > git config --get commit.template [9ms]
2024-07-07 17:12:31.969 [info] > git for-each-ref --format=%(refname)%00%(upstream:short)%00%(objectname)%00%(upstream:track)%00%(upstream:remotename)%00%(upstream:remoteref) refs/heads/gem_creation refs/remotes/gem_creation [4ms]
2024-07-07 17:12:31.984 [info] > git status -z -uall [9ms]
2024-07-07 17:12:32.007 [info] > git for-each-ref --format=%(refname)%00%(upstream:short)%00%(objectname)%00%(upstream:track)%00%(upstream:remotename)%00%(upstream:remoteref) refs/heads/gem_creation refs/remotes/gem_creation [13ms]
2024-07-07 17:12:32.027 [info] > git config --local branch.gem_creation.vscode-merge-base [9ms]
2024-07-07 17:12:32.039 [info] > git for-each-ref --format=%(refname)%00%(upstream:short)%00%(objectname)%00%(upstream:track)%00%(upstream:remotename)%00%(upstream:remoteref) refs/heads/origin/main refs/remotes/origin/main [4ms]
2024-07-07 17:12:40.826 [info] > git config --get commit.template [16ms]
2024-07-07 17:12:40.829 [info] > git for-each-ref --format=%(refname)%00%(upstream:short)%00%(objectname)%00%(upstream:track)%00%(upstream:remotename)%00%(upstream:remoteref) refs/heads/gem_creation refs/remotes/gem_creation [6ms]
2024-07-07 17:12:40.854 [info] > git status -z -uall [16ms]
2024-07-07 17:12:40.893 [info] > git for-each-ref --format=%(refname)%00%(upstream:short)%00%(objectname)%00%(upstream:track)%00%(upstream:remotename)%00%(upstream:remoteref) refs/heads/gem_creation refs/remotes/gem_creation [26ms]
2024-07-07 17:12:40.907 [info] > git config --local branch.gem_creation.vscode-merge-base [5ms]
2024-07-07 17:12:40.924 [info] > git for-each-ref --format=%(refname)%00%(upstream:short)%00%(objectname)%00%(upstream:track)%00%(upstream:remotename)%00%(upstream:remoteref) refs/heads/origin/main refs/remotes/origin/main [2ms]
