2024-07-10 22:51:38.177 [info] Extension host with pid 46620 started
2024-07-10 22:51:38.177 [info] Skipping acquiring lock for /root/devcamp/new_app/~/root/User/workspaceStorage/b2fd33c8a30321281fb6c97f76845cac.
2024-07-10 22:51:38.386 [info] ExtensionService#_doActivateExtension vscode.emmet, startup: false, activationEvent: 'onLanguage'
2024-07-10 22:51:38.398 [info] ExtensionService#_doActivateExtension vscode.typescript-language-features, startup: false, activationEvent: 'onLanguage:typescript'
2024-07-10 22:51:38.901 [info] ExtensionService#_doActivateExtension vscode.git-base, startup: true, activationEvent: '*', root cause: vscode.git
2024-07-10 22:51:38.906 [info] ExtensionService#_doActivateExtension vscode.npm, startup: true, activationEvent: 'workspaceContains:package.json'
2024-07-10 22:51:39.051 [info] ExtensionService#_doActivateExtension vscode.git, startup: true, activationEvent: '*'
2024-07-10 22:51:39.105 [info] ExtensionService#_doActivateExtension vscode.github, startup: true, activationEvent: '*'
2024-07-10 22:51:39.227 [info] Eager extensions activated
2024-07-10 22:51:39.407 [info] ExtensionService#_doActivateExtension vscode.debug-auto-launch, startup: false, activationEvent: 'onStartupFinished'
2024-07-10 22:51:39.433 [info] ExtensionService#_doActivateExtension vscode.merge-conflict, startup: false, activationEvent: 'onStartupFinished'
2024-07-10 22:51:39.798 [warning] [Decorations] CAPPING events from decorations provider vscode.git 3104
2024-07-10 22:51:40.524 [info] ExtensionService#_doActivateExtension vscode.github-authentication, startup: false, activationEvent: 'onAuthenticationRequest:github'
2024-07-10 22:51:40.628 [warning] [Decorations] CAPPING events from decorations provider vscode.git 3106
2024-07-10 22:51:42.713 [warning] [Decorations] CAPPING events from decorations provider vscode.git 3107
2024-07-10 22:51:47.767 [warning] [Decorations] CAPPING events from decorations provider vscode.git 3107
2024-07-10 22:51:52.820 [warning] [Decorations] CAPPING events from decorations provider vscode.git 3075
2024-07-10 22:53:15.580 [warning] [Decorations] CAPPING events from decorations provider vscode.git 3075
2024-07-10 22:53:20.632 [warning] [Decorations] CAPPING events from decorations provider vscode.git 3075
2024-07-10 22:53:34.055 [warning] [Decorations] CAPPING events from decorations provider vscode.git 3075
2024-07-10 22:53:39.135 [warning] [Decorations] CAPPING events from decorations provider vscode.git 3075
2024-07-10 22:54:51.762 [warning] [Decorations] CAPPING events from decorations provider vscode.git 3291
2024-07-10 22:54:56.812 [warning] [Decorations] CAPPING events from decorations provider vscode.git 3291
2024-07-10 22:55:02.104 [warning] [Decorations] CAPPING events from decorations provider vscode.git 3291
2024-07-10 22:55:31.594 [warning] [Decorations] CAPPING events from decorations provider vscode.git 3291
2024-07-10 22:55:47.718 [warning] [Decorations] CAPPING events from decorations provider vscode.git 3298
2024-07-10 22:56:01.009 [warning] [Decorations] CAPPING events from decorations provider vscode.git 3298
2024-07-10 22:56:06.058 [warning] [Decorations] CAPPING events from decorations provider vscode.git 3298
2024-07-10 22:56:11.120 [warning] [Decorations] CAPPING events from decorations provider vscode.git 3298
2024-07-10 22:56:16.163 [warning] [Decorations] CAPPING events from decorations provider vscode.git 3298
2024-07-10 22:56:21.212 [warning] [Decorations] CAPPING events from decorations provider vscode.git 3298
2024-07-10 22:56:26.250 [warning] [Decorations] CAPPING events from decorations provider vscode.git 3298
2024-07-10 22:56:39.009 [warning] [Decorations] CAPPING events from decorations provider vscode.git 3298
2024-07-10 22:56:44.059 [warning] [Decorations] CAPPING events from decorations provider vscode.git 3298
2024-07-10 22:56:53.319 [warning] [Decorations] CAPPING events from decorations provider vscode.git 3298
2024-07-10 22:56:58.367 [warning] [Decorations] CAPPING events from decorations provider vscode.git 3298
2024-07-10 22:57:03.410 [warning] [Decorations] CAPPING events from decorations provider vscode.git 3298
2024-07-10 22:57:08.455 [warning] [Decorations] CAPPING events from decorations provider vscode.git 3298
2024-07-10 22:57:13.499 [warning] [Decorations] CAPPING events from decorations provider vscode.git 3298
2024-07-10 22:57:18.543 [warning] [Decorations] CAPPING events from decorations provider vscode.git 3298
2024-07-10 22:57:23.581 [warning] [Decorations] CAPPING events from decorations provider vscode.git 3298
2024-07-10 22:57:28.628 [warning] [Decorations] CAPPING events from decorations provider vscode.git 3298
2024-07-10 22:57:33.669 [warning] [Decorations] CAPPING events from decorations provider vscode.git 3298
2024-07-10 22:57:38.709 [warning] [Decorations] CAPPING events from decorations provider vscode.git 3298
2024-07-10 22:58:40.110 [warning] [Decorations] CAPPING events from decorations provider vscode.git 3298
2024-07-10 22:58:45.160 [warning] [Decorations] CAPPING events from decorations provider vscode.git 3298
2024-07-10 22:58:50.220 [warning] [Decorations] CAPPING events from decorations provider vscode.git 3298
2024-07-10 22:58:55.276 [warning] [Decorations] CAPPING events from decorations provider vscode.git 3298
2024-07-10 22:59:00.328 [warning] [Decorations] CAPPING events from decorations provider vscode.git 3299
2024-07-10 22:59:05.376 [warning] [Decorations] CAPPING events from decorations provider vscode.git 3299
2024-07-10 22:59:10.416 [warning] [Decorations] CAPPING events from decorations provider vscode.git 3298
2024-07-10 22:59:15.458 [warning] [Decorations] CAPPING events from decorations provider vscode.git 3298
2024-07-10 22:59:19.079 [info] ExtensionService#_doActivateExtension vscode.configuration-editing, startup: false, activationEvent: 'onLanguage:json'
2024-07-10 22:59:19.101 [info] ExtensionService#_doActivateExtension vscode.extension-editing, startup: false, activationEvent: 'onLanguage:json'
2024-07-10 22:59:19.120 [info] ExtensionService#_doActivateExtension vscode.json-language-features, startup: false, activationEvent: 'onLanguage:json'
2024-07-10 22:59:20.497 [warning] [Decorations] CAPPING events from decorations provider vscode.git 3299
2024-07-10 22:59:25.537 [warning] [Decorations] CAPPING events from decorations provider vscode.git 3299
2024-07-10 22:59:30.578 [warning] [Decorations] CAPPING events from decorations provider vscode.git 3299
2024-07-10 22:59:35.614 [warning] [Decorations] CAPPING events from decorations provider vscode.git 3299
2024-07-10 22:59:40.666 [warning] [Decorations] CAPPING events from decorations provider vscode.git 3299
2024-07-10 22:59:45.723 [warning] [Decorations] CAPPING events from decorations provider vscode.git 3299
2024-07-10 22:59:50.772 [warning] [Decorations] CAPPING events from decorations provider vscode.git 3299
2024-07-10 22:59:55.822 [warning] [Decorations] CAPPING events from decorations provider vscode.git 3299
2024-07-10 23:00:00.865 [warning] [Decorations] CAPPING events from decorations provider vscode.git 3299
2024-07-10 23:00:35.968 [warning] [Decorations] CAPPING events from decorations provider vscode.git 3299
2024-07-10 23:01:20.788 [warning] [Decorations] CAPPING events from decorations provider vscode.git 3299
2024-07-10 23:01:30.658 [warning] [Decorations] CAPPING events from decorations provider vscode.git 3299
2024-07-10 23:01:35.703 [warning] [Decorations] CAPPING events from decorations provider vscode.git 3299
2024-07-10 23:01:40.746 [warning] [Decorations] CAPPING events from decorations provider vscode.git 3299
2024-07-10 23:01:45.790 [warning] [Decorations] CAPPING events from decorations provider vscode.git 3299
2024-07-10 23:01:50.831 [warning] [Decorations] CAPPING events from decorations provider vscode.git 3299
2024-07-10 23:01:55.872 [warning] [Decorations] CAPPING events from decorations provider vscode.git 3299
2024-07-10 23:02:00.930 [warning] [Decorations] CAPPING events from decorations provider vscode.git 3299
2024-07-10 23:02:05.980 [warning] [Decorations] CAPPING events from decorations provider vscode.git 3299
2024-07-10 23:02:11.037 [warning] [Decorations] CAPPING events from decorations provider vscode.git 3299
2024-07-10 23:02:16.082 [warning] [Decorations] CAPPING events from decorations provider vscode.git 3299
2024-07-10 23:02:21.123 [warning] [Decorations] CAPPING events from decorations provider vscode.git 3299
2024-07-10 23:02:26.171 [warning] [Decorations] CAPPING events from decorations provider vscode.git 3299
2024-07-10 23:02:31.218 [warning] [Decorations] CAPPING events from decorations provider vscode.git 3299
2024-07-10 23:02:36.260 [warning] [Decorations] CAPPING events from decorations provider vscode.git 3299
2024-07-10 23:02:41.302 [warning] [Decorations] CAPPING events from decorations provider vscode.git 3299
2024-07-10 23:02:46.345 [warning] [Decorations] CAPPING events from decorations provider vscode.git 3299
2024-07-10 23:02:51.384 [warning] [Decorations] CAPPING events from decorations provider vscode.git 3300
2024-07-10 23:02:56.426 [warning] [Decorations] CAPPING events from decorations provider vscode.git 3301
2024-07-10 23:08:08.938 [warning] [Decorations] CAPPING events from decorations provider vscode.git 3300
2024-07-10 23:08:13.980 [warning] [Decorations] CAPPING events from decorations provider vscode.git 3300
2024-07-10 23:08:30.992 [warning] [Decorations] CAPPING events from decorations provider vscode.git 3301
2024-07-10 23:08:36.037 [warning] [Decorations] CAPPING events from decorations provider vscode.git 3301
2024-07-10 23:08:41.088 [warning] [Decorations] CAPPING events from decorations provider vscode.git 3302
2024-07-10 23:08:55.042 [warning] [Decorations] CAPPING events from decorations provider vscode.git 3302
2024-07-10 23:09:00.113 [warning] [Decorations] CAPPING events from decorations provider vscode.git 3302
2024-07-10 23:09:05.150 [warning] [Decorations] CAPPING events from decorations provider vscode.git 3302
2024-07-10 23:09:10.190 [warning] [Decorations] CAPPING events from decorations provider vscode.git 3302
2024-07-10 23:09:15.234 [warning] [Decorations] CAPPING events from decorations provider vscode.git 3302
2024-07-10 23:09:20.276 [warning] [Decorations] CAPPING events from decorations provider vscode.git 3302
2024-07-10 23:09:25.321 [warning] [Decorations] CAPPING events from decorations provider vscode.git 3302
2024-07-10 23:09:30.365 [warning] [Decorations] CAPPING events from decorations provider vscode.git 3302
2024-07-10 23:09:35.407 [warning] [Decorations] CAPPING events from decorations provider vscode.git 3302
2024-07-10 23:09:40.459 [warning] [Decorations] CAPPING events from decorations provider vscode.git 3302
2024-07-10 23:13:57.525 [warning] [Decorations] CAPPING events from decorations provider vscode.git 3302
2024-07-10 23:14:02.600 [warning] [Decorations] CAPPING events from decorations provider vscode.git 3302
2024-07-10 23:14:07.642 [warning] [Decorations] CAPPING events from decorations provider vscode.git 3302
2024-07-10 23:14:12.686 [warning] [Decorations] CAPPING events from decorations provider vscode.git 3302
2024-07-10 23:14:17.728 [warning] [Decorations] CAPPING events from decorations provider vscode.git 3302
2024-07-10 23:14:22.771 [warning] [Decorations] CAPPING events from decorations provider vscode.git 3302
2024-07-10 23:14:27.828 [warning] [Decorations] CAPPING events from decorations provider vscode.git 3302
2024-07-10 23:14:32.895 [warning] [Decorations] CAPPING events from decorations provider vscode.git 3302
2024-07-10 23:14:54.683 [warning] [Decorations] CAPPING events from decorations provider vscode.git 3302
2024-07-10 23:14:59.729 [warning] [Decorations] CAPPING events from decorations provider vscode.git 3302
2024-07-10 23:15:04.774 [warning] [Decorations] CAPPING events from decorations provider vscode.git 3302
2024-07-10 23:15:09.822 [warning] [Decorations] CAPPING events from decorations provider vscode.git 3302
2024-07-10 23:15:14.872 [warning] [Decorations] CAPPING events from decorations provider vscode.git 3302
2024-07-10 23:15:19.951 [warning] [Decorations] CAPPING events from decorations provider vscode.git 3302
2024-07-10 23:15:42.555 [warning] [Decorations] CAPPING events from decorations provider vscode.git 3302
2024-07-10 23:15:47.610 [warning] [Decorations] CAPPING events from decorations provider vscode.git 3302
2024-07-10 23:15:52.655 [warning] [Decorations] CAPPING events from decorations provider vscode.git 3302
2024-07-10 23:15:57.699 [warning] [Decorations] CAPPING events from decorations provider vscode.git 3302
2024-07-10 23:16:02.749 [warning] [Decorations] CAPPING events from decorations provider vscode.git 3302
2024-07-10 23:16:07.795 [warning] [Decorations] CAPPING events from decorations provider vscode.git 3302
2024-07-10 23:16:12.834 [warning] [Decorations] CAPPING events from decorations provider vscode.git 3302
2024-07-10 23:16:17.879 [warning] [Decorations] CAPPING events from decorations provider vscode.git 3302
2024-07-10 23:16:22.942 [warning] [Decorations] CAPPING events from decorations provider vscode.git 3302
2024-07-10 23:16:28.008 [warning] [Decorations] CAPPING events from decorations provider vscode.git 3302
2024-07-10 23:16:33.050 [warning] [Decorations] CAPPING events from decorations provider vscode.git 3302
2024-07-10 23:16:38.101 [warning] [Decorations] CAPPING events from decorations provider vscode.git 3302
2024-07-10 23:16:43.146 [warning] [Decorations] CAPPING events from decorations provider vscode.git 3302
2024-07-10 23:16:48.191 [warning] [Decorations] CAPPING events from decorations provider vscode.git 3302
2024-07-10 23:16:53.232 [warning] [Decorations] CAPPING events from decorations provider vscode.git 3302
2024-07-10 23:16:58.290 [warning] [Decorations] CAPPING events from decorations provider vscode.git 3302
2024-07-10 23:17:03.332 [warning] [Decorations] CAPPING events from decorations provider vscode.git 3302
2024-07-10 23:17:08.378 [warning] [Decorations] CAPPING events from decorations provider vscode.git 3302
2024-07-10 23:17:13.422 [warning] [Decorations] CAPPING events from decorations provider vscode.git 3302
2024-07-10 23:17:18.468 [warning] [Decorations] CAPPING events from decorations provider vscode.git 3302
2024-07-10 23:17:23.509 [warning] [Decorations] CAPPING events from decorations provider vscode.git 3302
2024-07-10 23:17:28.555 [warning] [Decorations] CAPPING events from decorations provider vscode.git 3302
2024-07-10 23:17:33.596 [warning] [Decorations] CAPPING events from decorations provider vscode.git 3302
2024-07-10 23:17:38.642 [warning] [Decorations] CAPPING events from decorations provider vscode.git 3302
2024-07-10 23:17:43.688 [warning] [Decorations] CAPPING events from decorations provider vscode.git 3302
2024-07-10 23:17:48.733 [warning] [Decorations] CAPPING events from decorations provider vscode.git 3302
2024-07-10 23:17:53.777 [warning] [Decorations] CAPPING events from decorations provider vscode.git 3302
2024-07-10 23:17:58.819 [warning] [Decorations] CAPPING events from decorations provider vscode.git 3302
2024-07-10 23:18:03.861 [warning] [Decorations] CAPPING events from decorations provider vscode.git 3302
2024-07-10 23:18:08.909 [warning] [Decorations] CAPPING events from decorations provider vscode.git 3302
2024-07-10 23:18:13.951 [warning] [Decorations] CAPPING events from decorations provider vscode.git 3302
2024-07-10 23:18:18.998 [warning] [Decorations] CAPPING events from decorations provider vscode.git 3302
2024-07-10 23:18:24.041 [warning] [Decorations] CAPPING events from decorations provider vscode.git 3302
2024-07-10 23:18:29.089 [warning] [Decorations] CAPPING events from decorations provider vscode.git 3302
2024-07-10 23:18:34.134 [warning] [Decorations] CAPPING events from decorations provider vscode.git 3302
2024-07-10 23:18:39.181 [warning] [Decorations] CAPPING events from decorations provider vscode.git 3302
2024-07-10 23:18:44.227 [warning] [Decorations] CAPPING events from decorations provider vscode.git 3302
2024-07-10 23:18:49.268 [warning] [Decorations] CAPPING events from decorations provider vscode.git 3302
2024-07-10 23:18:54.312 [warning] [Decorations] CAPPING events from decorations provider vscode.git 3302
2024-07-10 23:18:59.359 [warning] [Decorations] CAPPING events from decorations provider vscode.git 3302
2024-07-10 23:19:04.418 [warning] [Decorations] CAPPING events from decorations provider vscode.git 3302
2024-07-10 23:19:09.464 [warning] [Decorations] CAPPING events from decorations provider vscode.git 3302
2024-07-10 23:20:08.883 [warning] [Decorations] CAPPING events from decorations provider vscode.git 3302
2024-07-10 23:20:13.934 [warning] [Decorations] CAPPING events from decorations provider vscode.git 3302
2024-07-10 23:20:19.018 [warning] [Decorations] CAPPING events from decorations provider vscode.git 3302
2024-07-10 23:20:24.064 [warning] [Decorations] CAPPING events from decorations provider vscode.git 3302
2024-07-10 23:20:29.107 [warning] [Decorations] CAPPING events from decorations provider vscode.git 3302
2024-07-10 23:20:34.147 [warning] [Decorations] CAPPING events from decorations provider vscode.git 3302
2024-07-10 23:20:39.190 [warning] [Decorations] CAPPING events from decorations provider vscode.git 3302
2024-07-10 23:20:44.239 [warning] [Decorations] CAPPING events from decorations provider vscode.git 3302
2024-07-10 23:20:49.298 [warning] [Decorations] CAPPING events from decorations provider vscode.git 3302
2024-07-10 23:20:54.337 [warning] [Decorations] CAPPING events from decorations provider vscode.git 3302
2024-07-10 23:20:59.378 [warning] [Decorations] CAPPING events from decorations provider vscode.git 3302
2024-07-10 23:21:04.423 [warning] [Decorations] CAPPING events from decorations provider vscode.git 3302
2024-07-10 23:21:09.467 [warning] [Decorations] CAPPING events from decorations provider vscode.git 3302
2024-07-10 23:21:14.515 [warning] [Decorations] CAPPING events from decorations provider vscode.git 3302
2024-07-10 23:21:19.558 [warning] [Decorations] CAPPING events from decorations provider vscode.git 3302
2024-07-10 23:21:24.601 [warning] [Decorations] CAPPING events from decorations provider vscode.git 3302
2024-07-10 23:21:29.646 [warning] [Decorations] CAPPING events from decorations provider vscode.git 3302
2024-07-10 23:21:34.692 [warning] [Decorations] CAPPING events from decorations provider vscode.git 3302
2024-07-10 23:21:39.735 [warning] [Decorations] CAPPING events from decorations provider vscode.git 3302
2024-07-10 23:21:44.784 [warning] [Decorations] CAPPING events from decorations provider vscode.git 3302
2024-07-10 23:21:49.843 [warning] [Decorations] CAPPING events from decorations provider vscode.git 3302
2024-07-10 23:21:54.890 [warning] [Decorations] CAPPING events from decorations provider vscode.git 3302
2024-07-10 23:21:59.936 [warning] [Decorations] CAPPING events from decorations provider vscode.git 3302
2024-07-10 23:22:04.978 [warning] [Decorations] CAPPING events from decorations provider vscode.git 3302
2024-07-10 23:22:10.018 [warning] [Decorations] CAPPING events from decorations provider vscode.git 3302
2024-07-10 23:22:15.063 [warning] [Decorations] CAPPING events from decorations provider vscode.git 3302
2024-07-10 23:22:20.107 [warning] [Decorations] CAPPING events from decorations provider vscode.git 3302
2024-07-10 23:22:25.154 [warning] [Decorations] CAPPING events from decorations provider vscode.git 3302
2024-07-10 23:22:30.201 [warning] [Decorations] CAPPING events from decorations provider vscode.git 3302
2024-07-10 23:22:35.248 [warning] [Decorations] CAPPING events from decorations provider vscode.git 3302
2024-07-10 23:22:40.293 [warning] [Decorations] CAPPING events from decorations provider vscode.git 3302
2024-07-10 23:22:45.338 [warning] [Decorations] CAPPING events from decorations provider vscode.git 3302
2024-07-10 23:22:50.383 [warning] [Decorations] CAPPING events from decorations provider vscode.git 3302
2024-07-10 23:22:55.428 [warning] [Decorations] CAPPING events from decorations provider vscode.git 3302
2024-07-10 23:23:00.471 [warning] [Decorations] CAPPING events from decorations provider vscode.git 3302
2024-07-10 23:23:05.514 [warning] [Decorations] CAPPING events from decorations provider vscode.git 3302
2024-07-10 23:23:10.557 [warning] [Decorations] CAPPING events from decorations provider vscode.git 3302
2024-07-10 23:23:15.624 [warning] [Decorations] CAPPING events from decorations provider vscode.git 3302
2024-07-10 23:23:20.686 [warning] [Decorations] CAPPING events from decorations provider vscode.git 3302
2024-07-10 23:23:25.732 [warning] [Decorations] CAPPING events from decorations provider vscode.git 3302
2024-07-10 23:23:30.771 [warning] [Decorations] CAPPING events from decorations provider vscode.git 3302
2024-07-10 23:23:35.815 [warning] [Decorations] CAPPING events from decorations provider vscode.git 3302
2024-07-10 23:23:40.852 [warning] [Decorations] CAPPING events from decorations provider vscode.git 3302
2024-07-10 23:23:45.919 [warning] [Decorations] CAPPING events from decorations provider vscode.git 3302
2024-07-10 23:23:50.968 [warning] [Decorations] CAPPING events from decorations provider vscode.git 3302
2024-07-10 23:24:59.700 [warning] [Decorations] CAPPING events from decorations provider vscode.git 3302
2024-07-10 23:29:19.062 [warning] [Decorations] CAPPING events from decorations provider vscode.git 3302
2024-07-10 23:29:24.114 [warning] [Decorations] CAPPING events from decorations provider vscode.git 3302
2024-07-10 23:29:29.162 [warning] [Decorations] CAPPING events from decorations provider vscode.git 3302
2024-07-10 23:29:34.206 [warning] [Decorations] CAPPING events from decorations provider vscode.git 3302
2024-07-10 23:29:39.276 [warning] [Decorations] CAPPING events from decorations provider vscode.git 3302
2024-07-10 23:29:44.333 [warning] [Decorations] CAPPING events from decorations provider vscode.git 3302
2024-07-10 23:29:49.380 [warning] [Decorations] CAPPING events from decorations provider vscode.git 3302
2024-07-10 23:29:54.431 [warning] [Decorations] CAPPING events from decorations provider vscode.git 3302
2024-07-10 23:29:59.473 [warning] [Decorations] CAPPING events from decorations provider vscode.git 3302
2024-07-10 23:30:04.512 [warning] [Decorations] CAPPING events from decorations provider vscode.git 3302
2024-07-10 23:30:09.553 [warning] [Decorations] CAPPING events from decorations provider vscode.git 3302
2024-07-10 23:30:14.600 [warning] [Decorations] CAPPING events from decorations provider vscode.git 3302
2024-07-10 23:30:19.640 [warning] [Decorations] CAPPING events from decorations provider vscode.git 3302
2024-07-10 23:30:24.677 [warning] [Decorations] CAPPING events from decorations provider vscode.git 3302
2024-07-10 23:30:29.723 [warning] [Decorations] CAPPING events from decorations provider vscode.git 3302
2024-07-10 23:30:34.768 [warning] [Decorations] CAPPING events from decorations provider vscode.git 3302
2024-07-10 23:30:39.811 [warning] [Decorations] CAPPING events from decorations provider vscode.git 3302
2024-07-10 23:30:44.861 [warning] [Decorations] CAPPING events from decorations provider vscode.git 3302
2024-07-10 23:30:49.901 [warning] [Decorations] CAPPING events from decorations provider vscode.git 3302
2024-07-10 23:30:54.947 [warning] [Decorations] CAPPING events from decorations provider vscode.git 3302
2024-07-10 23:30:59.993 [warning] [Decorations] CAPPING events from decorations provider vscode.git 3302
2024-07-10 23:31:05.037 [warning] [Decorations] CAPPING events from decorations provider vscode.git 3302
2024-07-10 23:31:10.079 [warning] [Decorations] CAPPING events from decorations provider vscode.git 3302
2024-07-10 23:31:15.127 [warning] [Decorations] CAPPING events from decorations provider vscode.git 3302
2024-07-10 23:31:20.177 [warning] [Decorations] CAPPING events from decorations provider vscode.git 3302
2024-07-10 23:31:25.224 [warning] [Decorations] CAPPING events from decorations provider vscode.git 3302
2024-07-10 23:31:30.274 [warning] [Decorations] CAPPING events from decorations provider vscode.git 3302
2024-07-10 23:31:35.320 [warning] [Decorations] CAPPING events from decorations provider vscode.git 3302
2024-07-10 23:31:40.362 [warning] [Decorations] CAPPING events from decorations provider vscode.git 3302
2024-07-10 23:31:45.404 [warning] [Decorations] CAPPING events from decorations provider vscode.git 3302
2024-07-10 23:31:50.447 [warning] [Decorations] CAPPING events from decorations provider vscode.git 3302
2024-07-10 23:31:55.495 [warning] [Decorations] CAPPING events from decorations provider vscode.git 3302
2024-07-10 23:32:00.538 [warning] [Decorations] CAPPING events from decorations provider vscode.git 3302
2024-07-10 23:32:05.582 [warning] [Decorations] CAPPING events from decorations provider vscode.git 3302
2024-07-10 23:32:10.626 [warning] [Decorations] CAPPING events from decorations provider vscode.git 3302
2024-07-10 23:32:15.668 [warning] [Decorations] CAPPING events from decorations provider vscode.git 3302
2024-07-10 23:32:20.715 [warning] [Decorations] CAPPING events from decorations provider vscode.git 3302
2024-07-10 23:32:25.757 [warning] [Decorations] CAPPING events from decorations provider vscode.git 3302
2024-07-10 23:32:30.799 [warning] [Decorations] CAPPING events from decorations provider vscode.git 3302
2024-07-10 23:32:35.841 [warning] [Decorations] CAPPING events from decorations provider vscode.git 3302
2024-07-10 23:32:40.884 [warning] [Decorations] CAPPING events from decorations provider vscode.git 3302
2024-07-10 23:32:45.929 [warning] [Decorations] CAPPING events from decorations provider vscode.git 3302
2024-07-10 23:32:50.975 [warning] [Decorations] CAPPING events from decorations provider vscode.git 3302
2024-07-10 23:32:56.022 [warning] [Decorations] CAPPING events from decorations provider vscode.git 3302
2024-07-10 23:33:01.066 [warning] [Decorations] CAPPING events from decorations provider vscode.git 3302
2024-07-10 23:33:06.110 [warning] [Decorations] CAPPING events from decorations provider vscode.git 3302
2024-07-10 23:33:11.150 [warning] [Decorations] CAPPING events from decorations provider vscode.git 3302
2024-07-10 23:33:16.195 [warning] [Decorations] CAPPING events from decorations provider vscode.git 3302
2024-07-10 23:33:21.243 [warning] [Decorations] CAPPING events from decorations provider vscode.git 3302
2024-07-10 23:33:26.288 [warning] [Decorations] CAPPING events from decorations provider vscode.git 3302
2024-07-10 23:33:31.335 [warning] [Decorations] CAPPING events from decorations provider vscode.git 3302
2024-07-10 23:33:36.372 [warning] [Decorations] CAPPING events from decorations provider vscode.git 3302
2024-07-10 23:33:41.412 [warning] [Decorations] CAPPING events from decorations provider vscode.git 3302
2024-07-10 23:33:46.465 [warning] [Decorations] CAPPING events from decorations provider vscode.git 3302
2024-07-10 23:33:51.506 [warning] [Decorations] CAPPING events from decorations provider vscode.git 3302
2024-07-10 23:33:56.549 [warning] [Decorations] CAPPING events from decorations provider vscode.git 3302
2024-07-10 23:34:01.598 [warning] [Decorations] CAPPING events from decorations provider vscode.git 3302
2024-07-10 23:34:06.638 [warning] [Decorations] CAPPING events from decorations provider vscode.git 3302
2024-07-10 23:34:11.679 [warning] [Decorations] CAPPING events from decorations provider vscode.git 3302
2024-07-10 23:34:16.721 [warning] [Decorations] CAPPING events from decorations provider vscode.git 3302
2024-07-10 23:34:21.769 [warning] [Decorations] CAPPING events from decorations provider vscode.git 3302
2024-07-10 23:35:05.250 [warning] [Decorations] CAPPING events from decorations provider vscode.git 3302
2024-07-10 23:35:10.307 [warning] [Decorations] CAPPING events from decorations provider vscode.git 3302
2024-07-10 23:35:15.360 [warning] [Decorations] CAPPING events from decorations provider vscode.git 3302
2024-07-10 23:35:20.405 [warning] [Decorations] CAPPING events from decorations provider vscode.git 3302
2024-07-10 23:35:25.445 [warning] [Decorations] CAPPING events from decorations provider vscode.git 3302
2024-07-10 23:35:30.500 [warning] [Decorations] CAPPING events from decorations provider vscode.git 3302
2024-07-10 23:35:35.558 [warning] [Decorations] CAPPING events from decorations provider vscode.git 3302
2024-07-10 23:35:40.606 [warning] [Decorations] CAPPING events from decorations provider vscode.git 3302
2024-07-10 23:35:45.666 [warning] [Decorations] CAPPING events from decorations provider vscode.git 3302
2024-07-10 23:35:50.711 [warning] [Decorations] CAPPING events from decorations provider vscode.git 3302
2024-07-10 23:35:55.754 [warning] [Decorations] CAPPING events from decorations provider vscode.git 3302
2024-07-10 23:36:00.799 [warning] [Decorations] CAPPING events from decorations provider vscode.git 3302
2024-07-10 23:36:05.842 [warning] [Decorations] CAPPING events from decorations provider vscode.git 3302
2024-07-10 23:36:10.888 [warning] [Decorations] CAPPING events from decorations provider vscode.git 3302
2024-07-10 23:36:15.940 [warning] [Decorations] CAPPING events from decorations provider vscode.git 3302
2024-07-10 23:36:20.983 [warning] [Decorations] CAPPING events from decorations provider vscode.git 3302
2024-07-10 23:36:26.031 [warning] [Decorations] CAPPING events from decorations provider vscode.git 3302
2024-07-10 23:36:31.074 [warning] [Decorations] CAPPING events from decorations provider vscode.git 3302
2024-07-10 23:36:36.120 [warning] [Decorations] CAPPING events from decorations provider vscode.git 3302
2024-07-10 23:36:41.160 [warning] [Decorations] CAPPING events from decorations provider vscode.git 3302
2024-07-10 23:36:46.207 [warning] [Decorations] CAPPING events from decorations provider vscode.git 3302
2024-07-10 23:36:51.248 [warning] [Decorations] CAPPING events from decorations provider vscode.git 3302
2024-07-10 23:36:56.303 [warning] [Decorations] CAPPING events from decorations provider vscode.git 3302
2024-07-10 23:37:01.355 [warning] [Decorations] CAPPING events from decorations provider vscode.git 3302
2024-07-10 23:37:06.403 [warning] [Decorations] CAPPING events from decorations provider vscode.git 3302
2024-07-10 23:37:11.448 [warning] [Decorations] CAPPING events from decorations provider vscode.git 3302
2024-07-10 23:37:16.499 [warning] [Decorations] CAPPING events from decorations provider vscode.git 3302
2024-07-10 23:37:21.551 [warning] [Decorations] CAPPING events from decorations provider vscode.git 3302
2024-07-10 23:37:26.607 [warning] [Decorations] CAPPING events from decorations provider vscode.git 3302
2024-07-10 23:37:31.661 [warning] [Decorations] CAPPING events from decorations provider vscode.git 3302
2024-07-10 23:37:36.713 [warning] [Decorations] CAPPING events from decorations provider vscode.git 3302
2024-07-10 23:37:41.761 [warning] [Decorations] CAPPING events from decorations provider vscode.git 3302
2024-07-10 23:37:46.804 [warning] [Decorations] CAPPING events from decorations provider vscode.git 3302
2024-07-10 23:37:51.846 [warning] [Decorations] CAPPING events from decorations provider vscode.git 3302
2024-07-10 23:37:56.898 [warning] [Decorations] CAPPING events from decorations provider vscode.git 3302
2024-07-10 23:38:01.947 [warning] [Decorations] CAPPING events from decorations provider vscode.git 3302
2024-07-10 23:38:07.005 [warning] [Decorations] CAPPING events from decorations provider vscode.git 3302
2024-07-10 23:38:12.055 [warning] [Decorations] CAPPING events from decorations provider vscode.git 3302
2024-07-10 23:38:17.105 [warning] [Decorations] CAPPING events from decorations provider vscode.git 3302
2024-07-10 23:38:22.155 [warning] [Decorations] CAPPING events from decorations provider vscode.git 3302
2024-07-10 23:38:27.197 [warning] [Decorations] CAPPING events from decorations provider vscode.git 3302
2024-07-10 23:38:32.238 [warning] [Decorations] CAPPING events from decorations provider vscode.git 3302
2024-07-10 23:38:37.280 [warning] [Decorations] CAPPING events from decorations provider vscode.git 3302
2024-07-10 23:38:42.323 [warning] [Decorations] CAPPING events from decorations provider vscode.git 3302
2024-07-10 23:38:47.367 [warning] [Decorations] CAPPING events from decorations provider vscode.git 3302
2024-07-10 23:38:52.410 [warning] [Decorations] CAPPING events from decorations provider vscode.git 3302
2024-07-10 23:38:57.449 [warning] [Decorations] CAPPING events from decorations provider vscode.git 3302
2024-07-10 23:39:02.498 [warning] [Decorations] CAPPING events from decorations provider vscode.git 3302
2024-07-10 23:39:07.544 [warning] [Decorations] CAPPING events from decorations provider vscode.git 3302
2024-07-10 23:39:12.588 [warning] [Decorations] CAPPING events from decorations provider vscode.git 3302
2024-07-10 23:39:17.630 [warning] [Decorations] CAPPING events from decorations provider vscode.git 3302
2024-07-10 23:39:22.678 [warning] [Decorations] CAPPING events from decorations provider vscode.git 3302
2024-07-10 23:39:27.724 [warning] [Decorations] CAPPING events from decorations provider vscode.git 3302
2024-07-10 23:39:32.774 [warning] [Decorations] CAPPING events from decorations provider vscode.git 3302
2024-07-10 23:39:37.828 [warning] [Decorations] CAPPING events from decorations provider vscode.git 3302
2024-07-10 23:39:42.883 [warning] [Decorations] CAPPING events from decorations provider vscode.git 3302
2024-07-10 23:39:47.937 [warning] [Decorations] CAPPING events from decorations provider vscode.git 3302
2024-07-10 23:39:52.980 [warning] [Decorations] CAPPING events from decorations provider vscode.git 3302
2024-07-10 23:39:58.028 [warning] [Decorations] CAPPING events from decorations provider vscode.git 3302
2024-07-10 23:40:03.077 [warning] [Decorations] CAPPING events from decorations provider vscode.git 3302
2024-07-10 23:40:08.119 [warning] [Decorations] CAPPING events from decorations provider vscode.git 3302
2024-07-10 23:40:13.158 [warning] [Decorations] CAPPING events from decorations provider vscode.git 3302
2024-07-10 23:40:18.194 [warning] [Decorations] CAPPING events from decorations provider vscode.git 3302
2024-07-10 23:40:23.232 [warning] [Decorations] CAPPING events from decorations provider vscode.git 3302
2024-07-10 23:40:28.273 [warning] [Decorations] CAPPING events from decorations provider vscode.git 3302
2024-07-10 23:40:33.318 [warning] [Decorations] CAPPING events from decorations provider vscode.git 3302
2024-07-10 23:40:38.372 [warning] [Decorations] CAPPING events from decorations provider vscode.git 3302
2024-07-10 23:40:43.421 [warning] [Decorations] CAPPING events from decorations provider vscode.git 3302
2024-07-10 23:40:48.470 [warning] [Decorations] CAPPING events from decorations provider vscode.git 3302
2024-07-10 23:40:53.517 [warning] [Decorations] CAPPING events from decorations provider vscode.git 3302
2024-07-10 23:40:58.561 [warning] [Decorations] CAPPING events from decorations provider vscode.git 3302
2024-07-10 23:41:03.607 [warning] [Decorations] CAPPING events from decorations provider vscode.git 3302
2024-07-10 23:41:08.649 [warning] [Decorations] CAPPING events from decorations provider vscode.git 3302
2024-07-10 23:41:13.706 [warning] [Decorations] CAPPING events from decorations provider vscode.git 3302
2024-07-10 23:41:18.759 [warning] [Decorations] CAPPING events from decorations provider vscode.git 3302
2024-07-10 23:41:23.809 [warning] [Decorations] CAPPING events from decorations provider vscode.git 3302
2024-07-10 23:41:28.862 [warning] [Decorations] CAPPING events from decorations provider vscode.git 3302
2024-07-10 23:41:33.919 [warning] [Decorations] CAPPING events from decorations provider vscode.git 3302
2024-07-10 23:41:38.976 [warning] [Decorations] CAPPING events from decorations provider vscode.git 3302
2024-07-10 23:41:44.018 [warning] [Decorations] CAPPING events from decorations provider vscode.git 3302
2024-07-10 23:41:49.057 [warning] [Decorations] CAPPING events from decorations provider vscode.git 3302
2024-07-10 23:41:54.100 [warning] [Decorations] CAPPING events from decorations provider vscode.git 3302
2024-07-10 23:41:59.176 [warning] [Decorations] CAPPING events from decorations provider vscode.git 3302
2024-07-10 23:42:07.677 [warning] [Decorations] CAPPING events from decorations provider vscode.git 3302
2024-07-10 23:42:12.719 [warning] [Decorations] CAPPING events from decorations provider vscode.git 3302
2024-07-10 23:42:17.783 [warning] [Decorations] CAPPING events from decorations provider vscode.git 3302
