2024-07-09 13:52:43.160 [info] Extension host with pid 1592 started
2024-07-09 13:52:43.160 [info] Skipping acquiring lock for /root/devcamp/new_app/~/root/User/workspaceStorage/f232d8e2bbe7c295670844af1be87be2.
2024-07-09 13:52:43.560 [info] ExtensionService#_doActivateExtension vscode.emmet, startup: false, activationEvent: 'onLanguage'
2024-07-09 13:52:43.705 [info] ExtensionService#_doActivateExtension vscode.git-base, startup: true, activationEvent: '*', root cause: vscode.git
2024-07-09 13:52:43.827 [info] ExtensionService#_doActivateExtension vscode.git, startup: true, activationEvent: '*'
2024-07-09 13:52:43.891 [info] ExtensionService#_doActivateExtension vscode.github, startup: true, activationEvent: '*'
2024-07-09 13:52:44.059 [info] Eager extensions activated
2024-07-09 13:52:44.101 [info] ExtensionService#_doActivateExtension vscode.debug-auto-launch, startup: false, activationEvent: 'onStartupFinished'
2024-07-09 13:52:44.106 [info] ExtensionService#_doActivateExtension vscode.merge-conflict, startup: false, activationEvent: 'onStartupFinished'
2024-07-09 13:52:44.197 [warning] [Decorations] CAPPING events from decorations provider vscode.git 510
2024-07-09 13:52:44.276 [warning] [Decorations] CAPPING events from decorations provider vscode.git 511
2024-07-09 13:52:44.321 [info] ExtensionService#_doActivateExtension vscode.github-authentication, startup: false, activationEvent: 'onAuthenticationRequest:github'
2024-07-09 13:52:46.704 [warning] [Decorations] CAPPING events from decorations provider vscode.git 514
2024-07-09 13:52:51.750 [warning] [Decorations] CAPPING events from decorations provider vscode.git 514
2024-07-09 13:52:56.797 [warning] [Decorations] CAPPING events from decorations provider vscode.git 514
2024-07-09 13:53:01.832 [warning] [Decorations] CAPPING events from decorations provider vscode.git 514
2024-07-09 13:53:06.857 [warning] [Decorations] CAPPING events from decorations provider vscode.git 514
2024-07-09 13:53:11.885 [warning] [Decorations] CAPPING events from decorations provider vscode.git 514
2024-07-09 13:53:16.924 [warning] [Decorations] CAPPING events from decorations provider vscode.git 514
2024-07-09 13:53:21.954 [warning] [Decorations] CAPPING events from decorations provider vscode.git 514
2024-07-09 13:53:26.984 [warning] [Decorations] CAPPING events from decorations provider vscode.git 514
2024-07-09 13:53:32.013 [warning] [Decorations] CAPPING events from decorations provider vscode.git 515
2024-07-09 13:53:37.042 [warning] [Decorations] CAPPING events from decorations provider vscode.git 515
2024-07-09 13:53:42.072 [warning] [Decorations] CAPPING events from decorations provider vscode.git 516
2024-07-09 13:53:47.127 [warning] [Decorations] CAPPING events from decorations provider vscode.git 515
2024-07-09 13:55:05.690 [warning] [Decorations] CAPPING events from decorations provider vscode.git 515
2024-07-09 14:01:44.477 [warning] [Decorations] CAPPING events from decorations provider vscode.git 515
2024-07-09 14:01:49.518 [warning] [Decorations] CAPPING events from decorations provider vscode.git 515
2024-07-09 14:01:54.565 [warning] [Decorations] CAPPING events from decorations provider vscode.git 515
2024-07-09 14:01:59.599 [warning] [Decorations] CAPPING events from decorations provider vscode.git 515
2024-07-09 14:02:04.651 [warning] [Decorations] CAPPING events from decorations provider vscode.git 515
2024-07-09 14:05:16.701 [warning] [Decorations] CAPPING events from decorations provider vscode.git 515
2024-07-09 14:05:21.770 [warning] [Decorations] CAPPING events from decorations provider vscode.git 515
2024-07-09 14:05:26.823 [warning] [Decorations] CAPPING events from decorations provider vscode.git 516
2024-07-09 14:05:31.855 [warning] [Decorations] CAPPING events from decorations provider vscode.git 517
2024-07-09 14:05:38.068 [warning] [Decorations] CAPPING events from decorations provider vscode.git 516
2024-07-09 14:06:07.495 [warning] [Decorations] CAPPING events from decorations provider vscode.git 516
2024-07-09 14:06:12.535 [warning] [Decorations] CAPPING events from decorations provider vscode.git 517
2024-07-09 14:06:35.561 [warning] [Decorations] CAPPING events from decorations provider vscode.git 517
2024-07-09 14:06:40.596 [warning] [Decorations] CAPPING events from decorations provider vscode.git 518
2024-07-09 14:06:45.631 [warning] [Decorations] CAPPING events from decorations provider vscode.git 519
2024-07-09 14:06:50.657 [warning] [Decorations] CAPPING events from decorations provider vscode.git 519
2024-07-09 14:07:02.566 [warning] [Decorations] CAPPING events from decorations provider vscode.git 520
2024-07-09 14:28:47.582 [warning] [Decorations] CAPPING events from decorations provider vscode.git 555
2024-07-09 14:28:52.619 [warning] [Decorations] CAPPING events from decorations provider vscode.git 555
2024-07-09 14:28:57.666 [warning] [Decorations] CAPPING events from decorations provider vscode.git 555
2024-07-09 14:29:02.701 [warning] [Decorations] CAPPING events from decorations provider vscode.git 555
2024-07-09 14:29:07.737 [warning] [Decorations] CAPPING events from decorations provider vscode.git 555
2024-07-09 14:29:12.779 [warning] [Decorations] CAPPING events from decorations provider vscode.git 555
2024-07-09 14:29:17.823 [warning] [Decorations] CAPPING events from decorations provider vscode.git 555
2024-07-09 14:29:22.852 [warning] [Decorations] CAPPING events from decorations provider vscode.git 555
2024-07-09 14:29:27.894 [warning] [Decorations] CAPPING events from decorations provider vscode.git 556
2024-07-09 14:29:32.927 [warning] [Decorations] CAPPING events from decorations provider vscode.git 556
2024-07-09 14:29:37.961 [warning] [Decorations] CAPPING events from decorations provider vscode.git 557
2024-07-09 14:29:43.025 [warning] [Decorations] CAPPING events from decorations provider vscode.git 558
2024-07-09 14:29:48.062 [warning] [Decorations] CAPPING events from decorations provider vscode.git 557
2024-07-09 14:29:53.091 [warning] [Decorations] CAPPING events from decorations provider vscode.git 558
2024-07-09 14:29:58.124 [warning] [Decorations] CAPPING events from decorations provider vscode.git 558
2024-07-09 14:30:03.156 [warning] [Decorations] CAPPING events from decorations provider vscode.git 558
2024-07-09 14:30:08.197 [warning] [Decorations] CAPPING events from decorations provider vscode.git 558
2024-07-09 14:30:13.240 [warning] [Decorations] CAPPING events from decorations provider vscode.git 558
2024-07-09 14:30:18.279 [warning] [Decorations] CAPPING events from decorations provider vscode.git 558
2024-07-09 14:30:23.321 [warning] [Decorations] CAPPING events from decorations provider vscode.git 558
2024-07-09 14:30:28.362 [warning] [Decorations] CAPPING events from decorations provider vscode.git 558
2024-07-09 14:30:33.390 [warning] [Decorations] CAPPING events from decorations provider vscode.git 558
2024-07-09 14:30:38.437 [warning] [Decorations] CAPPING events from decorations provider vscode.git 558
2024-07-09 14:30:43.470 [warning] [Decorations] CAPPING events from decorations provider vscode.git 558
2024-07-09 14:30:48.499 [warning] [Decorations] CAPPING events from decorations provider vscode.git 558
2024-07-09 14:30:53.528 [warning] [Decorations] CAPPING events from decorations provider vscode.git 559
2024-07-09 14:30:58.556 [warning] [Decorations] CAPPING events from decorations provider vscode.git 559
2024-07-09 14:31:03.580 [warning] [Decorations] CAPPING events from decorations provider vscode.git 559
2024-07-09 14:31:08.615 [warning] [Decorations] CAPPING events from decorations provider vscode.git 559
2024-07-09 14:31:13.647 [warning] [Decorations] CAPPING events from decorations provider vscode.git 560
2024-07-09 14:31:18.679 [warning] [Decorations] CAPPING events from decorations provider vscode.git 562
2024-07-09 14:31:23.718 [warning] [Decorations] CAPPING events from decorations provider vscode.git 561
2024-07-09 14:31:28.743 [warning] [Decorations] CAPPING events from decorations provider vscode.git 561
2024-07-09 14:31:33.771 [warning] [Decorations] CAPPING events from decorations provider vscode.git 561
2024-07-09 14:31:38.801 [warning] [Decorations] CAPPING events from decorations provider vscode.git 561
2024-07-09 14:34:22.840 [warning] [Decorations] CAPPING events from decorations provider vscode.git 578
2024-07-09 14:34:27.889 [warning] [Decorations] CAPPING events from decorations provider vscode.git 579
2024-07-09 14:34:32.923 [warning] [Decorations] CAPPING events from decorations provider vscode.git 580
2024-07-09 14:34:37.952 [warning] [Decorations] CAPPING events from decorations provider vscode.git 581
2024-07-09 14:34:42.984 [warning] [Decorations] CAPPING events from decorations provider vscode.git 580
2024-07-09 14:34:48.013 [warning] [Decorations] CAPPING events from decorations provider vscode.git 580
2024-07-09 14:34:53.050 [warning] [Decorations] CAPPING events from decorations provider vscode.git 580
2024-07-09 14:34:58.077 [warning] [Decorations] CAPPING events from decorations provider vscode.git 581
2024-07-09 14:35:03.105 [warning] [Decorations] CAPPING events from decorations provider vscode.git 582
2024-07-09 14:35:08.138 [warning] [Decorations] CAPPING events from decorations provider vscode.git 581
2024-07-09 14:42:38.045 [warning] [Decorations] CAPPING events from decorations provider vscode.git 583
2024-07-09 14:42:43.081 [warning] [Decorations] CAPPING events from decorations provider vscode.git 583
2024-07-09 14:42:48.110 [warning] [Decorations] CAPPING events from decorations provider vscode.git 583
2024-07-09 14:42:53.144 [warning] [Decorations] CAPPING events from decorations provider vscode.git 583
2024-07-09 14:42:58.174 [warning] [Decorations] CAPPING events from decorations provider vscode.git 583
2024-07-09 14:43:03.208 [warning] [Decorations] CAPPING events from decorations provider vscode.git 583
2024-07-09 14:43:08.235 [warning] [Decorations] CAPPING events from decorations provider vscode.git 583
2024-07-09 14:43:13.269 [warning] [Decorations] CAPPING events from decorations provider vscode.git 583
2024-07-09 14:43:18.300 [warning] [Decorations] CAPPING events from decorations provider vscode.git 583
2024-07-09 14:43:23.331 [warning] [Decorations] CAPPING events from decorations provider vscode.git 583
2024-07-09 14:43:28.362 [warning] [Decorations] CAPPING events from decorations provider vscode.git 583
2024-07-09 14:43:33.392 [warning] [Decorations] CAPPING events from decorations provider vscode.git 583
2024-07-09 14:43:38.424 [warning] [Decorations] CAPPING events from decorations provider vscode.git 583
2024-07-09 14:43:43.454 [warning] [Decorations] CAPPING events from decorations provider vscode.git 583
2024-07-09 14:43:48.482 [warning] [Decorations] CAPPING events from decorations provider vscode.git 583
2024-07-09 14:43:53.513 [warning] [Decorations] CAPPING events from decorations provider vscode.git 583
2024-07-09 14:43:58.546 [warning] [Decorations] CAPPING events from decorations provider vscode.git 583
2024-07-09 14:44:03.577 [warning] [Decorations] CAPPING events from decorations provider vscode.git 583
2024-07-09 14:44:08.610 [warning] [Decorations] CAPPING events from decorations provider vscode.git 583
2024-07-09 14:44:13.642 [warning] [Decorations] CAPPING events from decorations provider vscode.git 583
2024-07-09 14:44:18.674 [warning] [Decorations] CAPPING events from decorations provider vscode.git 583
2024-07-09 14:44:23.705 [warning] [Decorations] CAPPING events from decorations provider vscode.git 583
2024-07-09 14:44:28.739 [warning] [Decorations] CAPPING events from decorations provider vscode.git 583
2024-07-09 14:44:33.768 [warning] [Decorations] CAPPING events from decorations provider vscode.git 583
2024-07-09 14:44:38.795 [warning] [Decorations] CAPPING events from decorations provider vscode.git 583
2024-07-09 14:44:43.819 [warning] [Decorations] CAPPING events from decorations provider vscode.git 583
2024-07-09 14:44:48.850 [warning] [Decorations] CAPPING events from decorations provider vscode.git 583
2024-07-09 14:44:53.880 [warning] [Decorations] CAPPING events from decorations provider vscode.git 583
2024-07-09 14:44:58.913 [warning] [Decorations] CAPPING events from decorations provider vscode.git 583
2024-07-09 14:45:03.944 [warning] [Decorations] CAPPING events from decorations provider vscode.git 583
2024-07-09 14:45:08.976 [warning] [Decorations] CAPPING events from decorations provider vscode.git 583
2024-07-09 14:45:14.007 [warning] [Decorations] CAPPING events from decorations provider vscode.git 583
2024-07-09 14:45:19.035 [warning] [Decorations] CAPPING events from decorations provider vscode.git 583
2024-07-09 14:45:24.081 [warning] [Decorations] CAPPING events from decorations provider vscode.git 583
2024-07-09 14:45:29.117 [warning] [Decorations] CAPPING events from decorations provider vscode.git 583
2024-07-09 14:45:34.147 [warning] [Decorations] CAPPING events from decorations provider vscode.git 584
2024-07-09 14:45:39.192 [warning] [Decorations] CAPPING events from decorations provider vscode.git 585
2024-07-09 14:45:44.223 [warning] [Decorations] CAPPING events from decorations provider vscode.git 584
2024-07-09 14:45:49.252 [warning] [Decorations] CAPPING events from decorations provider vscode.git 584
2024-07-09 14:45:54.290 [warning] [Decorations] CAPPING events from decorations provider vscode.git 584
2024-07-09 14:45:59.335 [warning] [Decorations] CAPPING events from decorations provider vscode.git 584
2024-07-09 14:46:14.673 [warning] [Decorations] CAPPING events from decorations provider vscode.git 584
2024-07-09 14:46:19.706 [warning] [Decorations] CAPPING events from decorations provider vscode.git 585
2024-07-09 14:46:24.730 [warning] [Decorations] CAPPING events from decorations provider vscode.git 585
2024-07-09 14:46:29.777 [warning] [Decorations] CAPPING events from decorations provider vscode.git 586
2024-07-09 14:46:34.810 [warning] [Decorations] CAPPING events from decorations provider vscode.git 585
2024-07-09 14:46:39.842 [warning] [Decorations] CAPPING events from decorations provider vscode.git 586
2024-07-09 14:46:44.871 [warning] [Decorations] CAPPING events from decorations provider vscode.git 588
2024-07-09 14:46:49.909 [warning] [Decorations] CAPPING events from decorations provider vscode.git 587
2024-07-09 14:46:54.943 [warning] [Decorations] CAPPING events from decorations provider vscode.git 587
2024-07-09 14:46:59.972 [warning] [Decorations] CAPPING events from decorations provider vscode.git 588
2024-07-09 14:47:05.004 [warning] [Decorations] CAPPING events from decorations provider vscode.git 589
2024-07-09 14:47:10.032 [warning] [Decorations] CAPPING events from decorations provider vscode.git 588
2024-07-09 14:47:15.059 [warning] [Decorations] CAPPING events from decorations provider vscode.git 588
2024-07-09 14:47:20.089 [warning] [Decorations] CAPPING events from decorations provider vscode.git 589
2024-07-09 14:47:32.592 [warning] [Decorations] CAPPING events from decorations provider vscode.git 589
2024-07-09 14:47:37.622 [warning] [Decorations] CAPPING events from decorations provider vscode.git 589
2024-07-09 14:48:42.137 [warning] [Decorations] CAPPING events from decorations provider vscode.git 590
2024-07-09 14:48:47.189 [warning] [Decorations] CAPPING events from decorations provider vscode.git 589
2024-07-09 14:48:52.221 [warning] [Decorations] CAPPING events from decorations provider vscode.git 589
2024-07-09 14:48:57.250 [warning] [Decorations] CAPPING events from decorations provider vscode.git 589
2024-07-09 14:49:02.278 [warning] [Decorations] CAPPING events from decorations provider vscode.git 591
2024-07-09 14:49:22.644 [warning] [Decorations] CAPPING events from decorations provider vscode.git 591
2024-07-09 14:49:27.700 [warning] [Decorations] CAPPING events from decorations provider vscode.git 591
2024-07-09 14:49:32.728 [warning] [Decorations] CAPPING events from decorations provider vscode.git 591
2024-07-09 14:52:42.276 [warning] [Decorations] CAPPING events from decorations provider vscode.git 595
2024-07-09 14:52:47.330 [warning] [Decorations] CAPPING events from decorations provider vscode.git 596
2024-07-09 14:52:52.394 [warning] [Decorations] CAPPING events from decorations provider vscode.git 596
2024-07-09 14:52:57.423 [warning] [Decorations] CAPPING events from decorations provider vscode.git 596
2024-07-09 14:53:02.450 [warning] [Decorations] CAPPING events from decorations provider vscode.git 596
2024-07-09 14:53:07.483 [warning] [Decorations] CAPPING events from decorations provider vscode.git 596
2024-07-09 14:53:12.511 [warning] [Decorations] CAPPING events from decorations provider vscode.git 598
2024-07-09 14:53:17.536 [warning] [Decorations] CAPPING events from decorations provider vscode.git 599
2024-07-09 14:53:22.562 [warning] [Decorations] CAPPING events from decorations provider vscode.git 599
2024-07-09 14:53:27.586 [warning] [Decorations] CAPPING events from decorations provider vscode.git 598
2024-07-09 14:53:32.616 [warning] [Decorations] CAPPING events from decorations provider vscode.git 598
2024-07-09 14:53:37.650 [warning] [Decorations] CAPPING events from decorations provider vscode.git 598
2024-07-09 14:53:42.689 [warning] [Decorations] CAPPING events from decorations provider vscode.git 598
2024-07-09 14:53:47.725 [warning] [Decorations] CAPPING events from decorations provider vscode.git 598
2024-07-09 14:53:52.762 [warning] [Decorations] CAPPING events from decorations provider vscode.git 598
2024-07-09 14:53:57.803 [warning] [Decorations] CAPPING events from decorations provider vscode.git 598
2024-07-09 14:54:02.845 [warning] [Decorations] CAPPING events from decorations provider vscode.git 598
2024-07-09 14:54:07.877 [warning] [Decorations] CAPPING events from decorations provider vscode.git 598
2024-07-09 14:54:12.913 [warning] [Decorations] CAPPING events from decorations provider vscode.git 598
2024-07-09 14:54:17.950 [warning] [Decorations] CAPPING events from decorations provider vscode.git 598
2024-07-09 14:54:22.996 [warning] [Decorations] CAPPING events from decorations provider vscode.git 598
2024-07-09 14:54:28.041 [warning] [Decorations] CAPPING events from decorations provider vscode.git 598
2024-07-09 14:54:33.083 [warning] [Decorations] CAPPING events from decorations provider vscode.git 598
2024-07-09 14:54:38.122 [warning] [Decorations] CAPPING events from decorations provider vscode.git 598
2024-07-09 14:54:43.165 [warning] [Decorations] CAPPING events from decorations provider vscode.git 598
2024-07-09 14:54:48.204 [warning] [Decorations] CAPPING events from decorations provider vscode.git 598
2024-07-09 14:54:53.246 [warning] [Decorations] CAPPING events from decorations provider vscode.git 598
2024-07-09 14:54:58.292 [warning] [Decorations] CAPPING events from decorations provider vscode.git 598
2024-07-09 14:55:03.321 [warning] [Decorations] CAPPING events from decorations provider vscode.git 598
2024-07-09 14:55:08.356 [warning] [Decorations] CAPPING events from decorations provider vscode.git 598
2024-07-09 14:55:13.397 [warning] [Decorations] CAPPING events from decorations provider vscode.git 598
2024-07-09 14:55:18.435 [warning] [Decorations] CAPPING events from decorations provider vscode.git 598
2024-07-09 14:55:23.478 [warning] [Decorations] CAPPING events from decorations provider vscode.git 598
2024-07-09 14:55:28.519 [warning] [Decorations] CAPPING events from decorations provider vscode.git 598
2024-07-09 14:55:33.558 [warning] [Decorations] CAPPING events from decorations provider vscode.git 598
2024-07-09 14:55:38.598 [warning] [Decorations] CAPPING events from decorations provider vscode.git 598
2024-07-09 14:55:43.636 [warning] [Decorations] CAPPING events from decorations provider vscode.git 598
2024-07-09 14:55:48.675 [warning] [Decorations] CAPPING events from decorations provider vscode.git 598
2024-07-09 14:55:53.727 [warning] [Decorations] CAPPING events from decorations provider vscode.git 598
2024-07-09 14:55:58.770 [warning] [Decorations] CAPPING events from decorations provider vscode.git 598
2024-07-09 14:56:03.806 [warning] [Decorations] CAPPING events from decorations provider vscode.git 598
2024-07-09 14:56:08.850 [warning] [Decorations] CAPPING events from decorations provider vscode.git 598
2024-07-09 14:56:13.889 [warning] [Decorations] CAPPING events from decorations provider vscode.git 598
2024-07-09 14:56:18.923 [warning] [Decorations] CAPPING events from decorations provider vscode.git 598
2024-07-09 14:56:23.967 [warning] [Decorations] CAPPING events from decorations provider vscode.git 598
2024-07-09 14:56:29.004 [warning] [Decorations] CAPPING events from decorations provider vscode.git 598
2024-07-09 14:56:34.043 [warning] [Decorations] CAPPING events from decorations provider vscode.git 598
2024-07-09 14:56:39.083 [warning] [Decorations] CAPPING events from decorations provider vscode.git 598
2024-07-09 14:56:44.113 [warning] [Decorations] CAPPING events from decorations provider vscode.git 598
2024-07-09 14:56:49.153 [warning] [Decorations] CAPPING events from decorations provider vscode.git 598
2024-07-09 14:56:54.199 [warning] [Decorations] CAPPING events from decorations provider vscode.git 598
2024-07-09 14:56:59.234 [warning] [Decorations] CAPPING events from decorations provider vscode.git 598
2024-07-09 14:57:04.273 [warning] [Decorations] CAPPING events from decorations provider vscode.git 598
2024-07-09 14:57:09.311 [warning] [Decorations] CAPPING events from decorations provider vscode.git 598
2024-07-09 14:57:14.354 [warning] [Decorations] CAPPING events from decorations provider vscode.git 598
2024-07-09 14:57:19.390 [warning] [Decorations] CAPPING events from decorations provider vscode.git 598
2024-07-09 14:57:24.417 [warning] [Decorations] CAPPING events from decorations provider vscode.git 598
2024-07-09 14:57:29.456 [warning] [Decorations] CAPPING events from decorations provider vscode.git 598
2024-07-09 14:57:34.490 [warning] [Decorations] CAPPING events from decorations provider vscode.git 598
2024-07-09 14:57:39.532 [warning] [Decorations] CAPPING events from decorations provider vscode.git 598
2024-07-09 14:57:44.571 [warning] [Decorations] CAPPING events from decorations provider vscode.git 598
2024-07-09 14:57:49.603 [warning] [Decorations] CAPPING events from decorations provider vscode.git 599
2024-07-09 14:57:54.637 [warning] [Decorations] CAPPING events from decorations provider vscode.git 599
2024-07-09 14:57:59.690 [warning] [Decorations] CAPPING events from decorations provider vscode.git 599
2024-07-09 14:58:04.731 [warning] [Decorations] CAPPING events from decorations provider vscode.git 599
2024-07-09 14:58:09.770 [warning] [Decorations] CAPPING events from decorations provider vscode.git 599
2024-07-09 14:58:14.812 [warning] [Decorations] CAPPING events from decorations provider vscode.git 599
2024-07-09 14:58:19.851 [warning] [Decorations] CAPPING events from decorations provider vscode.git 599
2024-07-09 14:58:24.883 [warning] [Decorations] CAPPING events from decorations provider vscode.git 599
2024-07-09 14:58:29.921 [warning] [Decorations] CAPPING events from decorations provider vscode.git 599
2024-07-09 14:58:34.955 [warning] [Decorations] CAPPING events from decorations provider vscode.git 599
2024-07-09 14:58:39.994 [warning] [Decorations] CAPPING events from decorations provider vscode.git 599
2024-07-09 14:58:45.032 [warning] [Decorations] CAPPING events from decorations provider vscode.git 599
2024-07-09 14:58:50.061 [warning] [Decorations] CAPPING events from decorations provider vscode.git 599
2024-07-09 14:58:55.088 [warning] [Decorations] CAPPING events from decorations provider vscode.git 599
2024-07-09 14:59:00.135 [warning] [Decorations] CAPPING events from decorations provider vscode.git 599
2024-07-09 14:59:05.180 [warning] [Decorations] CAPPING events from decorations provider vscode.git 599
2024-07-09 14:59:10.221 [warning] [Decorations] CAPPING events from decorations provider vscode.git 599
2024-07-09 14:59:15.250 [warning] [Decorations] CAPPING events from decorations provider vscode.git 599
2024-07-09 14:59:20.294 [warning] [Decorations] CAPPING events from decorations provider vscode.git 599
2024-07-09 14:59:25.322 [warning] [Decorations] CAPPING events from decorations provider vscode.git 599
2024-07-09 14:59:30.364 [warning] [Decorations] CAPPING events from decorations provider vscode.git 599
2024-07-09 14:59:35.402 [warning] [Decorations] CAPPING events from decorations provider vscode.git 599
2024-07-09 14:59:40.443 [warning] [Decorations] CAPPING events from decorations provider vscode.git 599
2024-07-09 14:59:45.481 [warning] [Decorations] CAPPING events from decorations provider vscode.git 599
2024-07-09 14:59:50.521 [warning] [Decorations] CAPPING events from decorations provider vscode.git 599
2024-07-09 14:59:55.554 [warning] [Decorations] CAPPING events from decorations provider vscode.git 599
2024-07-09 15:00:00.597 [warning] [Decorations] CAPPING events from decorations provider vscode.git 599
2024-07-09 15:00:05.638 [warning] [Decorations] CAPPING events from decorations provider vscode.git 599
2024-07-09 15:00:10.680 [warning] [Decorations] CAPPING events from decorations provider vscode.git 599
2024-07-09 15:00:15.726 [warning] [Decorations] CAPPING events from decorations provider vscode.git 599
2024-07-09 15:00:20.759 [warning] [Decorations] CAPPING events from decorations provider vscode.git 599
2024-07-09 15:00:25.792 [warning] [Decorations] CAPPING events from decorations provider vscode.git 599
2024-07-09 15:00:30.832 [warning] [Decorations] CAPPING events from decorations provider vscode.git 599
2024-07-09 15:00:35.872 [warning] [Decorations] CAPPING events from decorations provider vscode.git 599
2024-07-09 15:00:40.913 [warning] [Decorations] CAPPING events from decorations provider vscode.git 599
2024-07-09 15:00:45.956 [warning] [Decorations] CAPPING events from decorations provider vscode.git 599
2024-07-09 15:00:50.994 [warning] [Decorations] CAPPING events from decorations provider vscode.git 599
2024-07-09 15:00:56.022 [warning] [Decorations] CAPPING events from decorations provider vscode.git 599
2024-07-09 15:01:01.064 [warning] [Decorations] CAPPING events from decorations provider vscode.git 599
2024-07-09 15:01:06.105 [warning] [Decorations] CAPPING events from decorations provider vscode.git 599
2024-07-09 15:01:11.140 [warning] [Decorations] CAPPING events from decorations provider vscode.git 599
2024-07-09 15:01:16.169 [warning] [Decorations] CAPPING events from decorations provider vscode.git 599
2024-07-09 15:01:21.220 [warning] [Decorations] CAPPING events from decorations provider vscode.git 599
2024-07-09 15:01:26.259 [warning] [Decorations] CAPPING events from decorations provider vscode.git 599
2024-07-09 15:01:31.302 [warning] [Decorations] CAPPING events from decorations provider vscode.git 599
2024-07-09 15:01:36.342 [warning] [Decorations] CAPPING events from decorations provider vscode.git 599
2024-07-09 15:01:41.385 [warning] [Decorations] CAPPING events from decorations provider vscode.git 599
2024-07-09 15:01:46.423 [warning] [Decorations] CAPPING events from decorations provider vscode.git 599
2024-07-09 15:01:51.463 [warning] [Decorations] CAPPING events from decorations provider vscode.git 599
2024-07-09 15:01:56.500 [warning] [Decorations] CAPPING events from decorations provider vscode.git 599
2024-07-09 15:02:01.536 [warning] [Decorations] CAPPING events from decorations provider vscode.git 599
2024-07-09 15:02:06.578 [warning] [Decorations] CAPPING events from decorations provider vscode.git 599
2024-07-09 15:02:11.621 [warning] [Decorations] CAPPING events from decorations provider vscode.git 599
2024-07-09 15:02:16.659 [warning] [Decorations] CAPPING events from decorations provider vscode.git 599
2024-07-09 15:02:21.699 [warning] [Decorations] CAPPING events from decorations provider vscode.git 599
2024-07-09 15:02:26.735 [warning] [Decorations] CAPPING events from decorations provider vscode.git 599
2024-07-09 15:02:31.770 [warning] [Decorations] CAPPING events from decorations provider vscode.git 599
2024-07-09 15:02:36.814 [warning] [Decorations] CAPPING events from decorations provider vscode.git 599
2024-07-09 15:02:41.851 [warning] [Decorations] CAPPING events from decorations provider vscode.git 599
2024-07-09 15:02:46.889 [warning] [Decorations] CAPPING events from decorations provider vscode.git 599
2024-07-09 15:02:51.929 [warning] [Decorations] CAPPING events from decorations provider vscode.git 599
2024-07-09 15:02:56.968 [warning] [Decorations] CAPPING events from decorations provider vscode.git 599
2024-07-09 15:03:02.007 [warning] [Decorations] CAPPING events from decorations provider vscode.git 599
2024-07-09 15:03:07.045 [warning] [Decorations] CAPPING events from decorations provider vscode.git 599
2024-07-09 15:03:12.079 [warning] [Decorations] CAPPING events from decorations provider vscode.git 599
2024-07-09 15:03:17.118 [warning] [Decorations] CAPPING events from decorations provider vscode.git 599
2024-07-09 15:03:22.155 [warning] [Decorations] CAPPING events from decorations provider vscode.git 599
2024-07-09 15:03:27.194 [warning] [Decorations] CAPPING events from decorations provider vscode.git 599
2024-07-09 15:03:32.235 [warning] [Decorations] CAPPING events from decorations provider vscode.git 599
2024-07-09 15:03:37.278 [warning] [Decorations] CAPPING events from decorations provider vscode.git 599
2024-07-09 15:03:42.315 [warning] [Decorations] CAPPING events from decorations provider vscode.git 599
2024-07-09 15:03:47.353 [warning] [Decorations] CAPPING events from decorations provider vscode.git 599
2024-07-09 15:03:52.398 [warning] [Decorations] CAPPING events from decorations provider vscode.git 599
2024-07-09 15:03:57.442 [warning] [Decorations] CAPPING events from decorations provider vscode.git 599
2024-07-09 15:04:02.482 [warning] [Decorations] CAPPING events from decorations provider vscode.git 599
2024-07-09 15:04:07.524 [warning] [Decorations] CAPPING events from decorations provider vscode.git 599
2024-07-09 15:04:12.565 [warning] [Decorations] CAPPING events from decorations provider vscode.git 599
2024-07-09 15:04:17.601 [warning] [Decorations] CAPPING events from decorations provider vscode.git 599
2024-07-09 15:04:22.637 [warning] [Decorations] CAPPING events from decorations provider vscode.git 599
2024-07-09 15:04:27.675 [warning] [Decorations] CAPPING events from decorations provider vscode.git 599
2024-07-09 15:04:32.718 [warning] [Decorations] CAPPING events from decorations provider vscode.git 599
2024-07-09 15:04:37.757 [warning] [Decorations] CAPPING events from decorations provider vscode.git 599
2024-07-09 15:04:42.795 [warning] [Decorations] CAPPING events from decorations provider vscode.git 599
2024-07-09 15:04:47.832 [warning] [Decorations] CAPPING events from decorations provider vscode.git 599
2024-07-09 15:04:52.872 [warning] [Decorations] CAPPING events from decorations provider vscode.git 599
2024-07-09 15:04:57.909 [warning] [Decorations] CAPPING events from decorations provider vscode.git 599
2024-07-09 15:05:02.949 [warning] [Decorations] CAPPING events from decorations provider vscode.git 599
2024-07-09 15:05:07.994 [warning] [Decorations] CAPPING events from decorations provider vscode.git 599
2024-07-09 15:05:13.034 [warning] [Decorations] CAPPING events from decorations provider vscode.git 599
2024-07-09 15:05:18.069 [warning] [Decorations] CAPPING events from decorations provider vscode.git 599
2024-07-09 15:05:23.116 [warning] [Decorations] CAPPING events from decorations provider vscode.git 599
2024-07-09 15:05:28.150 [warning] [Decorations] CAPPING events from decorations provider vscode.git 599
2024-07-09 15:05:33.190 [warning] [Decorations] CAPPING events from decorations provider vscode.git 599
2024-07-09 15:05:38.228 [warning] [Decorations] CAPPING events from decorations provider vscode.git 599
2024-07-09 15:05:43.270 [warning] [Decorations] CAPPING events from decorations provider vscode.git 599
2024-07-09 15:05:48.316 [warning] [Decorations] CAPPING events from decorations provider vscode.git 599
2024-07-09 15:05:53.357 [warning] [Decorations] CAPPING events from decorations provider vscode.git 599
2024-07-09 15:05:58.394 [warning] [Decorations] CAPPING events from decorations provider vscode.git 599
2024-07-09 15:06:03.440 [warning] [Decorations] CAPPING events from decorations provider vscode.git 599
2024-07-09 15:06:08.480 [warning] [Decorations] CAPPING events from decorations provider vscode.git 599
2024-07-09 15:06:13.521 [warning] [Decorations] CAPPING events from decorations provider vscode.git 599
2024-07-09 15:06:18.552 [warning] [Decorations] CAPPING events from decorations provider vscode.git 599
2024-07-09 15:06:23.583 [warning] [Decorations] CAPPING events from decorations provider vscode.git 599
2024-07-09 15:06:28.616 [warning] [Decorations] CAPPING events from decorations provider vscode.git 599
2024-07-09 15:06:33.660 [warning] [Decorations] CAPPING events from decorations provider vscode.git 599
2024-07-09 15:06:38.697 [warning] [Decorations] CAPPING events from decorations provider vscode.git 599
2024-07-09 15:06:43.737 [warning] [Decorations] CAPPING events from decorations provider vscode.git 599
2024-07-09 15:06:48.778 [warning] [Decorations] CAPPING events from decorations provider vscode.git 599
2024-07-09 15:06:53.816 [warning] [Decorations] CAPPING events from decorations provider vscode.git 599
2024-07-09 15:06:58.855 [warning] [Decorations] CAPPING events from decorations provider vscode.git 599
2024-07-09 15:07:03.885 [warning] [Decorations] CAPPING events from decorations provider vscode.git 599
2024-07-09 15:07:08.913 [warning] [Decorations] CAPPING events from decorations provider vscode.git 599
2024-07-09 15:07:51.435 [warning] [Decorations] CAPPING events from decorations provider vscode.git 599
2024-07-09 15:07:56.470 [warning] [Decorations] CAPPING events from decorations provider vscode.git 599
2024-07-09 15:08:01.497 [warning] [Decorations] CAPPING events from decorations provider vscode.git 599
2024-07-09 15:08:06.538 [warning] [Decorations] CAPPING events from decorations provider vscode.git 599
2024-07-09 15:08:25.460 [warning] [Decorations] CAPPING events from decorations provider vscode.git 600
2024-07-09 15:08:30.500 [warning] [Decorations] CAPPING events from decorations provider vscode.git 600
2024-07-09 15:08:58.116 [warning] [Decorations] CAPPING events from decorations provider vscode.git 600
2024-07-09 15:09:03.140 [warning] [Decorations] CAPPING events from decorations provider vscode.git 601
2024-07-09 15:10:05.911 [warning] [Decorations] CAPPING events from decorations provider vscode.git 602
2024-07-09 15:10:10.941 [warning] [Decorations] CAPPING events from decorations provider vscode.git 602
2024-07-09 15:10:15.968 [warning] [Decorations] CAPPING events from decorations provider vscode.git 602
2024-07-09 15:10:21.000 [warning] [Decorations] CAPPING events from decorations provider vscode.git 603
2024-07-09 15:10:26.032 [warning] [Decorations] CAPPING events from decorations provider vscode.git 602
2024-07-09 15:10:31.072 [warning] [Decorations] CAPPING events from decorations provider vscode.git 602
2024-07-09 15:10:36.120 [warning] [Decorations] CAPPING events from decorations provider vscode.git 602
2024-07-09 15:10:41.151 [warning] [Decorations] CAPPING events from decorations provider vscode.git 602
2024-07-09 15:10:46.186 [warning] [Decorations] CAPPING events from decorations provider vscode.git 602
2024-07-09 15:10:51.228 [warning] [Decorations] CAPPING events from decorations provider vscode.git 602
2024-07-09 15:10:56.270 [warning] [Decorations] CAPPING events from decorations provider vscode.git 602
2024-07-09 15:11:01.312 [warning] [Decorations] CAPPING events from decorations provider vscode.git 602
2024-07-09 15:11:06.343 [warning] [Decorations] CAPPING events from decorations provider vscode.git 602
2024-07-09 15:11:11.386 [warning] [Decorations] CAPPING events from decorations provider vscode.git 602
2024-07-09 15:11:16.424 [warning] [Decorations] CAPPING events from decorations provider vscode.git 602
2024-07-09 15:11:21.462 [warning] [Decorations] CAPPING events from decorations provider vscode.git 602
2024-07-09 15:11:26.500 [warning] [Decorations] CAPPING events from decorations provider vscode.git 602
2024-07-09 15:11:31.536 [warning] [Decorations] CAPPING events from decorations provider vscode.git 602
2024-07-09 15:11:36.579 [warning] [Decorations] CAPPING events from decorations provider vscode.git 602
2024-07-09 15:11:41.620 [warning] [Decorations] CAPPING events from decorations provider vscode.git 602
2024-07-09 15:11:46.652 [warning] [Decorations] CAPPING events from decorations provider vscode.git 602
2024-07-09 15:11:51.696 [warning] [Decorations] CAPPING events from decorations provider vscode.git 602
2024-07-09 15:11:56.734 [warning] [Decorations] CAPPING events from decorations provider vscode.git 602
2024-07-09 15:12:01.773 [warning] [Decorations] CAPPING events from decorations provider vscode.git 602
2024-07-09 15:12:06.812 [warning] [Decorations] CAPPING events from decorations provider vscode.git 602
2024-07-09 15:12:11.851 [warning] [Decorations] CAPPING events from decorations provider vscode.git 602
2024-07-09 15:12:16.889 [warning] [Decorations] CAPPING events from decorations provider vscode.git 602
2024-07-09 15:12:21.934 [warning] [Decorations] CAPPING events from decorations provider vscode.git 602
2024-07-09 15:12:26.974 [warning] [Decorations] CAPPING events from decorations provider vscode.git 602
2024-07-09 15:12:32.011 [warning] [Decorations] CAPPING events from decorations provider vscode.git 602
2024-07-09 15:12:37.045 [warning] [Decorations] CAPPING events from decorations provider vscode.git 602
2024-07-09 15:12:42.086 [warning] [Decorations] CAPPING events from decorations provider vscode.git 602
2024-07-09 15:12:47.129 [warning] [Decorations] CAPPING events from decorations provider vscode.git 602
2024-07-09 15:12:52.183 [warning] [Decorations] CAPPING events from decorations provider vscode.git 602
2024-07-09 15:12:57.222 [warning] [Decorations] CAPPING events from decorations provider vscode.git 602
2024-07-09 15:13:02.260 [warning] [Decorations] CAPPING events from decorations provider vscode.git 602
2024-07-09 15:13:07.296 [warning] [Decorations] CAPPING events from decorations provider vscode.git 602
2024-07-09 15:13:12.338 [warning] [Decorations] CAPPING events from decorations provider vscode.git 602
2024-07-09 15:13:17.374 [warning] [Decorations] CAPPING events from decorations provider vscode.git 602
2024-07-09 15:13:22.408 [warning] [Decorations] CAPPING events from decorations provider vscode.git 602
2024-07-09 15:13:27.449 [warning] [Decorations] CAPPING events from decorations provider vscode.git 602
2024-07-09 15:13:32.489 [warning] [Decorations] CAPPING events from decorations provider vscode.git 602
2024-07-09 15:13:37.521 [warning] [Decorations] CAPPING events from decorations provider vscode.git 602
2024-07-09 15:13:42.561 [warning] [Decorations] CAPPING events from decorations provider vscode.git 602
2024-07-09 15:13:47.601 [warning] [Decorations] CAPPING events from decorations provider vscode.git 602
2024-07-09 15:13:52.644 [warning] [Decorations] CAPPING events from decorations provider vscode.git 602
2024-07-09 15:13:57.682 [warning] [Decorations] CAPPING events from decorations provider vscode.git 602
2024-07-09 15:14:02.721 [warning] [Decorations] CAPPING events from decorations provider vscode.git 602
2024-07-09 15:14:07.764 [warning] [Decorations] CAPPING events from decorations provider vscode.git 602
2024-07-09 15:14:12.805 [warning] [Decorations] CAPPING events from decorations provider vscode.git 602
2024-07-09 15:14:17.844 [warning] [Decorations] CAPPING events from decorations provider vscode.git 602
2024-07-09 15:14:22.888 [warning] [Decorations] CAPPING events from decorations provider vscode.git 602
2024-07-09 15:14:27.928 [warning] [Decorations] CAPPING events from decorations provider vscode.git 602
2024-07-09 15:14:32.961 [warning] [Decorations] CAPPING events from decorations provider vscode.git 602
2024-07-09 15:14:38.002 [warning] [Decorations] CAPPING events from decorations provider vscode.git 602
2024-07-09 15:14:43.042 [warning] [Decorations] CAPPING events from decorations provider vscode.git 602
2024-07-09 15:14:48.079 [warning] [Decorations] CAPPING events from decorations provider vscode.git 602
2024-07-09 15:14:53.118 [warning] [Decorations] CAPPING events from decorations provider vscode.git 602
2024-07-09 15:14:58.152 [warning] [Decorations] CAPPING events from decorations provider vscode.git 602
2024-07-09 15:15:03.182 [warning] [Decorations] CAPPING events from decorations provider vscode.git 602
2024-07-09 15:15:08.214 [warning] [Decorations] CAPPING events from decorations provider vscode.git 602
2024-07-09 15:15:13.249 [warning] [Decorations] CAPPING events from decorations provider vscode.git 602
2024-07-09 15:15:18.280 [warning] [Decorations] CAPPING events from decorations provider vscode.git 602
2024-07-09 15:15:23.312 [warning] [Decorations] CAPPING events from decorations provider vscode.git 602
2024-07-09 15:15:28.354 [warning] [Decorations] CAPPING events from decorations provider vscode.git 602
2024-07-09 15:15:33.397 [warning] [Decorations] CAPPING events from decorations provider vscode.git 602
2024-07-09 15:15:38.435 [warning] [Decorations] CAPPING events from decorations provider vscode.git 602
2024-07-09 15:15:43.466 [warning] [Decorations] CAPPING events from decorations provider vscode.git 602
2024-07-09 15:15:48.500 [warning] [Decorations] CAPPING events from decorations provider vscode.git 602
2024-07-09 15:15:53.545 [warning] [Decorations] CAPPING events from decorations provider vscode.git 602
2024-07-09 15:15:58.584 [warning] [Decorations] CAPPING events from decorations provider vscode.git 602
2024-07-09 15:16:03.631 [warning] [Decorations] CAPPING events from decorations provider vscode.git 602
2024-07-09 15:16:08.663 [warning] [Decorations] CAPPING events from decorations provider vscode.git 602
2024-07-09 15:16:13.696 [warning] [Decorations] CAPPING events from decorations provider vscode.git 602
2024-07-09 15:16:18.737 [warning] [Decorations] CAPPING events from decorations provider vscode.git 602
2024-07-09 15:16:23.777 [warning] [Decorations] CAPPING events from decorations provider vscode.git 602
2024-07-09 15:16:28.819 [warning] [Decorations] CAPPING events from decorations provider vscode.git 602
2024-07-09 15:16:33.855 [warning] [Decorations] CAPPING events from decorations provider vscode.git 602
2024-07-09 15:16:38.894 [warning] [Decorations] CAPPING events from decorations provider vscode.git 602
2024-07-09 15:16:43.934 [warning] [Decorations] CAPPING events from decorations provider vscode.git 602
2024-07-09 15:16:48.971 [warning] [Decorations] CAPPING events from decorations provider vscode.git 602
2024-07-09 15:16:54.016 [warning] [Decorations] CAPPING events from decorations provider vscode.git 602
2024-07-09 15:16:59.050 [warning] [Decorations] CAPPING events from decorations provider vscode.git 602
2024-07-09 15:17:04.084 [warning] [Decorations] CAPPING events from decorations provider vscode.git 602
2024-07-09 15:17:09.124 [warning] [Decorations] CAPPING events from decorations provider vscode.git 602
2024-07-09 15:17:14.158 [warning] [Decorations] CAPPING events from decorations provider vscode.git 602
2024-07-09 15:17:19.199 [warning] [Decorations] CAPPING events from decorations provider vscode.git 602
2024-07-09 15:17:24.245 [warning] [Decorations] CAPPING events from decorations provider vscode.git 602
2024-07-09 15:17:29.276 [warning] [Decorations] CAPPING events from decorations provider vscode.git 602
2024-07-09 15:17:34.320 [warning] [Decorations] CAPPING events from decorations provider vscode.git 602
2024-07-09 15:17:39.363 [warning] [Decorations] CAPPING events from decorations provider vscode.git 602
2024-07-09 15:17:44.400 [warning] [Decorations] CAPPING events from decorations provider vscode.git 602
2024-07-09 15:17:49.431 [warning] [Decorations] CAPPING events from decorations provider vscode.git 602
2024-07-09 15:17:54.475 [warning] [Decorations] CAPPING events from decorations provider vscode.git 602
2024-07-09 15:17:59.505 [warning] [Decorations] CAPPING events from decorations provider vscode.git 602
2024-07-09 15:18:04.534 [warning] [Decorations] CAPPING events from decorations provider vscode.git 602
2024-07-09 15:18:09.562 [warning] [Decorations] CAPPING events from decorations provider vscode.git 602
2024-07-09 15:18:14.598 [warning] [Decorations] CAPPING events from decorations provider vscode.git 602
2024-07-09 15:18:19.638 [warning] [Decorations] CAPPING events from decorations provider vscode.git 602
2024-07-09 15:18:24.670 [warning] [Decorations] CAPPING events from decorations provider vscode.git 602
2024-07-09 15:18:29.706 [warning] [Decorations] CAPPING events from decorations provider vscode.git 602
2024-07-09 15:18:34.740 [warning] [Decorations] CAPPING events from decorations provider vscode.git 602
2024-07-09 15:18:39.774 [warning] [Decorations] CAPPING events from decorations provider vscode.git 602
2024-07-09 15:18:44.816 [warning] [Decorations] CAPPING events from decorations provider vscode.git 602
2024-07-09 15:18:49.855 [warning] [Decorations] CAPPING events from decorations provider vscode.git 602
2024-07-09 15:18:54.892 [warning] [Decorations] CAPPING events from decorations provider vscode.git 602
2024-07-09 15:18:59.934 [warning] [Decorations] CAPPING events from decorations provider vscode.git 602
2024-07-09 15:19:04.976 [warning] [Decorations] CAPPING events from decorations provider vscode.git 602
2024-07-09 15:19:10.018 [warning] [Decorations] CAPPING events from decorations provider vscode.git 602
2024-07-09 15:19:15.060 [warning] [Decorations] CAPPING events from decorations provider vscode.git 602
2024-07-09 15:19:20.099 [warning] [Decorations] CAPPING events from decorations provider vscode.git 602
2024-07-09 15:19:25.141 [warning] [Decorations] CAPPING events from decorations provider vscode.git 602
2024-07-09 15:19:30.181 [warning] [Decorations] CAPPING events from decorations provider vscode.git 602
2024-07-09 15:19:35.225 [warning] [Decorations] CAPPING events from decorations provider vscode.git 602
2024-07-09 15:19:40.265 [warning] [Decorations] CAPPING events from decorations provider vscode.git 602
2024-07-09 15:19:45.308 [warning] [Decorations] CAPPING events from decorations provider vscode.git 602
2024-07-09 15:19:50.348 [warning] [Decorations] CAPPING events from decorations provider vscode.git 602
2024-07-09 15:19:55.390 [warning] [Decorations] CAPPING events from decorations provider vscode.git 602
2024-07-09 15:20:00.429 [warning] [Decorations] CAPPING events from decorations provider vscode.git 602
2024-07-09 15:20:05.470 [warning] [Decorations] CAPPING events from decorations provider vscode.git 602
2024-07-09 15:20:10.505 [warning] [Decorations] CAPPING events from decorations provider vscode.git 602
2024-07-09 15:20:15.539 [warning] [Decorations] CAPPING events from decorations provider vscode.git 602
2024-07-09 15:20:20.572 [warning] [Decorations] CAPPING events from decorations provider vscode.git 602
2024-07-09 15:20:25.614 [warning] [Decorations] CAPPING events from decorations provider vscode.git 602
2024-07-09 15:20:30.650 [warning] [Decorations] CAPPING events from decorations provider vscode.git 602
2024-07-09 15:20:35.690 [warning] [Decorations] CAPPING events from decorations provider vscode.git 602
2024-07-09 15:20:40.731 [warning] [Decorations] CAPPING events from decorations provider vscode.git 602
2024-07-09 15:20:45.766 [warning] [Decorations] CAPPING events from decorations provider vscode.git 602
2024-07-09 15:20:54.641 [warning] [Decorations] CAPPING events from decorations provider vscode.git 602
2024-07-09 15:20:59.693 [warning] [Decorations] CAPPING events from decorations provider vscode.git 602
2024-07-09 15:21:04.722 [warning] [Decorations] CAPPING events from decorations provider vscode.git 603
2024-07-09 15:21:09.752 [warning] [Decorations] CAPPING events from decorations provider vscode.git 603
2024-07-09 15:21:14.781 [warning] [Decorations] CAPPING events from decorations provider vscode.git 603
2024-07-09 15:21:19.811 [warning] [Decorations] CAPPING events from decorations provider vscode.git 603
2024-07-09 15:21:24.852 [warning] [Decorations] CAPPING events from decorations provider vscode.git 604
2024-07-09 15:21:29.883 [warning] [Decorations] CAPPING events from decorations provider vscode.git 604
2024-07-09 15:21:34.908 [warning] [Decorations] CAPPING events from decorations provider vscode.git 604
2024-07-09 15:21:39.935 [warning] [Decorations] CAPPING events from decorations provider vscode.git 604
2024-07-09 15:21:44.978 [warning] [Decorations] CAPPING events from decorations provider vscode.git 605
2024-07-09 15:21:50.009 [warning] [Decorations] CAPPING events from decorations provider vscode.git 605
2024-07-09 15:21:55.054 [warning] [Decorations] CAPPING events from decorations provider vscode.git 605
2024-07-09 15:22:00.084 [warning] [Decorations] CAPPING events from decorations provider vscode.git 605
2024-07-09 15:22:05.117 [warning] [Decorations] CAPPING events from decorations provider vscode.git 605
2024-07-09 15:22:10.149 [warning] [Decorations] CAPPING events from decorations provider vscode.git 606
2024-07-09 15:25:24.286 [warning] [Decorations] CAPPING events from decorations provider vscode.git 607
2024-07-09 15:25:29.326 [warning] [Decorations] CAPPING events from decorations provider vscode.git 606
2024-07-09 15:25:34.361 [warning] [Decorations] CAPPING events from decorations provider vscode.git 606
2024-07-09 15:25:39.406 [warning] [Decorations] CAPPING events from decorations provider vscode.git 606
2024-07-09 15:25:46.155 [warning] [Decorations] CAPPING events from decorations provider vscode.git 606
2024-07-09 15:25:51.189 [warning] [Decorations] CAPPING events from decorations provider vscode.git 606
2024-07-09 15:25:56.224 [warning] [Decorations] CAPPING events from decorations provider vscode.git 606
2024-07-09 15:26:01.249 [warning] [Decorations] CAPPING events from decorations provider vscode.git 607
2024-07-09 15:26:06.280 [warning] [Decorations] CAPPING events from decorations provider vscode.git 607
2024-07-09 15:26:11.307 [warning] [Decorations] CAPPING events from decorations provider vscode.git 607
2024-07-09 15:27:17.269 [warning] [Decorations] CAPPING events from decorations provider vscode.git 607
2024-07-09 15:27:22.300 [warning] [Decorations] CAPPING events from decorations provider vscode.git 607
2024-07-09 15:27:27.329 [warning] [Decorations] CAPPING events from decorations provider vscode.git 608
2024-07-09 15:27:32.360 [warning] [Decorations] CAPPING events from decorations provider vscode.git 608
2024-07-09 15:27:37.388 [warning] [Decorations] CAPPING events from decorations provider vscode.git 608
2024-07-09 15:27:42.417 [warning] [Decorations] CAPPING events from decorations provider vscode.git 608
2024-07-09 15:27:47.449 [warning] [Decorations] CAPPING events from decorations provider vscode.git 608
2024-07-09 15:27:52.485 [warning] [Decorations] CAPPING events from decorations provider vscode.git 608
2024-07-09 15:27:57.523 [warning] [Decorations] CAPPING events from decorations provider vscode.git 608
2024-07-09 15:28:02.558 [warning] [Decorations] CAPPING events from decorations provider vscode.git 609
2024-07-09 15:28:07.588 [warning] [Decorations] CAPPING events from decorations provider vscode.git 609
2024-07-09 15:28:12.626 [warning] [Decorations] CAPPING events from decorations provider vscode.git 609
2024-07-09 15:28:17.657 [warning] [Decorations] CAPPING events from decorations provider vscode.git 609
2024-07-09 15:28:22.688 [warning] [Decorations] CAPPING events from decorations provider vscode.git 609
2024-07-09 15:28:27.731 [warning] [Decorations] CAPPING events from decorations provider vscode.git 609
2024-07-09 15:28:32.770 [warning] [Decorations] CAPPING events from decorations provider vscode.git 609
2024-07-09 15:28:37.811 [warning] [Decorations] CAPPING events from decorations provider vscode.git 609
2024-07-09 15:28:42.839 [warning] [Decorations] CAPPING events from decorations provider vscode.git 609
2024-07-09 15:28:47.867 [warning] [Decorations] CAPPING events from decorations provider vscode.git 609
2024-07-09 15:28:52.897 [warning] [Decorations] CAPPING events from decorations provider vscode.git 609
2024-07-09 15:28:57.923 [warning] [Decorations] CAPPING events from decorations provider vscode.git 609
2024-07-09 15:29:02.952 [warning] [Decorations] CAPPING events from decorations provider vscode.git 609
2024-07-09 15:29:07.980 [warning] [Decorations] CAPPING events from decorations provider vscode.git 609
2024-07-09 15:29:13.024 [warning] [Decorations] CAPPING events from decorations provider vscode.git 609
2024-07-09 15:29:18.053 [warning] [Decorations] CAPPING events from decorations provider vscode.git 609
2024-07-09 15:29:23.083 [warning] [Decorations] CAPPING events from decorations provider vscode.git 609
2024-07-09 15:29:28.110 [warning] [Decorations] CAPPING events from decorations provider vscode.git 610
2024-07-09 15:29:33.148 [warning] [Decorations] CAPPING events from decorations provider vscode.git 609
2024-07-09 15:29:38.191 [warning] [Decorations] CAPPING events from decorations provider vscode.git 609
2024-07-09 15:29:57.384 [warning] [Decorations] CAPPING events from decorations provider vscode.git 609
2024-07-09 15:30:02.415 [warning] [Decorations] CAPPING events from decorations provider vscode.git 609
2024-07-09 15:30:07.448 [warning] [Decorations] CAPPING events from decorations provider vscode.git 609
2024-07-09 15:30:12.479 [warning] [Decorations] CAPPING events from decorations provider vscode.git 609
2024-07-09 15:30:26.892 [warning] [Decorations] CAPPING events from decorations provider vscode.git 609
2024-07-09 15:30:31.923 [warning] [Decorations] CAPPING events from decorations provider vscode.git 610
2024-07-09 15:30:36.951 [warning] [Decorations] CAPPING events from decorations provider vscode.git 610
2024-07-09 15:30:41.988 [warning] [Decorations] CAPPING events from decorations provider vscode.git 610
2024-07-09 15:30:47.028 [warning] [Decorations] CAPPING events from decorations provider vscode.git 610
2024-07-09 15:30:57.976 [warning] [Decorations] CAPPING events from decorations provider vscode.git 610
2024-07-09 15:31:03.003 [warning] [Decorations] CAPPING events from decorations provider vscode.git 610
2024-07-09 15:31:08.031 [warning] [Decorations] CAPPING events from decorations provider vscode.git 610
2024-07-09 15:31:13.059 [warning] [Decorations] CAPPING events from decorations provider vscode.git 610
2024-07-09 15:31:18.088 [warning] [Decorations] CAPPING events from decorations provider vscode.git 610
2024-07-09 15:31:23.120 [warning] [Decorations] CAPPING events from decorations provider vscode.git 610
2024-07-09 15:31:28.151 [warning] [Decorations] CAPPING events from decorations provider vscode.git 610
2024-07-09 15:31:33.179 [warning] [Decorations] CAPPING events from decorations provider vscode.git 610
2024-07-09 15:31:38.205 [warning] [Decorations] CAPPING events from decorations provider vscode.git 611
2024-07-09 15:31:43.229 [warning] [Decorations] CAPPING events from decorations provider vscode.git 610
2024-07-09 15:31:48.261 [warning] [Decorations] CAPPING events from decorations provider vscode.git 610
2024-07-09 15:31:53.286 [warning] [Decorations] CAPPING events from decorations provider vscode.git 610
2024-07-09 15:31:58.317 [warning] [Decorations] CAPPING events from decorations provider vscode.git 611
2024-07-09 15:32:03.345 [warning] [Decorations] CAPPING events from decorations provider vscode.git 612
2024-07-09 15:32:08.377 [warning] [Decorations] CAPPING events from decorations provider vscode.git 611
2024-07-09 15:32:16.166 [warning] [Decorations] CAPPING events from decorations provider vscode.git 611
2024-07-09 15:32:55.127 [warning] [Decorations] CAPPING events from decorations provider vscode.git 611
2024-07-09 15:33:04.514 [warning] [Decorations] CAPPING events from decorations provider vscode.git 611
2024-07-09 15:33:09.547 [warning] [Decorations] CAPPING events from decorations provider vscode.git 611
2024-07-09 15:33:14.585 [warning] [Decorations] CAPPING events from decorations provider vscode.git 611
2024-07-09 15:33:19.622 [warning] [Decorations] CAPPING events from decorations provider vscode.git 611
2024-07-09 15:33:24.657 [warning] [Decorations] CAPPING events from decorations provider vscode.git 611
2024-07-09 15:33:29.697 [warning] [Decorations] CAPPING events from decorations provider vscode.git 611
2024-07-09 15:33:34.742 [warning] [Decorations] CAPPING events from decorations provider vscode.git 611
2024-07-09 15:33:39.780 [warning] [Decorations] CAPPING events from decorations provider vscode.git 611
2024-07-09 15:33:44.820 [warning] [Decorations] CAPPING events from decorations provider vscode.git 611
2024-07-09 15:33:49.860 [warning] [Decorations] CAPPING events from decorations provider vscode.git 611
2024-07-09 15:33:54.900 [warning] [Decorations] CAPPING events from decorations provider vscode.git 611
2024-07-09 15:33:59.938 [warning] [Decorations] CAPPING events from decorations provider vscode.git 611
2024-07-09 15:34:04.980 [warning] [Decorations] CAPPING events from decorations provider vscode.git 611
2024-07-09 15:34:10.025 [warning] [Decorations] CAPPING events from decorations provider vscode.git 611
2024-07-09 15:34:15.065 [warning] [Decorations] CAPPING events from decorations provider vscode.git 611
2024-07-09 15:34:20.095 [warning] [Decorations] CAPPING events from decorations provider vscode.git 611
2024-07-09 15:34:25.147 [warning] [Decorations] CAPPING events from decorations provider vscode.git 611
2024-07-09 15:34:30.181 [warning] [Decorations] CAPPING events from decorations provider vscode.git 611
2024-07-09 15:34:35.218 [warning] [Decorations] CAPPING events from decorations provider vscode.git 611
2024-07-09 15:34:40.257 [warning] [Decorations] CAPPING events from decorations provider vscode.git 611
2024-07-09 15:34:45.298 [warning] [Decorations] CAPPING events from decorations provider vscode.git 611
2024-07-09 15:34:50.336 [warning] [Decorations] CAPPING events from decorations provider vscode.git 611
2024-07-09 15:34:55.375 [warning] [Decorations] CAPPING events from decorations provider vscode.git 611
2024-07-09 15:35:00.408 [warning] [Decorations] CAPPING events from decorations provider vscode.git 611
2024-07-09 15:35:05.449 [warning] [Decorations] CAPPING events from decorations provider vscode.git 611
2024-07-09 15:35:10.491 [warning] [Decorations] CAPPING events from decorations provider vscode.git 611
2024-07-09 15:35:15.527 [warning] [Decorations] CAPPING events from decorations provider vscode.git 611
2024-07-09 15:35:20.556 [warning] [Decorations] CAPPING events from decorations provider vscode.git 611
2024-07-09 15:35:25.597 [warning] [Decorations] CAPPING events from decorations provider vscode.git 611
2024-07-09 15:35:30.637 [warning] [Decorations] CAPPING events from decorations provider vscode.git 611
2024-07-09 15:35:35.682 [warning] [Decorations] CAPPING events from decorations provider vscode.git 611
2024-07-09 15:35:40.718 [warning] [Decorations] CAPPING events from decorations provider vscode.git 611
2024-07-09 15:35:45.760 [warning] [Decorations] CAPPING events from decorations provider vscode.git 611
2024-07-09 15:35:50.802 [warning] [Decorations] CAPPING events from decorations provider vscode.git 611
2024-07-09 15:35:55.843 [warning] [Decorations] CAPPING events from decorations provider vscode.git 611
2024-07-09 15:36:00.886 [warning] [Decorations] CAPPING events from decorations provider vscode.git 611
2024-07-09 15:36:05.926 [warning] [Decorations] CAPPING events from decorations provider vscode.git 611
2024-07-09 15:36:10.967 [warning] [Decorations] CAPPING events from decorations provider vscode.git 611
2024-07-09 15:36:15.998 [warning] [Decorations] CAPPING events from decorations provider vscode.git 611
2024-07-09 15:36:21.029 [warning] [Decorations] CAPPING events from decorations provider vscode.git 611
2024-07-09 15:36:26.069 [warning] [Decorations] CAPPING events from decorations provider vscode.git 611
2024-07-09 15:36:31.109 [warning] [Decorations] CAPPING events from decorations provider vscode.git 611
2024-07-09 15:36:36.150 [warning] [Decorations] CAPPING events from decorations provider vscode.git 611
2024-07-09 15:36:41.194 [warning] [Decorations] CAPPING events from decorations provider vscode.git 611
2024-07-09 15:36:46.240 [warning] [Decorations] CAPPING events from decorations provider vscode.git 611
2024-07-09 15:36:51.276 [warning] [Decorations] CAPPING events from decorations provider vscode.git 611
2024-07-09 15:36:56.315 [warning] [Decorations] CAPPING events from decorations provider vscode.git 611
2024-07-09 15:37:01.356 [warning] [Decorations] CAPPING events from decorations provider vscode.git 611
2024-07-09 15:37:06.396 [warning] [Decorations] CAPPING events from decorations provider vscode.git 611
2024-07-09 15:37:11.436 [warning] [Decorations] CAPPING events from decorations provider vscode.git 611
2024-07-09 15:37:16.471 [warning] [Decorations] CAPPING events from decorations provider vscode.git 611
2024-07-09 15:37:21.511 [warning] [Decorations] CAPPING events from decorations provider vscode.git 611
2024-07-09 15:37:26.552 [warning] [Decorations] CAPPING events from decorations provider vscode.git 611
2024-07-09 15:37:31.594 [warning] [Decorations] CAPPING events from decorations provider vscode.git 611
2024-07-09 15:37:36.632 [warning] [Decorations] CAPPING events from decorations provider vscode.git 611
2024-07-09 15:37:41.675 [warning] [Decorations] CAPPING events from decorations provider vscode.git 611
2024-07-09 15:37:46.714 [warning] [Decorations] CAPPING events from decorations provider vscode.git 611
2024-07-09 15:37:51.757 [warning] [Decorations] CAPPING events from decorations provider vscode.git 611
2024-07-09 15:37:56.797 [warning] [Decorations] CAPPING events from decorations provider vscode.git 611
2024-07-09 15:38:01.835 [warning] [Decorations] CAPPING events from decorations provider vscode.git 611
2024-07-09 15:38:06.873 [warning] [Decorations] CAPPING events from decorations provider vscode.git 611
2024-07-09 15:38:11.914 [warning] [Decorations] CAPPING events from decorations provider vscode.git 611
2024-07-09 15:38:16.947 [warning] [Decorations] CAPPING events from decorations provider vscode.git 611
2024-07-09 15:38:21.988 [warning] [Decorations] CAPPING events from decorations provider vscode.git 611
2024-07-09 15:38:27.023 [warning] [Decorations] CAPPING events from decorations provider vscode.git 611
2024-07-09 15:38:32.067 [warning] [Decorations] CAPPING events from decorations provider vscode.git 611
2024-07-09 15:38:37.110 [warning] [Decorations] CAPPING events from decorations provider vscode.git 611
2024-07-09 15:38:42.147 [warning] [Decorations] CAPPING events from decorations provider vscode.git 611
2024-07-09 15:38:47.185 [warning] [Decorations] CAPPING events from decorations provider vscode.git 611
2024-07-09 15:38:52.228 [warning] [Decorations] CAPPING events from decorations provider vscode.git 611
2024-07-09 15:38:57.266 [warning] [Decorations] CAPPING events from decorations provider vscode.git 611
2024-07-09 15:39:02.303 [warning] [Decorations] CAPPING events from decorations provider vscode.git 611
2024-07-09 15:39:07.343 [warning] [Decorations] CAPPING events from decorations provider vscode.git 611
2024-07-09 15:39:12.384 [warning] [Decorations] CAPPING events from decorations provider vscode.git 611
2024-07-09 15:39:17.421 [warning] [Decorations] CAPPING events from decorations provider vscode.git 611
2024-07-09 15:39:22.464 [warning] [Decorations] CAPPING events from decorations provider vscode.git 611
2024-07-09 15:39:27.499 [warning] [Decorations] CAPPING events from decorations provider vscode.git 611
2024-07-09 15:39:32.540 [warning] [Decorations] CAPPING events from decorations provider vscode.git 611
2024-07-09 15:39:37.577 [warning] [Decorations] CAPPING events from decorations provider vscode.git 611
2024-07-09 15:39:42.617 [warning] [Decorations] CAPPING events from decorations provider vscode.git 611
2024-07-09 15:39:47.659 [warning] [Decorations] CAPPING events from decorations provider vscode.git 611
2024-07-09 15:39:52.704 [warning] [Decorations] CAPPING events from decorations provider vscode.git 611
2024-07-09 15:39:57.750 [warning] [Decorations] CAPPING events from decorations provider vscode.git 611
2024-07-09 15:40:02.792 [warning] [Decorations] CAPPING events from decorations provider vscode.git 611
2024-07-09 15:40:07.831 [warning] [Decorations] CAPPING events from decorations provider vscode.git 611
2024-07-09 15:40:12.870 [warning] [Decorations] CAPPING events from decorations provider vscode.git 611
2024-07-09 15:40:17.908 [warning] [Decorations] CAPPING events from decorations provider vscode.git 611
2024-07-09 15:40:22.950 [warning] [Decorations] CAPPING events from decorations provider vscode.git 611
2024-07-09 15:40:27.990 [warning] [Decorations] CAPPING events from decorations provider vscode.git 611
2024-07-09 15:40:33.032 [warning] [Decorations] CAPPING events from decorations provider vscode.git 611
2024-07-09 15:40:38.075 [warning] [Decorations] CAPPING events from decorations provider vscode.git 611
2024-07-09 15:40:43.118 [warning] [Decorations] CAPPING events from decorations provider vscode.git 611
2024-07-09 15:40:48.159 [warning] [Decorations] CAPPING events from decorations provider vscode.git 611
2024-07-09 15:40:53.204 [warning] [Decorations] CAPPING events from decorations provider vscode.git 611
2024-07-09 15:40:58.252 [warning] [Decorations] CAPPING events from decorations provider vscode.git 611
2024-07-09 15:41:03.292 [warning] [Decorations] CAPPING events from decorations provider vscode.git 611
2024-07-09 15:41:08.335 [warning] [Decorations] CAPPING events from decorations provider vscode.git 611
2024-07-09 15:41:13.375 [warning] [Decorations] CAPPING events from decorations provider vscode.git 611
2024-07-09 15:41:18.415 [warning] [Decorations] CAPPING events from decorations provider vscode.git 611
2024-07-09 15:41:23.455 [warning] [Decorations] CAPPING events from decorations provider vscode.git 611
2024-07-09 15:41:28.495 [warning] [Decorations] CAPPING events from decorations provider vscode.git 611
2024-07-09 15:41:33.535 [warning] [Decorations] CAPPING events from decorations provider vscode.git 611
2024-07-09 15:41:38.577 [warning] [Decorations] CAPPING events from decorations provider vscode.git 611
2024-07-09 15:41:43.618 [warning] [Decorations] CAPPING events from decorations provider vscode.git 611
2024-07-09 15:41:48.647 [warning] [Decorations] CAPPING events from decorations provider vscode.git 611
2024-07-09 15:41:53.676 [warning] [Decorations] CAPPING events from decorations provider vscode.git 611
2024-07-09 15:41:58.709 [warning] [Decorations] CAPPING events from decorations provider vscode.git 611
2024-07-09 15:42:03.752 [warning] [Decorations] CAPPING events from decorations provider vscode.git 611
2024-07-09 15:42:08.783 [warning] [Decorations] CAPPING events from decorations provider vscode.git 611
2024-07-09 15:42:13.810 [warning] [Decorations] CAPPING events from decorations provider vscode.git 611
2024-07-09 15:42:18.838 [warning] [Decorations] CAPPING events from decorations provider vscode.git 611
2024-07-09 15:42:23.869 [warning] [Decorations] CAPPING events from decorations provider vscode.git 611
2024-07-09 15:42:28.902 [warning] [Decorations] CAPPING events from decorations provider vscode.git 611
2024-07-09 15:42:33.940 [warning] [Decorations] CAPPING events from decorations provider vscode.git 611
2024-07-09 15:42:38.969 [warning] [Decorations] CAPPING events from decorations provider vscode.git 611
2024-07-09 15:42:44.002 [warning] [Decorations] CAPPING events from decorations provider vscode.git 611
2024-07-09 15:42:49.031 [warning] [Decorations] CAPPING events from decorations provider vscode.git 611
2024-07-09 15:42:54.062 [warning] [Decorations] CAPPING events from decorations provider vscode.git 611
2024-07-09 15:42:59.091 [warning] [Decorations] CAPPING events from decorations provider vscode.git 611
2024-07-09 15:43:04.122 [warning] [Decorations] CAPPING events from decorations provider vscode.git 611
2024-07-09 15:43:09.161 [warning] [Decorations] CAPPING events from decorations provider vscode.git 611
2024-07-09 15:43:14.190 [warning] [Decorations] CAPPING events from decorations provider vscode.git 611
2024-07-09 15:43:19.229 [warning] [Decorations] CAPPING events from decorations provider vscode.git 611
2024-07-09 15:43:24.262 [warning] [Decorations] CAPPING events from decorations provider vscode.git 611
2024-07-09 15:43:29.296 [warning] [Decorations] CAPPING events from decorations provider vscode.git 611
2024-07-09 15:43:34.331 [warning] [Decorations] CAPPING events from decorations provider vscode.git 611
2024-07-09 15:43:39.361 [warning] [Decorations] CAPPING events from decorations provider vscode.git 611
2024-07-09 15:43:44.392 [warning] [Decorations] CAPPING events from decorations provider vscode.git 611
2024-07-09 15:43:49.419 [warning] [Decorations] CAPPING events from decorations provider vscode.git 611
2024-07-09 15:43:54.453 [warning] [Decorations] CAPPING events from decorations provider vscode.git 611
2024-07-09 15:43:59.492 [warning] [Decorations] CAPPING events from decorations provider vscode.git 611
2024-07-09 15:44:04.535 [warning] [Decorations] CAPPING events from decorations provider vscode.git 611
2024-07-09 15:44:09.574 [warning] [Decorations] CAPPING events from decorations provider vscode.git 611
2024-07-09 15:44:14.617 [warning] [Decorations] CAPPING events from decorations provider vscode.git 611
2024-07-09 15:44:19.652 [warning] [Decorations] CAPPING events from decorations provider vscode.git 611
2024-07-09 15:44:24.687 [warning] [Decorations] CAPPING events from decorations provider vscode.git 611
2024-07-09 15:44:29.727 [warning] [Decorations] CAPPING events from decorations provider vscode.git 611
2024-07-09 15:44:34.766 [warning] [Decorations] CAPPING events from decorations provider vscode.git 611
2024-07-09 15:44:39.805 [warning] [Decorations] CAPPING events from decorations provider vscode.git 611
2024-07-09 15:44:44.837 [warning] [Decorations] CAPPING events from decorations provider vscode.git 611
2024-07-09 15:44:49.868 [warning] [Decorations] CAPPING events from decorations provider vscode.git 612
2024-07-09 15:44:54.898 [warning] [Decorations] CAPPING events from decorations provider vscode.git 613
2024-07-09 15:44:59.932 [warning] [Decorations] CAPPING events from decorations provider vscode.git 612
2024-07-09 15:45:04.959 [warning] [Decorations] CAPPING events from decorations provider vscode.git 612
2024-07-09 15:45:09.996 [warning] [Decorations] CAPPING events from decorations provider vscode.git 612
2024-07-09 15:45:15.023 [warning] [Decorations] CAPPING events from decorations provider vscode.git 613
2024-07-09 15:45:20.048 [warning] [Decorations] CAPPING events from decorations provider vscode.git 614
2024-07-09 15:45:25.071 [warning] [Decorations] CAPPING events from decorations provider vscode.git 614
2024-07-09 15:45:30.099 [warning] [Decorations] CAPPING events from decorations provider vscode.git 614
2024-07-09 15:45:35.134 [warning] [Decorations] CAPPING events from decorations provider vscode.git 614
2024-07-09 15:45:58.447 [warning] [Decorations] CAPPING events from decorations provider vscode.git 614
2024-07-09 15:46:03.492 [warning] [Decorations] CAPPING events from decorations provider vscode.git 615
2024-07-09 15:46:08.523 [warning] [Decorations] CAPPING events from decorations provider vscode.git 614
2024-07-09 15:46:20.977 [warning] [Decorations] CAPPING events from decorations provider vscode.git 614
2024-07-09 15:46:26.013 [warning] [Decorations] CAPPING events from decorations provider vscode.git 614
2024-07-09 15:46:31.043 [warning] [Decorations] CAPPING events from decorations provider vscode.git 615
2024-07-09 15:48:08.042 [warning] [Decorations] CAPPING events from decorations provider vscode.git 615
2024-07-09 15:48:13.084 [warning] [Decorations] CAPPING events from decorations provider vscode.git 615
2024-07-09 15:48:33.577 [warning] [Decorations] CAPPING events from decorations provider vscode.git 615
2024-07-09 15:48:38.615 [warning] [Decorations] CAPPING events from decorations provider vscode.git 615
2024-07-09 15:58:14.670 [warning] [Decorations] CAPPING events from decorations provider vscode.git 616
2024-07-09 15:58:19.700 [warning] [Decorations] CAPPING events from decorations provider vscode.git 617
2024-07-09 16:14:07.276 [warning] [Decorations] CAPPING events from decorations provider vscode.git 618
2024-07-09 16:14:18.808 [warning] [Decorations] CAPPING events from decorations provider vscode.git 618
2024-07-09 16:14:23.840 [warning] [Decorations] CAPPING events from decorations provider vscode.git 618
2024-07-09 16:14:28.872 [warning] [Decorations] CAPPING events from decorations provider vscode.git 619
2024-07-09 17:40:06.178 [warning] [Decorations] CAPPING events from decorations provider vscode.git 620
