2024-07-09 19:13:34.523 [info] Added views:workbench.panel.markers.view in workbench.panel.markers
2024-07-09 19:13:34.523 [info] Added views:workbench.panel.output in workbench.panel.output
2024-07-09 19:13:34.523 [info] Added views:terminal in terminal
2024-07-09 19:13:34.523 [info] Added views:outline in workbench.view.explorer
2024-07-09 19:13:34.523 [info] Added views:workbench.scm in workbench.view.scm
2024-07-09 19:13:34.523 [info] Added views:workbench.view.search in workbench.view.search
2024-07-09 19:13:34.523 [info] Added views:timeline in workbench.view.explorer
2024-07-09 19:13:34.523 [info] Added views:workbench.explorer.emptyView in workbench.view.explorer
2024-07-09 19:13:35.817 [info] Added views:workbench.debug.variablesView,workbench.debug.watchExpressionsView,workbench.debug.callStackView,workbench.debug.breakPointsView in workbench.view.debug
2024-07-09 19:13:35.851 [info] Added views:workbench.panel.repl.view in workbench.panel.repl
2024-07-09 19:13:35.853 [info] Removed views:workbench.debug.breakPointsView,workbench.debug.callStackView,workbench.debug.watchExpressionsView,workbench.debug.variablesView from workbench.view.debug
2024-07-09 19:13:35.854 [info] Added views:workbench.debug.welcome in workbench.view.debug
2024-07-09 19:13:36.721 [info] Added views:~remote.forwardedPorts in ~remote.forwardedPortsContainer
2024-07-09 19:14:17.454 [info] Added views:workbench.panel.markers.view in workbench.panel.markers
2024-07-09 19:14:17.455 [info] Added views:workbench.panel.output in workbench.panel.output
2024-07-09 19:14:17.455 [info] Added views:terminal in terminal
2024-07-09 19:14:17.455 [info] Added views:outline in workbench.view.explorer
2024-07-09 19:14:17.455 [info] Added views:workbench.scm in workbench.view.scm
2024-07-09 19:14:17.455 [info] Added views:workbench.view.search in workbench.view.search
2024-07-09 19:14:17.455 [info] Added views:timeline in workbench.view.explorer
2024-07-09 19:14:17.455 [info] Added views:workbench.explorer.fileView in workbench.view.explorer
2024-07-09 19:14:17.762 [info] Added views:workbench.debug.welcome in workbench.view.debug
2024-07-09 19:14:19.187 [info] Added views:workbench.panel.repl.view in workbench.panel.repl
2024-07-09 19:14:21.435 [info] Added views:~remote.forwardedPorts in ~remote.forwardedPortsContainer
