2024-07-07 17:02:18.575 [info] Extension host with pid 26599 started
2024-07-07 17:02:18.575 [info] Skipping acquiring lock for /root/devcamp/new_app/~/root/User/workspaceStorage/b2fd33c8a30321281fb6c97f76845cac.
2024-07-07 17:02:19.226 [info] ExtensionService#_doActivateExtension vscode.emmet, startup: false, activationEvent: 'onLanguage'
2024-07-07 17:02:19.671 [info] ExtensionService#_doActivateExtension vscode.git-base, startup: true, activationEvent: '*', root cause: vscode.git
2024-07-07 17:02:19.830 [info] ExtensionService#_doActivateExtension vscode.git, startup: true, activationEvent: '*'
2024-07-07 17:02:19.913 [info] ExtensionService#_doActivateExtension vscode.github, startup: true, activationEvent: '*'
2024-07-07 17:02:20.562 [info] Eager extensions activated
2024-07-07 17:02:20.937 [warning] [Decorations] CAPPING events from decorations provider vscode.git 391
2024-07-07 17:02:21.476 [info] ExtensionService#_doActivateExtension vscode.debug-auto-launch, startup: false, activationEvent: 'onStartupFinished'
2024-07-07 17:02:21.498 [info] ExtensionService#_doActivateExtension vscode.merge-conflict, startup: false, activationEvent: 'onStartupFinished'
2024-07-07 17:02:22.017 [warning] [Decorations] CAPPING events from decorations provider vscode.git 394
2024-07-07 17:02:22.692 [info] ExtensionService#_doActivateExtension vscode.github-authentication, startup: false, activationEvent: 'onAuthenticationRequest:github'
2024-07-07 17:02:23.464 [error] Error: No such branch: master.
	at F.getBranch (/snap/code/163/usr/share/code/resources/app/extensions/git/dist/main.js:2:935457)
	at async T.retryRun (/snap/code/163/usr/share/code/resources/app/extensions/git/dist/main.js:2:1028070)
	at async T.run (/snap/code/163/usr/share/code/resources/app/extensions/git/dist/main.js:2:1027674)
	at async T.getBranch (/snap/code/163/usr/share/code/resources/app/extensions/git/dist/main.js:2:1016055)
	at async T.getBranchBase (/snap/code/163/usr/share/code/resources/app/extensions/git/dist/main.js:2:1016341)
	at async t.GitHistoryProvider.resolveHEADMergeBase (/snap/code/163/usr/share/code/resources/app/extensions/git/dist/main.js:2:945804)
	at async t.GitHistoryProvider.onDidRunGitStatus (/snap/code/163/usr/share/code/resources/app/extensions/git/dist/main.js:2:940157)
2024-07-07 17:02:23.651 [error] Error: No such branch: master.
	at F.getBranch (/snap/code/163/usr/share/code/resources/app/extensions/git/dist/main.js:2:935457)
	at async T.retryRun (/snap/code/163/usr/share/code/resources/app/extensions/git/dist/main.js:2:1028070)
	at async T.run (/snap/code/163/usr/share/code/resources/app/extensions/git/dist/main.js:2:1027674)
	at async T.getBranch (/snap/code/163/usr/share/code/resources/app/extensions/git/dist/main.js:2:1016055)
	at async T.getBranchBase (/snap/code/163/usr/share/code/resources/app/extensions/git/dist/main.js:2:1016341)
	at async t.GitHistoryProvider.resolveHEADMergeBase (/snap/code/163/usr/share/code/resources/app/extensions/git/dist/main.js:2:945804)
	at async t.GitHistoryProvider.onDidRunGitStatus (/snap/code/163/usr/share/code/resources/app/extensions/git/dist/main.js:2:940157)
2024-07-07 17:02:25.792 [warning] [Decorations] CAPPING events from decorations provider vscode.git 398
2024-07-07 17:02:30.853 [warning] [Decorations] CAPPING events from decorations provider vscode.git 397
2024-07-07 17:02:35.913 [warning] [Decorations] CAPPING events from decorations provider vscode.git 397
2024-07-07 17:02:42.005 [warning] [Decorations] CAPPING events from decorations provider vscode.git 397
2024-07-07 17:02:50.935 [warning] [Decorations] CAPPING events from decorations provider vscode.git 398
